#
# A fatal error has been detected by the Java Runtime Environment:
#
#  EXCEPTION_ACCESS_VIOLATION (0xc0000005) at pc=0x00007ff8e1e862d7, pid=39456, tid=39544
#
# JRE version: OpenJDK Runtime Environment (17.0.2+8) (build 17.0.2+8-86)
# Java VM: OpenJDK 64-Bit Server VM (17.0.2+8-86, mixed mode, sharing, tiered, compressed oops, compressed class ptrs, g1 gc, windows-amd64)
# Problematic frame:
# C  [glass.dll+0x262d7]
#
# No core dump will be written. Minidumps are not enabled by default on client versions of Windows
#
# If you would like to submit a bug report, please visit:
#   https://bugreport.java.com/bugreport/crash.jsp
#

---------------  S U M M A R Y ------------

Command Line: --module-path=C:\Users\37544\Downloads\openjfx-18.0.2_windows-x64_bin-sdk\javafx-sdk-18.0.2\lib --add-modules=javafx.controls,javafx.fxml -javaagent:C:\Program Files\JetBrains\IntelliJ IDEA 2022.2.1\lib\idea_rt.jar=54272:C:\Program Files\JetBrains\IntelliJ IDEA 2022.2.1\bin -Dfile.encoding=UTF-8 Main

Host: AMD Ryzen 5 4600H with Radeon Graphics         , 12 cores, 7G,  Windows 10 , 64 bit Build 19041 (10.0.19041.2251)
Time: Tue Dec 13 01:03:46 2022  Windows 10 , 64 bit Build 19041 (10.0.19041.2251) elapsed time: 77.602921 seconds (0d 0h 1m 17s)

---------------  T H R E A D  ---------------

Current thread (0x00000203a6e99100):  VMThread "VM Thread" [stack: 0x000000f538300000,0x000000f538400000] [id=39544]

Stack: [0x000000f538300000,0x000000f538400000],  sp=0x000000f5383fed40,  free space=1019k
Native frames: (J=compiled Java code, j=interpreted, Vv=VM code, C=native code)
C  [glass.dll+0x262d7]


siginfo: EXCEPTION_ACCESS_VIOLATION (0xc0000005), reading address 0x0000000000000000


Register to memory mapping:

RIP=0x00007ff8e1e862d7 glass.dll
RAX=0x0 is NULL
RBX=0x00000203a6eaa070 is a global jni handle
RCX=0x00000203a6e99100 points into unknown readable memory: 0x00007ff8da77e880 | 80 e8 77 da f8 7f 00 00
RDX=0x000000f5383fed40 points into unknown readable memory: 0x0000000000000000 | 00 00 00 00 00 00 00 00
RSP=0x000000f5383fed40 points into unknown readable memory: 0x0000000000000000 | 00 00 00 00 00 00 00 00
RBP=0x00000203a87cbfa8 points into unknown readable memory: 0x0000433bfb3c1a41 | 41 1a 3c fb 3b 43 00 00
RSI=0x00000203a87cbf80 points into unknown readable memory: 0x0000bcca38ec77f9 | f9 77 ec 38 ca bc 00 00
RDI=0x0000433bfb3c1a41 is an unknown value
R8 =0x0000000000010002 is an unknown value
R9 =0x0000433bfb3c1a41 is an unknown value
R10=0x0000000000008000 is an unknown value
R11=0x000000f5383fecd0 points into unknown readable memory: 0x00000203a87cbf80 | 80 bf 7c a8 03 02 00 00
R12=0x00007ff8e1e83bc4 glass.dll
R13=0x00007ff8da9249d0 jvm.dll
R14=0x000000f5383fee38 points into unknown readable memory: 0x000000f5383fee20 | 20 ee 3f 38 f5 00 00 00
R15=0x00000203a87cbf80 points into unknown readable memory: 0x0000bcca38ec77f9 | f9 77 ec 38 ca bc 00 00


Registers:
RAX=0x0000000000000000, RBX=0x00000203a6eaa070, RCX=0x00000203a6e99100, RDX=0x000000f5383fed40
RSP=0x000000f5383fed40, RBP=0x00000203a87cbfa8, RSI=0x00000203a87cbf80, RDI=0x0000433bfb3c1a41
R8 =0x0000000000010002, R9 =0x0000433bfb3c1a41, R10=0x0000000000008000, R11=0x000000f5383fecd0
R12=0x00007ff8e1e83bc4, R13=0x00007ff8da9249d0, R14=0x000000f5383fee38, R15=0x00000203a87cbf80
RIP=0x00007ff8e1e862d7, EFLAGS=0x0000000000010202

Top of Stack: (sp=0x000000f5383fed40)
0x000000f5383fed40:   0000000000000000 00000203a87cbf80
0x000000f5383fed50:   00007ff8da9249d0 00007ff8e1e83bc4
0x000000f5383fed60:   00000203a87cbf88 00007ff9150042d6
0x000000f5383fed70:   0000433bfb3c1a41 0000020300000000
0x000000f5383fed80:   00000203a87cbfa8 00000203a87cbf80
0x000000f5383fed90:   fffffffffffffffe 0000000000000000
0x000000f5383feda0:   0000000000000001 00007ff8e1e60000
0x000000f5383fedb0:   000000f5383fee28 00007ff9150041fb
0x000000f5383fedc0:   0000000000000000 000000f5383fee38
0x000000f5383fedd0:   000000f5383ff100 00007ff9150e0e40
0x000000f5383fede0:   0000000000000001 00007ff9150041b4
0x000000f5383fedf0:   0000000000000000 0000000000000001
0x000000f5383fee00:   0000000000000000 000000f5383fee28
0x000000f5383fee10:   0000000000000001 00007ff8e1e83a51
0x000000f5383fee20:   00007ff8e1e99f88 00007ff900000002
0x000000f5383fee30:   0000000000000002 000000f5383fee20 

Instructions: (pc=0x00007ff8e1e862d7)
0x00007ff8e1e861d7:   8b 4d 58 e8 2d cf ff ff 48 8b 4d 60 e8 24 cf ff
0x00007ff8e1e861e7:   ff 48 8b 95 80 00 00 00 48 8b 8d 18 01 00 00 e8
0x00007ff8e1e861f7:   16 c4 ff ff 33 d2 33 c9 e8 5c e1 ff ff 90 48 89
0x00007ff8e1e86207:   54 24 10 55 48 83 ec 20 48 8b ea 48 b8 00 00 00
0x00007ff8e1e86217:   00 00 00 00 00 48 83 c4 20 5d c3 cc 40 55 48 8b
0x00007ff8e1e86227:   ea 48 8b 01 33 c9 81 38 05 00 00 c0 0f 94 c1 8b
0x00007ff8e1e86237:   c1 5d c3 cc 40 55 48 83 ec 20 48 8b ea 8a 4d 40
0x00007ff8e1e86247:   48 83 c4 20 5d e9 17 d3 ff ff cc 40 55 48 83 ec
0x00007ff8e1e86257:   20 48 8b ea 8a 4d 20 e8 05 d3 ff ff 90 48 83 c4
0x00007ff8e1e86267:   20 5d c3 cc 40 55 48 83 ec 20 48 8b ea 48 83 c4
0x00007ff8e1e86277:   20 5d e9 66 d1 ff ff cc 40 55 48 83 ec 30 48 8b
0x00007ff8e1e86287:   ea 48 8b 01 8b 10 48 89 4c 24 28 89 54 24 20 4c
0x00007ff8e1e86297:   8d 0d 07 d6 ff ff 4c 8b 45 70 8b 55 68 48 8b 4d
0x00007ff8e1e862a7:   60 e8 a7 d0 ff ff 90 48 83 c4 30 5d c3 cc cc cc
0x00007ff8e1e862b7:   cc cc cc cc cc cc cc cc cc 40 53 48 83 ec 20 48
0x00007ff8e1e862c7:   8b 1d bb 36 01 00 48 85 db 74 16 e8 59 8b ff ff
0x00007ff8e1e862d7:   4c 8b 00 48 8b d3 48 8b c8 41 ff 90 b0 00 00 00
0x00007ff8e1e862e7:   90 48 83 c4 20 5b c3 cc cc 40 53 48 83 ec 20 48
0x00007ff8e1e862f7:   8b 1d 2b 38 01 00 48 85 db 74 57 b8 ff ff ff ff
0x00007ff8e1e86307:   f0 0f c1 43 10 83 f8 01 75 3d 48 85 db 74 38 48
0x00007ff8e1e86317:   8b 0b 48 85 c9 74 0d ff 15 84 0f 00 00 48 c7 03
0x00007ff8e1e86327:   00 00 00 00 48 8b 4b 08 48 85 c9 74 0d e8 d3 cd
0x00007ff8e1e86337:   ff ff 48 c7 43 08 00 00 00 00 ba 18 00 00 00 48
0x00007ff8e1e86347:   8b cb e8 be cd ff ff 48 c7 05 cf 37 01 00 00 00
0x00007ff8e1e86357:   00 00 48 83 c4 20 5b c3 cc 40 53 48 83 ec 20 48
0x00007ff8e1e86367:   8b 1d 9b 37 01 00 48 85 db 74 57 b8 ff ff ff ff
0x00007ff8e1e86377:   f0 0f c1 43 10 83 f8 01 75 3d 48 85 db 74 38 48
0x00007ff8e1e86387:   8b 0b 48 85 c9 74 0d ff 15 14 0f 00 00 48 c7 03
0x00007ff8e1e86397:   00 00 00 00 48 8b 4b 08 48 85 c9 74 0d e8 63 cd
0x00007ff8e1e863a7:   ff ff 48 c7 43 08 00 00 00 00 ba 18 00 00 00 48
0x00007ff8e1e863b7:   8b cb e8 4e cd ff ff 48 c7 05 3f 37 01 00 00 00
0x00007ff8e1e863c7:   00 00 48 83 c4 20 5b c3 cc 40 53 48 83 ec 20 48 


Stack slot to memory mapping:
stack at sp + 0 slots: 0x0 is NULL
stack at sp + 1 slots: 0x00000203a87cbf80 points into unknown readable memory: 0x0000bcca38ec77f9 | f9 77 ec 38 ca bc 00 00
stack at sp + 2 slots: 0x00007ff8da9249d0 jvm.dll
stack at sp + 3 slots: 0x00007ff8e1e83bc4 glass.dll
stack at sp + 4 slots: 0x00000203a87cbf88 points into unknown readable memory: 0x0000433bfb3c1a41 | 41 1a 3c fb 3b 43 00 00
stack at sp + 5 slots: 0x00007ff9150042d6 ucrtbase.dll
stack at sp + 6 slots: 0x0000433bfb3c1a41 is an unknown value
stack at sp + 7 slots: 0x0000020300000000 is an unknown value

VM_Operation (0x000000f537aff2e0): Exit, mode: safepoint, requested by thread 0x00000203b045ee50


---------------  P R O C E S S  ---------------

Threads class SMR info:
_java_thread_list=0x00000203a8dde910, length=21, elements={
0x0000020386f2dc30, 0x00000203a6e9dd00, 0x00000203a6ea0980, 0x00000203a6eb7cb0,
0x00000203a6eb8660, 0x00000203a6eb9010, 0x00000203a6eb99c0, 0x00000203a6ebdc50,
0x00000203a6ec6700, 0x00000203a6ec9ce0, 0x00000203a6e87020, 0x00000203a83643e0,
0x00000203a80a23e0, 0x00000203a85ad010, 0x00000203a87f7800, 0x00000203a87879b0,
0x00000203a8658440, 0x00000203a8036040, 0x00000203a94ba350, 0x00000203b045e980,
0x00000203b045ee50
}

Java Threads: ( => current thread )
  0x0000020386f2dc30 JavaThread "main" [_thread_blocked, id=34880, stack(0x000000f537d00000,0x000000f537e00000)]
  0x00000203a6e9dd00 JavaThread "Reference Handler" daemon [_thread_blocked, id=37596, stack(0x000000f538400000,0x000000f538500000)]
  0x00000203a6ea0980 JavaThread "Finalizer" daemon [_thread_blocked, id=34728, stack(0x000000f538500000,0x000000f538600000)]
  0x00000203a6eb7cb0 JavaThread "Signal Dispatcher" daemon [_thread_blocked, id=8528, stack(0x000000f538600000,0x000000f538700000)]
  0x00000203a6eb8660 JavaThread "Attach Listener" daemon [_thread_blocked, id=38616, stack(0x000000f538700000,0x000000f538800000)]
  0x00000203a6eb9010 JavaThread "Service Thread" daemon [_thread_blocked, id=37564, stack(0x000000f538800000,0x000000f538900000)]
  0x00000203a6eb99c0 JavaThread "Monitor Deflation Thread" daemon [_thread_blocked, id=35348, stack(0x000000f538900000,0x000000f538a00000)]
  0x00000203a6ebdc50 JavaThread "C2 CompilerThread0" daemon [_thread_blocked, id=37468, stack(0x000000f538a00000,0x000000f538b00000)]
  0x00000203a6ec6700 JavaThread "C1 CompilerThread0" daemon [_thread_blocked, id=27020, stack(0x000000f538b00000,0x000000f538c00000)]
  0x00000203a6ec9ce0 JavaThread "Sweeper thread" daemon [_thread_blocked, id=38832, stack(0x000000f538c00000,0x000000f538d00000)]
  0x00000203a6e87020 JavaThread "Common-Cleaner" daemon [_thread_blocked, id=4652, stack(0x000000f538d00000,0x000000f538e00000)]
  0x00000203a83643e0 JavaThread "Monitor Ctrl-Break" daemon [_thread_in_native, id=39120, stack(0x000000f539000000,0x000000f539100000)]
  0x00000203a80a23e0 JavaThread "Notification Thread" daemon [_thread_blocked, id=28204, stack(0x000000f539100000,0x000000f539200000)]
  0x00000203a85ad010 JavaThread "QuantumRenderer-0" daemon [_thread_blocked, id=34868, stack(0x000000f538f00000,0x000000f539000000)]
  0x00000203a87f7800 JavaThread "InvokeLaterDispatcher" daemon [_thread_blocked, id=28200, stack(0x000000f539500000,0x000000f539600000)]
  0x00000203a87879b0 JavaThread "JavaFX Application Thread" [_thread_blocked, id=36016, stack(0x000000f539600000,0x000000f539700000)]
  0x00000203a8658440 JavaThread "JavaFX-Launcher" [_thread_blocked, id=39748, stack(0x000000f53a000000,0x000000f53a100000)]
  0x00000203a8036040 JavaThread "Thread-2" daemon [_thread_in_native, id=14772, stack(0x000000f539f00000,0x000000f53a000000)]
  0x00000203a94ba350 JavaThread "Prism Font Disposer" daemon [_thread_blocked, id=912, stack(0x000000f53a800000,0x000000f53a900000)]
  0x00000203b045e980 JavaThread "Cleaner-0" daemon [_thread_blocked, id=37644, stack(0x000000f53a900000,0x000000f53aa00000)]
  0x00000203b045ee50 JavaThread "SIGINT handler" daemon [_thread_blocked, id=14384, stack(0x000000f537a00000,0x000000f537b00000)]

Other Threads:
=>0x00000203a6e99100 VMThread "VM Thread" [stack: 0x000000f538300000,0x000000f538400000] [id=39544]
  0x0000020386f6af50 GCTaskThread "GC Thread#0" [stack: 0x000000f537e00000,0x000000f537f00000] [id=8868]
  0x00000203a8c78bf0 GCTaskThread "GC Thread#1" [stack: 0x000000f53a100000,0x000000f53a200000] [id=892]
  0x00000203a8c7f970 GCTaskThread "GC Thread#2" [stack: 0x000000f53a200000,0x000000f53a300000] [id=38248]
  0x00000203a8c7fc20 GCTaskThread "GC Thread#3" [stack: 0x000000f53a300000,0x000000f53a400000] [id=22376]
  0x00000203a83f0d10 GCTaskThread "GC Thread#4" [stack: 0x000000f53a400000,0x000000f53a500000] [id=30192]
  0x00000203a83f0fc0 GCTaskThread "GC Thread#5" [stack: 0x000000f53a500000,0x000000f53a600000] [id=3448]
  0x00000203b0209c90 GCTaskThread "GC Thread#6" [stack: 0x000000f53aa00000,0x000000f53ab00000] [id=37184]
  0x00000203b04483a0 GCTaskThread "GC Thread#7" [stack: 0x000000f53ab00000,0x000000f53ac00000] [id=39608]
  0x00000203b045d340 GCTaskThread "GC Thread#8" [stack: 0x000000f53ac00000,0x000000f53ad00000] [id=37900]
  0x00000203b04b8940 GCTaskThread "GC Thread#9" [stack: 0x000000f53ad00000,0x000000f53ae00000] [id=22380]
  0x0000020386f7aa90 ConcurrentGCThread "G1 Main Marker" terminated
  0x0000020386f7bc40 ConcurrentGCThread "G1 Conc#0" [stack: 0x000000f538000000,0x000000f538100000] [id=37572]
  0x0000020386ffe6e0 ConcurrentGCThread "G1 Refine#0" terminated
  0x0000020386fff100 ConcurrentGCThread "G1 Service" terminated

Threads with active compile tasks:

VM state: at safepoint (shutting down)

VM Mutex/Monitor currently owned by a thread:  ([mutex/lock_event])
[0x0000020386f2a9e0] Threads_lock - owner thread: 0x00000203a6e99100
[0x0000020386f2a7a0] Heap_lock - owner thread: 0x00000203b045ee50

Heap address: 0x000000008a000000, size: 1888 MB, Compressed Oops mode: 32-bit

CDS archive(s) mapped at: [0x0000000800000000-0x0000000800bc0000-0x0000000800bc0000), size 12320768, SharedBaseAddress: 0x0000000800000000, ArchiveRelocationMode: 0.
Compressed class space mapped at: 0x0000000800c00000-0x0000000840c00000, reserved size: 1073741824
Narrow klass base: 0x0000000800000000, Narrow klass shift: 0, Narrow klass range: 0x100000000

GC Precious Log:
 CPUs: 12 total, 12 available
 Memory: 7549M
 Large Page Support: Disabled
 NUMA Support: Disabled
 Compressed Oops: Enabled (32-bit)
 Heap Region Size: 1M
 Heap Min Capacity: 8M
 Heap Initial Capacity: 118M
 Heap Max Capacity: 1888M
 Pre-touch: Disabled
 Parallel Workers: 10
 Concurrent Workers: 3
 Concurrent Refinement Workers: 10
 Periodic GC: Disabled

Heap:
 garbage-first heap   total 120832K, used 33713K [0x000000008a000000, 0x0000000100000000)
  region size 1024K, 29 young (29696K), 5 survivors (5120K)
 Metaspace       used 17433K, committed 17728K, reserved 1064960K
  class space    used 2469K, committed 2624K, reserved 1048576K

Heap Regions: E=young(eden), S=young(survivor), O=old, HS=humongous(starts), HC=humongous(continues), CS=collection set, F=free, OA=open archive, CA=closed archive, TAMS=top-at-mark-start (previous, next)
|   0|0x000000008a000000, 0x000000008a100000, 0x000000008a100000|100%| O|  |TAMS 0x000000008a000000, 0x000000008a000000| Untracked 
|   1|0x000000008a100000, 0x000000008a200000, 0x000000008a200000|100%| O|  |TAMS 0x000000008a100000, 0x000000008a100000| Untracked 
|   2|0x000000008a200000, 0x000000008a300000, 0x000000008a300000|100%| O|  |TAMS 0x000000008a200000, 0x000000008a200000| Untracked 
|   3|0x000000008a300000, 0x000000008a38da00, 0x000000008a400000| 55%| O|  |TAMS 0x000000008a300000, 0x000000008a300000| Untracked 
|   4|0x000000008a400000, 0x000000008a500000, 0x000000008a500000|100%|HS|  |TAMS 0x000000008a400000, 0x000000008a400000| Complete 
|   5|0x000000008a500000, 0x000000008a600000, 0x000000008a600000|100%|HC|  |TAMS 0x000000008a500000, 0x000000008a500000| Complete 
|   6|0x000000008a600000, 0x000000008a600000, 0x000000008a700000|  0%| F|  |TAMS 0x000000008a600000, 0x000000008a600000| Untracked 
|   7|0x000000008a700000, 0x000000008a700000, 0x000000008a800000|  0%| F|  |TAMS 0x000000008a700000, 0x000000008a700000| Untracked 
|   8|0x000000008a800000, 0x000000008a800000, 0x000000008a900000|  0%| F|  |TAMS 0x000000008a800000, 0x000000008a800000| Untracked 
|   9|0x000000008a900000, 0x000000008a900000, 0x000000008aa00000|  0%| F|  |TAMS 0x000000008a900000, 0x000000008a900000| Untracked 
|  10|0x000000008aa00000, 0x000000008aa00000, 0x000000008ab00000|  0%| F|  |TAMS 0x000000008aa00000, 0x000000008aa00000| Untracked 
|  11|0x000000008ab00000, 0x000000008ab00000, 0x000000008ac00000|  0%| F|  |TAMS 0x000000008ab00000, 0x000000008ab00000| Untracked 
|  12|0x000000008ac00000, 0x000000008ac00000, 0x000000008ad00000|  0%| F|  |TAMS 0x000000008ac00000, 0x000000008ac00000| Untracked 
|  13|0x000000008ad00000, 0x000000008ad00000, 0x000000008ae00000|  0%| F|  |TAMS 0x000000008ad00000, 0x000000008ad00000| Untracked 
|  14|0x000000008ae00000, 0x000000008ae00000, 0x000000008af00000|  0%| F|  |TAMS 0x000000008ae00000, 0x000000008ae00000| Untracked 
|  15|0x000000008af00000, 0x000000008af00000, 0x000000008b000000|  0%| F|  |TAMS 0x000000008af00000, 0x000000008af00000| Untracked 
|  16|0x000000008b000000, 0x000000008b000000, 0x000000008b100000|  0%| F|  |TAMS 0x000000008b000000, 0x000000008b000000| Untracked 
|  17|0x000000008b100000, 0x000000008b100000, 0x000000008b200000|  0%| F|  |TAMS 0x000000008b100000, 0x000000008b100000| Untracked 
|  18|0x000000008b200000, 0x000000008b200000, 0x000000008b300000|  0%| F|  |TAMS 0x000000008b200000, 0x000000008b200000| Untracked 
|  19|0x000000008b300000, 0x000000008b300000, 0x000000008b400000|  0%| F|  |TAMS 0x000000008b300000, 0x000000008b300000| Untracked 
|  20|0x000000008b400000, 0x000000008b400000, 0x000000008b500000|  0%| F|  |TAMS 0x000000008b400000, 0x000000008b400000| Untracked 
|  21|0x000000008b500000, 0x000000008b500000, 0x000000008b600000|  0%| F|  |TAMS 0x000000008b500000, 0x000000008b500000| Untracked 
|  22|0x000000008b600000, 0x000000008b600000, 0x000000008b700000|  0%| F|  |TAMS 0x000000008b600000, 0x000000008b600000| Untracked 
|  23|0x000000008b700000, 0x000000008b700000, 0x000000008b800000|  0%| F|  |TAMS 0x000000008b700000, 0x000000008b700000| Untracked 
|  24|0x000000008b800000, 0x000000008b800000, 0x000000008b900000|  0%| F|  |TAMS 0x000000008b800000, 0x000000008b800000| Untracked 
|  25|0x000000008b900000, 0x000000008b900000, 0x000000008ba00000|  0%| F|  |TAMS 0x000000008b900000, 0x000000008b900000| Untracked 
|  26|0x000000008ba00000, 0x000000008ba00000, 0x000000008bb00000|  0%| F|  |TAMS 0x000000008ba00000, 0x000000008ba00000| Untracked 
|  27|0x000000008bb00000, 0x000000008bb00000, 0x000000008bc00000|  0%| F|  |TAMS 0x000000008bb00000, 0x000000008bb00000| Untracked 
|  28|0x000000008bc00000, 0x000000008bc00000, 0x000000008bd00000|  0%| F|  |TAMS 0x000000008bc00000, 0x000000008bc00000| Untracked 
|  29|0x000000008bd00000, 0x000000008bd00000, 0x000000008be00000|  0%| F|  |TAMS 0x000000008bd00000, 0x000000008bd00000| Untracked 
|  30|0x000000008be00000, 0x000000008be00000, 0x000000008bf00000|  0%| F|  |TAMS 0x000000008be00000, 0x000000008be00000| Untracked 
|  31|0x000000008bf00000, 0x000000008bf00000, 0x000000008c000000|  0%| F|  |TAMS 0x000000008bf00000, 0x000000008bf00000| Untracked 
|  32|0x000000008c000000, 0x000000008c000000, 0x000000008c100000|  0%| F|  |TAMS 0x000000008c000000, 0x000000008c000000| Untracked 
|  33|0x000000008c100000, 0x000000008c100000, 0x000000008c200000|  0%| F|  |TAMS 0x000000008c100000, 0x000000008c100000| Untracked 
|  34|0x000000008c200000, 0x000000008c200000, 0x000000008c300000|  0%| F|  |TAMS 0x000000008c200000, 0x000000008c200000| Untracked 
|  35|0x000000008c300000, 0x000000008c300000, 0x000000008c400000|  0%| F|  |TAMS 0x000000008c300000, 0x000000008c300000| Untracked 
|  36|0x000000008c400000, 0x000000008c400000, 0x000000008c500000|  0%| F|  |TAMS 0x000000008c400000, 0x000000008c400000| Untracked 
|  37|0x000000008c500000, 0x000000008c500000, 0x000000008c600000|  0%| F|  |TAMS 0x000000008c500000, 0x000000008c500000| Untracked 
|  38|0x000000008c600000, 0x000000008c600000, 0x000000008c700000|  0%| F|  |TAMS 0x000000008c600000, 0x000000008c600000| Untracked 
|  39|0x000000008c700000, 0x000000008c700000, 0x000000008c800000|  0%| F|  |TAMS 0x000000008c700000, 0x000000008c700000| Untracked 
|  40|0x000000008c800000, 0x000000008c800000, 0x000000008c900000|  0%| F|  |TAMS 0x000000008c800000, 0x000000008c800000| Untracked 
|  41|0x000000008c900000, 0x000000008c900000, 0x000000008ca00000|  0%| F|  |TAMS 0x000000008c900000, 0x000000008c900000| Untracked 
|  42|0x000000008ca00000, 0x000000008ca00000, 0x000000008cb00000|  0%| F|  |TAMS 0x000000008ca00000, 0x000000008ca00000| Untracked 
|  43|0x000000008cb00000, 0x000000008cb00000, 0x000000008cc00000|  0%| F|  |TAMS 0x000000008cb00000, 0x000000008cb00000| Untracked 
|  44|0x000000008cc00000, 0x000000008cc00000, 0x000000008cd00000|  0%| F|  |TAMS 0x000000008cc00000, 0x000000008cc00000| Untracked 
|  45|0x000000008cd00000, 0x000000008cd00000, 0x000000008ce00000|  0%| F|  |TAMS 0x000000008cd00000, 0x000000008cd00000| Untracked 
|  46|0x000000008ce00000, 0x000000008ce00000, 0x000000008cf00000|  0%| F|  |TAMS 0x000000008ce00000, 0x000000008ce00000| Untracked 
|  47|0x000000008cf00000, 0x000000008cf00000, 0x000000008d000000|  0%| F|  |TAMS 0x000000008cf00000, 0x000000008cf00000| Untracked 
|  48|0x000000008d000000, 0x000000008d000000, 0x000000008d100000|  0%| F|  |TAMS 0x000000008d000000, 0x000000008d000000| Untracked 
|  49|0x000000008d100000, 0x000000008d100000, 0x000000008d200000|  0%| F|  |TAMS 0x000000008d100000, 0x000000008d100000| Untracked 
|  50|0x000000008d200000, 0x000000008d200000, 0x000000008d300000|  0%| F|  |TAMS 0x000000008d200000, 0x000000008d200000| Untracked 
|  51|0x000000008d300000, 0x000000008d300000, 0x000000008d400000|  0%| F|  |TAMS 0x000000008d300000, 0x000000008d300000| Untracked 
|  52|0x000000008d400000, 0x000000008d400000, 0x000000008d500000|  0%| F|  |TAMS 0x000000008d400000, 0x000000008d400000| Untracked 
|  53|0x000000008d500000, 0x000000008d500000, 0x000000008d600000|  0%| F|  |TAMS 0x000000008d500000, 0x000000008d500000| Untracked 
|  54|0x000000008d600000, 0x000000008d600000, 0x000000008d700000|  0%| F|  |TAMS 0x000000008d600000, 0x000000008d600000| Untracked 
|  55|0x000000008d700000, 0x000000008d700000, 0x000000008d800000|  0%| F|  |TAMS 0x000000008d700000, 0x000000008d700000| Untracked 
|  56|0x000000008d800000, 0x000000008d800000, 0x000000008d900000|  0%| F|  |TAMS 0x000000008d800000, 0x000000008d800000| Untracked 
|  57|0x000000008d900000, 0x000000008d900000, 0x000000008da00000|  0%| F|  |TAMS 0x000000008d900000, 0x000000008d900000| Untracked 
|  58|0x000000008da00000, 0x000000008da00000, 0x000000008db00000|  0%| F|  |TAMS 0x000000008da00000, 0x000000008da00000| Untracked 
|  59|0x000000008db00000, 0x000000008db00000, 0x000000008dc00000|  0%| F|  |TAMS 0x000000008db00000, 0x000000008db00000| Untracked 
|  60|0x000000008dc00000, 0x000000008dc00000, 0x000000008dd00000|  0%| F|  |TAMS 0x000000008dc00000, 0x000000008dc00000| Untracked 
|  61|0x000000008dd00000, 0x000000008dd00000, 0x000000008de00000|  0%| F|  |TAMS 0x000000008dd00000, 0x000000008dd00000| Untracked 
|  62|0x000000008de00000, 0x000000008de00000, 0x000000008df00000|  0%| F|  |TAMS 0x000000008de00000, 0x000000008de00000| Untracked 
|  63|0x000000008df00000, 0x000000008df00000, 0x000000008e000000|  0%| F|  |TAMS 0x000000008df00000, 0x000000008df00000| Untracked 
|  64|0x000000008e000000, 0x000000008e000000, 0x000000008e100000|  0%| F|  |TAMS 0x000000008e000000, 0x000000008e000000| Untracked 
|  65|0x000000008e100000, 0x000000008e100000, 0x000000008e200000|  0%| F|  |TAMS 0x000000008e100000, 0x000000008e100000| Untracked 
|  66|0x000000008e200000, 0x000000008e200000, 0x000000008e300000|  0%| F|  |TAMS 0x000000008e200000, 0x000000008e200000| Untracked 
|  67|0x000000008e300000, 0x000000008e300000, 0x000000008e400000|  0%| F|  |TAMS 0x000000008e300000, 0x000000008e300000| Untracked 
|  68|0x000000008e400000, 0x000000008e400000, 0x000000008e500000|  0%| F|  |TAMS 0x000000008e400000, 0x000000008e400000| Untracked 
|  69|0x000000008e500000, 0x000000008e500000, 0x000000008e600000|  0%| F|  |TAMS 0x000000008e500000, 0x000000008e500000| Untracked 
|  70|0x000000008e600000, 0x000000008e600000, 0x000000008e700000|  0%| F|  |TAMS 0x000000008e600000, 0x000000008e600000| Untracked 
|  71|0x000000008e700000, 0x000000008e700000, 0x000000008e800000|  0%| F|  |TAMS 0x000000008e700000, 0x000000008e700000| Untracked 
|  72|0x000000008e800000, 0x000000008e800000, 0x000000008e900000|  0%| F|  |TAMS 0x000000008e800000, 0x000000008e800000| Untracked 
|  73|0x000000008e900000, 0x000000008e900000, 0x000000008ea00000|  0%| F|  |TAMS 0x000000008e900000, 0x000000008e900000| Untracked 
|  74|0x000000008ea00000, 0x000000008ea00000, 0x000000008eb00000|  0%| F|  |TAMS 0x000000008ea00000, 0x000000008ea00000| Untracked 
|  75|0x000000008eb00000, 0x000000008eb00000, 0x000000008ec00000|  0%| F|  |TAMS 0x000000008eb00000, 0x000000008eb00000| Untracked 
|  76|0x000000008ec00000, 0x000000008ec00000, 0x000000008ed00000|  0%| F|  |TAMS 0x000000008ec00000, 0x000000008ec00000| Untracked 
|  77|0x000000008ed00000, 0x000000008ed00000, 0x000000008ee00000|  0%| F|  |TAMS 0x000000008ed00000, 0x000000008ed00000| Untracked 
|  78|0x000000008ee00000, 0x000000008ee00000, 0x000000008ef00000|  0%| F|  |TAMS 0x000000008ee00000, 0x000000008ee00000| Untracked 
|  79|0x000000008ef00000, 0x000000008ef5ed50, 0x000000008f000000| 37%| S|CS|TAMS 0x000000008ef00000, 0x000000008ef00000| Complete 
|  80|0x000000008f000000, 0x000000008f100000, 0x000000008f100000|100%| S|CS|TAMS 0x000000008f000000, 0x000000008f000000| Complete 
|  81|0x000000008f100000, 0x000000008f200000, 0x000000008f200000|100%| S|CS|TAMS 0x000000008f100000, 0x000000008f100000| Complete 
|  82|0x000000008f200000, 0x000000008f300000, 0x000000008f300000|100%| S|CS|TAMS 0x000000008f200000, 0x000000008f200000| Complete 
|  83|0x000000008f300000, 0x000000008f400000, 0x000000008f400000|100%| S|CS|TAMS 0x000000008f300000, 0x000000008f300000| Complete 
|  84|0x000000008f400000, 0x000000008f400000, 0x000000008f500000|  0%| F|  |TAMS 0x000000008f400000, 0x000000008f400000| Untracked 
|  85|0x000000008f500000, 0x000000008f500000, 0x000000008f600000|  0%| F|  |TAMS 0x000000008f500000, 0x000000008f500000| Untracked 
|  86|0x000000008f600000, 0x000000008f600000, 0x000000008f700000|  0%| F|  |TAMS 0x000000008f600000, 0x000000008f600000| Untracked 
|  87|0x000000008f700000, 0x000000008f700000, 0x000000008f800000|  0%| F|  |TAMS 0x000000008f700000, 0x000000008f700000| Untracked 
|  88|0x000000008f800000, 0x000000008f800000, 0x000000008f900000|  0%| F|  |TAMS 0x000000008f800000, 0x000000008f800000| Untracked 
|  89|0x000000008f900000, 0x000000008f900000, 0x000000008fa00000|  0%| F|  |TAMS 0x000000008f900000, 0x000000008f900000| Untracked 
|  90|0x000000008fa00000, 0x000000008fa00000, 0x000000008fb00000|  0%| F|  |TAMS 0x000000008fa00000, 0x000000008fa00000| Untracked 
|  91|0x000000008fb00000, 0x000000008fb00000, 0x000000008fc00000|  0%| F|  |TAMS 0x000000008fb00000, 0x000000008fb00000| Untracked 
|  92|0x000000008fc00000, 0x000000008fc00000, 0x000000008fd00000|  0%| F|  |TAMS 0x000000008fc00000, 0x000000008fc00000| Untracked 
|  93|0x000000008fd00000, 0x000000008fd00000, 0x000000008fe00000|  0%| F|  |TAMS 0x000000008fd00000, 0x000000008fd00000| Untracked 
|  94|0x000000008fe00000, 0x000000008fea6eb0, 0x000000008ff00000| 65%| E|  |TAMS 0x000000008fe00000, 0x000000008fe00000| Complete 
|  95|0x000000008ff00000, 0x0000000090000000, 0x0000000090000000|100%| E|CS|TAMS 0x000000008ff00000, 0x000000008ff00000| Complete 
|  96|0x0000000090000000, 0x0000000090100000, 0x0000000090100000|100%| E|CS|TAMS 0x0000000090000000, 0x0000000090000000| Complete 
|  97|0x0000000090100000, 0x0000000090200000, 0x0000000090200000|100%| E|CS|TAMS 0x0000000090100000, 0x0000000090100000| Complete 
|  98|0x0000000090200000, 0x0000000090300000, 0x0000000090300000|100%| E|CS|TAMS 0x0000000090200000, 0x0000000090200000| Complete 
|  99|0x0000000090300000, 0x0000000090400000, 0x0000000090400000|100%| E|CS|TAMS 0x0000000090300000, 0x0000000090300000| Complete 
| 100|0x0000000090400000, 0x0000000090500000, 0x0000000090500000|100%| E|CS|TAMS 0x0000000090400000, 0x0000000090400000| Complete 
| 101|0x0000000090500000, 0x0000000090600000, 0x0000000090600000|100%| E|CS|TAMS 0x0000000090500000, 0x0000000090500000| Complete 
| 102|0x0000000090600000, 0x0000000090700000, 0x0000000090700000|100%| E|CS|TAMS 0x0000000090600000, 0x0000000090600000| Complete 
| 103|0x0000000090700000, 0x0000000090800000, 0x0000000090800000|100%| E|CS|TAMS 0x0000000090700000, 0x0000000090700000| Complete 
| 104|0x0000000090800000, 0x0000000090900000, 0x0000000090900000|100%| E|CS|TAMS 0x0000000090800000, 0x0000000090800000| Complete 
| 105|0x0000000090900000, 0x0000000090a00000, 0x0000000090a00000|100%| E|CS|TAMS 0x0000000090900000, 0x0000000090900000| Complete 
| 106|0x0000000090a00000, 0x0000000090b00000, 0x0000000090b00000|100%| E|CS|TAMS 0x0000000090a00000, 0x0000000090a00000| Complete 
| 107|0x0000000090b00000, 0x0000000090c00000, 0x0000000090c00000|100%| E|CS|TAMS 0x0000000090b00000, 0x0000000090b00000| Complete 
| 108|0x0000000090c00000, 0x0000000090d00000, 0x0000000090d00000|100%| E|CS|TAMS 0x0000000090c00000, 0x0000000090c00000| Complete 
| 109|0x0000000090d00000, 0x0000000090e00000, 0x0000000090e00000|100%| E|CS|TAMS 0x0000000090d00000, 0x0000000090d00000| Complete 
| 110|0x0000000090e00000, 0x0000000090f00000, 0x0000000090f00000|100%| E|CS|TAMS 0x0000000090e00000, 0x0000000090e00000| Complete 
| 111|0x0000000090f00000, 0x0000000091000000, 0x0000000091000000|100%| E|CS|TAMS 0x0000000090f00000, 0x0000000090f00000| Complete 
| 112|0x0000000091000000, 0x0000000091100000, 0x0000000091100000|100%| E|CS|TAMS 0x0000000091000000, 0x0000000091000000| Complete 
| 113|0x0000000091100000, 0x0000000091200000, 0x0000000091200000|100%| E|CS|TAMS 0x0000000091100000, 0x0000000091100000| Complete 
| 114|0x0000000091200000, 0x0000000091300000, 0x0000000091300000|100%| E|CS|TAMS 0x0000000091200000, 0x0000000091200000| Complete 
| 115|0x0000000091300000, 0x0000000091400000, 0x0000000091400000|100%| E|CS|TAMS 0x0000000091300000, 0x0000000091300000| Complete 
| 116|0x0000000091400000, 0x0000000091500000, 0x0000000091500000|100%| E|CS|TAMS 0x0000000091400000, 0x0000000091400000| Complete 
| 117|0x0000000091500000, 0x0000000091600000, 0x0000000091600000|100%| E|CS|TAMS 0x0000000091500000, 0x0000000091500000| Complete 

Card table byte_map: [0x000002039ffe0000,0x00000203a0390000] _byte_map_base: 0x000002039fb90000

Marking Bits (Prev, Next): (CMBitMap*) 0x0000020386f6b560, (CMBitMap*) 0x0000020386f6b5a0
 Prev Bits: [0x00000203a0740000, 0x00000203a24c0000)
 Next Bits: [0x00000203a24c0000, 0x00000203a4240000)

Polling page: 0x0000020386cc0000

Metaspace:

Usage:
  Non-class:     14.61 MB used.
      Class:      2.41 MB used.
       Both:     17.02 MB used.

Virtual space:
  Non-class space:       16.00 MB reserved,      14.75 MB ( 92%) committed,  2 nodes.
      Class space:        1.00 GB reserved,       2.56 MB ( <1%) committed,  1 nodes.
             Both:        1.02 GB reserved,      17.31 MB (  2%) committed. 

Chunk freelists:
   Non-Class:  544.00 KB
       Class:  1.29 MB
        Both:  1.82 MB

MaxMetaspaceSize: unlimited
CompressedClassSpaceSize: 1.00 GB
Initial GC threshold: 21.00 MB
Current GC threshold: 21.00 MB
CDS: on
MetaspaceReclaimPolicy: balanced
 - commit_granule_bytes: 65536.
 - commit_granule_words: 8192.
 - virtual_space_node_default_size: 1048576.
 - enlarge_chunks_in_place: 1.
 - new_chunks_are_fully_committed: 0.
 - uncommit_free_chunks: 1.
 - use_allocation_guard: 0.
 - handle_deallocations: 1.


Internal statistics:

num_allocs_failed_limit: 0.
num_arena_births: 210.
num_arena_deaths: 0.
num_vsnodes_births: 3.
num_vsnodes_deaths: 0.
num_space_committed: 277.
num_space_uncommitted: 0.
num_chunks_returned_to_freelist: 0.
num_chunks_taken_from_freelist: 790.
num_chunk_merges: 0.
num_chunk_splits: 544.
num_chunks_enlarged: 422.
num_purges: 0.
num_inconsistent_stats: 0.

CodeHeap 'non-profiled nmethods': size=120000Kb used=1396Kb max_used=1396Kb free=118603Kb
 bounds [0x0000020397a80000, 0x0000020397cf0000, 0x000002039efb0000]
CodeHeap 'profiled nmethods': size=120000Kb used=6739Kb max_used=6739Kb free=113261Kb
 bounds [0x0000020390550000, 0x0000020390bf0000, 0x0000020397a80000]
CodeHeap 'non-nmethods': size=5760Kb used=1436Kb max_used=1522Kb free=4323Kb
 bounds [0x000002038ffb0000, 0x0000020390220000, 0x0000020390550000]
 total_blobs=4245 nmethods=3453 adapters=703
 compilation: enabled
              stopped_count=0, restarted_count=0
 full_count=0

Compilation events (20 events):
Event: 13.001 Thread 0x00000203a6ec6700 3444       3       javafx.beans.property.StringPropertyBase::invalidated (1 bytes)
Event: 13.001 Thread 0x00000203a6ec6700 nmethod 3444 0x0000020390bc3b90 code [0x0000020390bc3d20, 0x0000020390bc3e38]
Event: 13.017 Thread 0x00000203a6ec6700 3454 %     3       controllers.AdminController::initialize @ 94 (665 bytes)
Event: 13.022 Thread 0x00000203a6ec6700 nmethod 3454% 0x0000020390bc3f10 code [0x0000020390bc4ac0, 0x0000020390bcc418]
Event: 13.023 Thread 0x00000203a6ec6700 3455       3       controllers.AdminController::initialize (665 bytes)
Event: 13.028 Thread 0x00000203a6ec6700 nmethod 3455 0x0000020390bcea90 code [0x0000020390bcf640, 0x0000020390bd6e18]
Event: 13.041 Thread 0x00000203a6ebdc50 3456 %     4       controllers.AdminController::initialize @ 94 (665 bytes)
Event: 13.044 Thread 0x00000203a6ebdc50 nmethod 3456% 0x0000020397bdc210 code [0x0000020397bdc3c0, 0x0000020397bdc5c8]
Event: 68.049 Thread 0x00000203a6ec6700 3457       3       org.json.JSONTokener::back (41 bytes)
Event: 68.050 Thread 0x00000203a6ebdc50 3459       4       java.util.HashMap::<init> (11 bytes)
Event: 68.050 Thread 0x00000203a6ec6700 nmethod 3457 0x0000020390bd9410 code [0x0000020390bd95c0, 0x0000020390bd9878]
Event: 68.050 Thread 0x00000203a6ec6700 3458       3       org.json.JSONTokener::decrementIndexes (69 bytes)
Event: 68.050 Thread 0x00000203a6ebdc50 nmethod 3459 0x0000020397bdc810 code [0x0000020397bdc980, 0x0000020397bdc9f8]
Event: 68.050 Thread 0x00000203a6ec6700 nmethod 3458 0x0000020390bd9990 code [0x0000020390bd9b40, 0x0000020390bd9d78]
Event: 68.050 Thread 0x00000203a6ec6700 3460       3       java.nio.ByteBuffer::rewind (7 bytes)
Event: 68.050 Thread 0x00000203a6ec6700 nmethod 3460 0x0000020390bd9e10 code [0x0000020390bd9fa0, 0x0000020390bda118]
Event: 68.051 Thread 0x00000203a6ec6700 3461 %     3       controllers.AdminController::initialize @ 374 (665 bytes)
Event: 68.056 Thread 0x00000203a6ec6700 nmethod 3461% 0x0000020390bda210 code [0x0000020390bdadc0, 0x0000020390be2578]
Event: 68.081 Thread 0x00000203a6ebdc50 3462 %     4       controllers.AdminController::initialize @ 374 (665 bytes)
Event: 68.084 Thread 0x00000203a6ebdc50 nmethod 3462% 0x0000020397bdcb10 code [0x0000020397bdccc0, 0x0000020397bdcec8]

GC Heap History (4 events):
Event: 0.603 GC heap before
{Heap before GC invocations=0 (full 0):
 garbage-first heap   total 120832K, used 22528K [0x000000008a000000, 0x0000000100000000)
  region size 1024K, 23 young (23552K), 0 survivors (0K)
 Metaspace       used 5749K, committed 5952K, reserved 1056768K
  class space    used 717K, committed 832K, reserved 1048576K
}
Event: 0.607 GC heap after
{Heap after GC invocations=1 (full 0):
 garbage-first heap   total 120832K, used 3587K [0x000000008a000000, 0x0000000100000000)
  region size 1024K, 3 young (3072K), 3 survivors (3072K)
 Metaspace       used 5749K, committed 5952K, reserved 1056768K
  class space    used 717K, committed 832K, reserved 1048576K
}
Event: 1.350 GC heap before
{Heap before GC invocations=1 (full 0):
 garbage-first heap   total 120832K, used 35331K [0x000000008a000000, 0x0000000100000000)
  region size 1024K, 34 young (34816K), 3 survivors (3072K)
 Metaspace       used 13622K, committed 13824K, reserved 1064960K
  class space    used 2016K, committed 2112K, reserved 1048576K
}
Event: 1.356 GC heap after
{Heap after GC invocations=2 (full 0):
 garbage-first heap   total 120832K, used 8113K [0x000000008a000000, 0x0000000100000000)
  region size 1024K, 5 young (5120K), 5 survivors (5120K)
 Metaspace       used 13622K, committed 13824K, reserved 1064960K
  class space    used 2016K, committed 2112K, reserved 1048576K
}

Deoptimization events (20 events):
Event: 10.440 Thread 0x00000203a85ad010 DEOPT PACKING pc=0x0000020397b5850c sp=0x000000f538ffd180
Event: 10.440 Thread 0x00000203a85ad010 DEOPT UNPACKING pc=0x00000203900023a3 sp=0x000000f538ffd110 mode 2
Event: 10.441 Thread 0x00000203a85ad010 DEOPT PACKING pc=0x0000020390903cda sp=0x000000f538ffdf90
Event: 10.441 Thread 0x00000203a85ad010 DEOPT UNPACKING pc=0x0000020390002b43 sp=0x000000f538ffd3c8 mode 0
Event: 10.444 Thread 0x00000203a85ad010 DEOPT PACKING pc=0x0000020390903cda sp=0x000000f538ffdf90
Event: 10.444 Thread 0x00000203a85ad010 DEOPT UNPACKING pc=0x0000020390002b43 sp=0x000000f538ffd3c8 mode 0
Event: 10.446 Thread 0x00000203a85ad010 DEOPT PACKING pc=0x0000020390903cda sp=0x000000f538ffdf90
Event: 10.446 Thread 0x00000203a85ad010 DEOPT UNPACKING pc=0x0000020390002b43 sp=0x000000f538ffd3c8 mode 0
Event: 12.982 Thread 0x00000203a87879b0 Uncommon trap: trap_request=0xffffffde fr.pc=0x0000020397b6693c relative=0x00000000000001fc
Event: 12.982 Thread 0x00000203a87879b0 Uncommon trap: reason=class_check action=maybe_recompile pc=0x0000020397b6693c method=sun.nio.cs.StreamDecoder.inReady()Z @ 11 c2
Event: 12.982 Thread 0x00000203a87879b0 DEOPT PACKING pc=0x0000020397b6693c sp=0x000000f5396fa250
Event: 12.982 Thread 0x00000203a87879b0 DEOPT UNPACKING pc=0x00000203900023a3 sp=0x000000f5396fa218 mode 2
Event: 13.046 Thread 0x00000203a87879b0 DEOPT PACKING pc=0x0000020390bcb13a sp=0x000000f5396f9ad0
Event: 13.046 Thread 0x00000203a87879b0 DEOPT UNPACKING pc=0x0000020390002b43 sp=0x000000f5396f90e0 mode 0
Event: 68.049 Thread 0x00000203a87879b0 Uncommon trap: trap_request=0xffffff45 fr.pc=0x0000020397bdc48c relative=0x00000000000000cc
Event: 68.049 Thread 0x00000203a87879b0 Uncommon trap: reason=unstable_if action=reinterpret pc=0x0000020397bdc48c method=controllers.AdminController.initialize()V @ 99 c2
Event: 68.049 Thread 0x00000203a87879b0 DEOPT PACKING pc=0x0000020397bdc48c sp=0x000000f5396f9c90
Event: 68.049 Thread 0x00000203a87879b0 DEOPT UNPACKING pc=0x00000203900023a3 sp=0x000000f5396f9be8 mode 2
Event: 68.086 Thread 0x00000203a87879b0 DEOPT PACKING pc=0x0000020390be1758 sp=0x000000f5396f9ad0
Event: 68.086 Thread 0x00000203a87879b0 DEOPT UNPACKING pc=0x0000020390002b43 sp=0x000000f5396f90e0 mode 0

Classes unloaded (0 events):
No events

Classes redefined (0 events):
No events

Internal exceptions (20 events):
Event: 0.694 Thread 0x00000203a87879b0 Exception <a 'java/lang/ClassNotFoundException'{0x000000009115c1a0}: com/sun/glass/ui/win/themes_ru> (0x000000009115c1a0) 
thrown [t:\workspace\open\src\hotspot\share\prims\jni.cpp, line 535]
Event: 0.694 Thread 0x00000203a87879b0 Exception <a 'java/lang/ClassNotFoundException'{0x000000009115d5e0}: com/sun/glass/ui/win/themes_ru_RU> (0x000000009115d5e0) 
thrown [t:\workspace\open\src\hotspot\share\prims\jni.cpp, line 535]
Event: 0.769 Thread 0x00000203a87879b0 Exception <a 'java/lang/NoSuchMethodError'{0x0000000090c6d128}: 'void java.lang.invoke.DirectMethodHandle$Holder.invokeStaticInit(java.lang.Object, java.lang.Object)'> (0x0000000090c6d128) 
thrown [t:\workspace\open\src\hotspot\share\interpreter\linkResolver.cpp, line 766]
Event: 0.782 Thread 0x00000203a87879b0 Exception <a 'java/lang/NoSuchMethodError'{0x0000000090b288c8}: 'void java.lang.invoke.DirectMethodHandle$Holder.invokeSpecial(java.lang.Object, java.lang.Object, java.lang.Object, java.lang.Object, java.lang.Object)'> (0x0000000090b288c8) 
thrown [t:\workspace\open\src\hotspot\share\interpreter\linkResolver.cpp, line 766]
Event: 0.928 Thread 0x00000203a87879b0 Implicit null exception at 0x0000020397aa78d8 to 0x0000020397aa796e
Event: 0.966 Thread 0x00000203a87879b0 Implicit null exception at 0x0000020397adff0c to 0x0000020397ae032c
Event: 1.104 Thread 0x00000203a87879b0 Exception <a 'java/lang/ClassNotFoundException'{0x000000009008b450}: com/sun/javafx/scene/control/skin/resources/controls> (0x000000009008b450) 
thrown [t:\workspace\open\src\hotspot\share\prims\jni.cpp, line 535]
Event: 1.106 Thread 0x00000203a87879b0 Exception <a 'java/lang/ClassNotFoundException'{0x00000000900993f0}: com/sun/javafx/scene/control/skin/resources/controls_ru> (0x00000000900993f0) 
thrown [t:\workspace\open\src\hotspot\share\prims\jni.cpp, line 535]
Event: 1.107 Thread 0x00000203a87879b0 Exception <a 'java/lang/ClassNotFoundException'{0x000000009009aa88}: com/sun/javafx/scene/control/skin/resources/controls_ru_RU> (0x000000009009aa88) 
thrown [t:\workspace\open\src\hotspot\share\prims\jni.cpp, line 535]
Event: 1.164 Thread 0x00000203a87879b0 Exception <a 'java/lang/NoSuchMethodError'{0x000000008fb5a670}: 'void java.lang.invoke.DirectMethodHandle$Holder.invokeSpecial(java.lang.Object, java.lang.Object, java.lang.Object, java.lang.Object, java.lang.Object, java.lang.Object)'> (0x000000008fb5a670) 
thrown [t:\workspace\open\src\hotspot\share\interpreter\linkResolver.cpp, line 766]
Event: 1.168 Thread 0x00000203a87879b0 Exception <a 'java/lang/NoSuchMethodError'{0x000000008fb7b3f8}: 'java.lang.Object java.lang.invoke.DirectMethodHandle$Holder.invokeInterface(java.lang.Object, java.lang.Object, java.lang.Object)'> (0x000000008fb7b3f8) 
thrown [t:\workspace\open\src\hotspot\share\interpreter\linkResolver.cpp, line 766]
Event: 1.168 Thread 0x00000203a87879b0 Exception <a 'java/lang/IncompatibleClassChangeError'{0x000000008fb7ed80}: Found class java.lang.Object, but interface was expected> (0x000000008fb7ed80) 
thrown [t:\workspace\open\src\hotspot\share\interpreter\linkResolver.cpp, line 833]
Event: 1.279 Thread 0x00000203a87879b0 Exception <a 'java/lang/NoSuchMethodError'{0x000000008f630248}: 'java.lang.Object java.lang.invoke.DirectMethodHandle$Holder.newInvokeSpecial(java.lang.Object, java.lang.Object, int)'> (0x000000008f630248) 
thrown [t:\workspace\open\src\hotspot\share\interpreter\linkResolver.cpp, line 766]
Event: 1.306 Thread 0x00000203a85ad010 Exception <a 'java/lang/NoSuchMethodError'{0x000000008f580b90}: 'int java.lang.invoke.DirectMethodHandle$Holder.invokeStaticInit(java.lang.Object, java.lang.Object)'> (0x000000008f580b90) 
thrown [t:\workspace\open\src\hotspot\share\interpreter\linkResolver.cpp, line 766]
Event: 1.312 Thread 0x00000203a87879b0 Exception <a 'java/lang/NoSuchMethodError'{0x000000008f5236e8}: 'long java.lang.invoke.DirectMethodHandle$Holder.invokeStatic(java.lang.Object, java.lang.Object, java.lang.Object)'> (0x000000008f5236e8) 
thrown [t:\workspace\open\src\hotspot\share\interpreter\linkResolver.cpp, line 766]
Event: 1.312 Thread 0x00000203a87879b0 Exception <a 'java/lang/NoSuchMethodError'{0x000000008f526e90}: 'long java.lang.invoke.DirectMethodHandle$Holder.invokeStaticInit(java.lang.Object, java.lang.Object, java.lang.Object)'> (0x000000008f526e90) 
thrown [t:\workspace\open\src\hotspot\share\interpreter\linkResolver.cpp, line 766]
Event: 1.315 Thread 0x00000203a87879b0 Exception <a 'java/lang/NoSuchMethodError'{0x000000008f53ea98}: 'java.lang.Object java.lang.invoke.DirectMethodHandle$Holder.newInvokeSpecial(java.lang.Object, java.lang.Object, long)'> (0x000000008f53ea98) 
thrown [t:\workspace\open\src\hotspot\share\interpreter\linkResolver.cpp, line 766]
Event: 1.316 Thread 0x00000203a87879b0 Exception <a 'java/lang/NoSuchMethodError'{0x000000008f542608}: 'java.lang.Object java.lang.invoke.Invokers$Holder.linkToTargetMethod(java.lang.Object, long, java.lang.Object)'> (0x000000008f542608) 
thrown [t:\workspace\open\src\hotspot\share\interpreter\linkResolver.cpp, line 766]
Event: 11.417 Thread 0x00000203a87879b0 Exception <a 'java/lang/NoSuchMethodError'{0x0000000090088ee0}: 'int java.lang.invoke.DirectMethodHandle$Holder.invokeVirtual(java.lang.Object, java.lang.Object)'> (0x0000000090088ee0) 
thrown [t:\workspace\open\src\hotspot\share\interpreter\linkResolver.cpp, line 766]
Event: 11.417 Thread 0x00000203a87879b0 Exception <a 'java/lang/NoSuchMethodError'{0x000000009008f840}: 'void java.lang.invoke.DirectMethodHandle$Holder.invokeVirtual(java.lang.Object, java.lang.Object, int)'> (0x000000009008f840) 
thrown [t:\workspace\open\src\hotspot\share\interpreter\linkResolver.cpp, line 766]

VM Operations (20 events):
Event: 8.358 Executing VM operation: Cleanup done
Event: 10.117 Executing VM operation: HandshakeAllThreads
Event: 10.117 Executing VM operation: HandshakeAllThreads done
Event: 10.117 Executing VM operation: Cleanup
Event: 10.117 Executing VM operation: Cleanup done
Event: 10.122 Executing VM operation: HandshakeAllThreads
Event: 10.122 Executing VM operation: HandshakeAllThreads done
Event: 10.316 Executing VM operation: ICBufferFull
Event: 10.316 Executing VM operation: ICBufferFull done
Event: 10.418 Executing VM operation: HandshakeAllThreads
Event: 10.418 Executing VM operation: HandshakeAllThreads done
Event: 11.418 Executing VM operation: Cleanup
Event: 11.418 Executing VM operation: Cleanup done
Event: 11.420 Executing VM operation: HandshakeAllThreads
Event: 11.420 Executing VM operation: HandshakeAllThreads done
Event: 12.421 Executing VM operation: Cleanup
Event: 12.421 Executing VM operation: Cleanup done
Event: 13.421 Executing VM operation: Cleanup
Event: 13.422 Executing VM operation: Cleanup done
Event: 77.257 Executing VM operation: Exit

Events (20 events):
Event: 10.892 Thread 0x00000203a86e8290 Thread exited: 0x00000203a86e8290
Event: 11.418 loading class java/util/stream/ReferencePipeline$15
Event: 11.418 loading class java/util/stream/ReferencePipeline$15 done
Event: 11.418 loading class java/util/stream/ReferencePipeline$15$1
Event: 11.418 loading class java/util/stream/ReferencePipeline$15$1 done
Event: 11.418 loading class java/util/stream/ReduceOps$5
Event: 11.418 loading class java/util/stream/ReduceOps$5 done
Event: 11.418 loading class java/util/stream/ReduceOps$CountingSink$OfRef
Event: 11.418 loading class java/util/stream/ReduceOps$CountingSink
Event: 11.418 loading class java/util/stream/ReduceOps$CountingSink done
Event: 11.418 loading class java/util/stream/ReduceOps$CountingSink$OfRef done
Event: 12.773 Thread 0x00000203a8081a50 Thread added: 0x00000203a8081a50
Event: 12.967 Thread 0x00000203a8081a50 Thread exited: 0x00000203a8081a50
Event: 77.255 loading class jdk/internal/misc/Signal$1
Event: 77.255 loading class jdk/internal/misc/Signal$1 done
Event: 77.255 Thread 0x00000203b045ee50 Thread added: 0x00000203b045ee50
Event: 77.256 Thread 0x00000203b045fcc0 Thread added: 0x00000203b045fcc0
Event: 77.256 Thread 0x00000203b045f320 Thread added: 0x00000203b045f320
Event: 77.256 Thread 0x00000203b045fcc0 Thread exited: 0x00000203b045fcc0
Event: 77.257 Thread 0x00000203b045f320 Thread exited: 0x00000203b045f320


Dynamic libraries:
0x00007ff6e3550000 - 0x00007ff6e355e000 	C:\Users\37544\.jdks\openjdk-17.0.2\bin\java.exe
0x00007ff9178f0000 - 0x00007ff917ae8000 	C:\WINDOWS\SYSTEM32\ntdll.dll
0x00007ff915a80000 - 0x00007ff915b3f000 	C:\WINDOWS\System32\KERNEL32.DLL
0x00007ff9153c0000 - 0x00007ff915692000 	C:\WINDOWS\System32\KERNELBASE.dll
0x00007ff914ff0000 - 0x00007ff9150f0000 	C:\WINDOWS\System32\ucrtbase.dll
0x00007ff9088d0000 - 0x00007ff9088ea000 	C:\Users\37544\.jdks\openjdk-17.0.2\bin\VCRUNTIME140.dll
0x00007ff908ac0000 - 0x00007ff908ad8000 	C:\Users\37544\.jdks\openjdk-17.0.2\bin\jli.dll
0x00007ff916e80000 - 0x00007ff91701d000 	C:\WINDOWS\System32\USER32.dll
0x00007ff915250000 - 0x00007ff915272000 	C:\WINDOWS\System32\win32u.dll
0x00007ff915fb0000 - 0x00007ff915fdb000 	C:\WINDOWS\System32\GDI32.dll
0x00007ff903520000 - 0x00007ff9037ba000 	C:\WINDOWS\WinSxS\amd64_microsoft.windows.common-controls_6595b64144ccf1df_6.0.19041.1110_none_60b5254171f9507e\COMCTL32.dll
0x00007ff915740000 - 0x00007ff91584f000 	C:\WINDOWS\System32\gdi32full.dll
0x00007ff9159d0000 - 0x00007ff915a6e000 	C:\WINDOWS\System32\msvcrt.dll
0x00007ff9156a0000 - 0x00007ff91573d000 	C:\WINDOWS\System32\msvcp_win.dll
0x00007ff917460000 - 0x00007ff917492000 	C:\WINDOWS\System32\IMM32.DLL
0x00007ff90c910000 - 0x00007ff90c91c000 	C:\Users\37544\.jdks\openjdk-17.0.2\bin\vcruntime140_1.dll
0x00007ff8e7fa0000 - 0x00007ff8e802d000 	C:\Users\37544\.jdks\openjdk-17.0.2\bin\msvcp140.dll
0x00007ff8d9e00000 - 0x00007ff8da9c1000 	C:\Users\37544\.jdks\openjdk-17.0.2\bin\server\jvm.dll
0x00007ff917800000 - 0x00007ff9178ae000 	C:\WINDOWS\System32\ADVAPI32.dll
0x00007ff916c50000 - 0x00007ff916cec000 	C:\WINDOWS\System32\sechost.dll
0x00007ff9172d0000 - 0x00007ff9173f5000 	C:\WINDOWS\System32\RPCRT4.dll
0x00007ff917020000 - 0x00007ff917028000 	C:\WINDOWS\System32\PSAPI.DLL
0x00007ff8fe150000 - 0x00007ff8fe159000 	C:\WINDOWS\SYSTEM32\WSOCK32.dll
0x00007ff90be30000 - 0x00007ff90be3a000 	C:\WINDOWS\SYSTEM32\VERSION.dll
0x00007ff90a1e0000 - 0x00007ff90a207000 	C:\WINDOWS\SYSTEM32\WINMM.dll
0x00007ff916be0000 - 0x00007ff916c4b000 	C:\WINDOWS\System32\WS2_32.dll
0x00007ff913800000 - 0x00007ff913812000 	C:\WINDOWS\SYSTEM32\kernel.appcore.dll
0x00007ff90c6e0000 - 0x00007ff90c6ea000 	C:\Users\37544\.jdks\openjdk-17.0.2\bin\jimage.dll
0x00007ff912e40000 - 0x00007ff913024000 	C:\WINDOWS\SYSTEM32\DBGHELP.DLL
0x00007ff8ff170000 - 0x00007ff8ff19c000 	C:\WINDOWS\SYSTEM32\dbgcore.DLL
0x00007ff915330000 - 0x00007ff9153b2000 	C:\WINDOWS\System32\bcryptPrimitives.dll
0x00007ff90ef00000 - 0x00007ff90ef0e000 	C:\Users\37544\.jdks\openjdk-17.0.2\bin\instrument.dll
0x00007ff8f79b0000 - 0x00007ff8f79d5000 	C:\Users\37544\.jdks\openjdk-17.0.2\bin\java.dll
0x00007ff8e2610000 - 0x00007ff8e26e6000 	C:\Users\37544\.jdks\openjdk-17.0.2\bin\jsvml.dll
0x00007ff915fe0000 - 0x00007ff916723000 	C:\WINDOWS\System32\SHELL32.dll
0x00007ff913030000 - 0x00007ff9137c2000 	C:\WINDOWS\SYSTEM32\windows.storage.dll
0x00007ff9174a0000 - 0x00007ff9177f4000 	C:\WINDOWS\System32\combase.dll
0x00007ff914a50000 - 0x00007ff914a80000 	C:\WINDOWS\SYSTEM32\Wldp.dll
0x00007ff917030000 - 0x00007ff9170dd000 	C:\WINDOWS\System32\SHCORE.dll
0x00007ff917400000 - 0x00007ff917455000 	C:\WINDOWS\System32\shlwapi.dll
0x00007ff914f30000 - 0x00007ff914f4f000 	C:\WINDOWS\SYSTEM32\profapi.dll
0x00007ff904820000 - 0x00007ff904839000 	C:\Users\37544\.jdks\openjdk-17.0.2\bin\net.dll
0x00007ff90ce90000 - 0x00007ff90cf9c000 	C:\WINDOWS\SYSTEM32\WINHTTP.dll
0x00007ff9147b0000 - 0x00007ff91481a000 	C:\WINDOWS\system32\mswsock.dll
0x00007ff904750000 - 0x00007ff904766000 	C:\Users\37544\.jdks\openjdk-17.0.2\bin\nio.dll
0x00007ff904690000 - 0x00007ff9046a8000 	C:\Users\37544\.jdks\openjdk-17.0.2\bin\zip.dll
0x00007ff8e25f0000 - 0x00007ff8e260a000 	C:\Program Files\JetBrains\IntelliJ IDEA 2022.2.1\bin\breakgen64.dll
0x0000020387050000 - 0x0000020387053000 	C:\Users\37544\Downloads\openjfx-18.0.2_windows-x64_bin-sdk\javafx-sdk-18.0.2\bin\api-ms-win-core-console-l1-1-0.dll
0x0000020387060000 - 0x0000020387063000 	C:\Users\37544\Downloads\openjfx-18.0.2_windows-x64_bin-sdk\javafx-sdk-18.0.2\bin\api-ms-win-core-console-l1-2-0.dll
0x0000020387070000 - 0x0000020387073000 	C:\Users\37544\Downloads\openjfx-18.0.2_windows-x64_bin-sdk\javafx-sdk-18.0.2\bin\api-ms-win-core-datetime-l1-1-0.dll
0x0000020387080000 - 0x0000020387083000 	C:\Users\37544\Downloads\openjfx-18.0.2_windows-x64_bin-sdk\javafx-sdk-18.0.2\bin\api-ms-win-core-debug-l1-1-0.dll
0x00000203a6f60000 - 0x00000203a6f63000 	C:\Users\37544\Downloads\openjfx-18.0.2_windows-x64_bin-sdk\javafx-sdk-18.0.2\bin\api-ms-win-core-errorhandling-l1-1-0.dll
0x00000203a6f70000 - 0x00000203a6f74000 	C:\Users\37544\Downloads\openjfx-18.0.2_windows-x64_bin-sdk\javafx-sdk-18.0.2\bin\api-ms-win-core-file-l1-1-0.dll
0x00000203a6f80000 - 0x00000203a6f83000 	C:\Users\37544\Downloads\openjfx-18.0.2_windows-x64_bin-sdk\javafx-sdk-18.0.2\bin\api-ms-win-core-file-l1-2-0.dll
0x00000203a6f90000 - 0x00000203a6f93000 	C:\Users\37544\Downloads\openjfx-18.0.2_windows-x64_bin-sdk\javafx-sdk-18.0.2\bin\api-ms-win-core-file-l2-1-0.dll
0x00000203a6fa0000 - 0x00000203a6fa3000 	C:\Users\37544\Downloads\openjfx-18.0.2_windows-x64_bin-sdk\javafx-sdk-18.0.2\bin\api-ms-win-core-handle-l1-1-0.dll
0x00000203a6fb0000 - 0x00000203a6fb3000 	C:\Users\37544\Downloads\openjfx-18.0.2_windows-x64_bin-sdk\javafx-sdk-18.0.2\bin\api-ms-win-core-heap-l1-1-0.dll
0x00000203a6fc0000 - 0x00000203a6fc3000 	C:\Users\37544\Downloads\openjfx-18.0.2_windows-x64_bin-sdk\javafx-sdk-18.0.2\bin\api-ms-win-core-interlocked-l1-1-0.dll
0x00000203a6fd0000 - 0x00000203a6fd3000 	C:\Users\37544\Downloads\openjfx-18.0.2_windows-x64_bin-sdk\javafx-sdk-18.0.2\bin\api-ms-win-core-libraryloader-l1-1-0.dll
0x00000203a6fe0000 - 0x00000203a6fe3000 	C:\Users\37544\Downloads\openjfx-18.0.2_windows-x64_bin-sdk\javafx-sdk-18.0.2\bin\api-ms-win-core-localization-l1-2-0.dll
0x00000203a6ff0000 - 0x00000203a6ff3000 	C:\Users\37544\Downloads\openjfx-18.0.2_windows-x64_bin-sdk\javafx-sdk-18.0.2\bin\api-ms-win-core-memory-l1-1-0.dll
0x00000203a94e0000 - 0x00000203a94e3000 	C:\Users\37544\Downloads\openjfx-18.0.2_windows-x64_bin-sdk\javafx-sdk-18.0.2\bin\api-ms-win-core-namedpipe-l1-1-0.dll
0x00000203a94f0000 - 0x00000203a94f3000 	C:\Users\37544\Downloads\openjfx-18.0.2_windows-x64_bin-sdk\javafx-sdk-18.0.2\bin\api-ms-win-core-processenvironment-l1-1-0.dll
0x00000203a9630000 - 0x00000203a9633000 	C:\Users\37544\Downloads\openjfx-18.0.2_windows-x64_bin-sdk\javafx-sdk-18.0.2\bin\api-ms-win-core-processthreads-l1-1-0.dll
0x00000203a9500000 - 0x00000203a9503000 	C:\Users\37544\Downloads\openjfx-18.0.2_windows-x64_bin-sdk\javafx-sdk-18.0.2\bin\api-ms-win-core-processthreads-l1-1-1.dll
0x00000203a9510000 - 0x00000203a9513000 	C:\Users\37544\Downloads\openjfx-18.0.2_windows-x64_bin-sdk\javafx-sdk-18.0.2\bin\api-ms-win-core-profile-l1-1-0.dll
0x00000203a9520000 - 0x00000203a9523000 	C:\Users\37544\Downloads\openjfx-18.0.2_windows-x64_bin-sdk\javafx-sdk-18.0.2\bin\api-ms-win-core-rtlsupport-l1-1-0.dll
0x00000203a9530000 - 0x00000203a9533000 	C:\Users\37544\Downloads\openjfx-18.0.2_windows-x64_bin-sdk\javafx-sdk-18.0.2\bin\api-ms-win-core-string-l1-1-0.dll
0x00000203a9540000 - 0x00000203a9543000 	C:\Users\37544\Downloads\openjfx-18.0.2_windows-x64_bin-sdk\javafx-sdk-18.0.2\bin\api-ms-win-core-synch-l1-1-0.dll
0x00000203a9550000 - 0x00000203a9553000 	C:\Users\37544\Downloads\openjfx-18.0.2_windows-x64_bin-sdk\javafx-sdk-18.0.2\bin\api-ms-win-core-synch-l1-2-0.dll
0x00000203a9560000 - 0x00000203a9563000 	C:\Users\37544\Downloads\openjfx-18.0.2_windows-x64_bin-sdk\javafx-sdk-18.0.2\bin\api-ms-win-core-sysinfo-l1-1-0.dll
0x00000203a9570000 - 0x00000203a9573000 	C:\Users\37544\Downloads\openjfx-18.0.2_windows-x64_bin-sdk\javafx-sdk-18.0.2\bin\api-ms-win-core-timezone-l1-1-0.dll
0x00000203a9580000 - 0x00000203a9583000 	C:\Users\37544\Downloads\openjfx-18.0.2_windows-x64_bin-sdk\javafx-sdk-18.0.2\bin\api-ms-win-core-util-l1-1-0.dll
0x00000203a9590000 - 0x00000203a9593000 	C:\Users\37544\Downloads\openjfx-18.0.2_windows-x64_bin-sdk\javafx-sdk-18.0.2\bin\api-ms-win-crt-conio-l1-1-0.dll
0x00000203a95a0000 - 0x00000203a95a4000 	C:\Users\37544\Downloads\openjfx-18.0.2_windows-x64_bin-sdk\javafx-sdk-18.0.2\bin\api-ms-win-crt-convert-l1-1-0.dll
0x00000203a95b0000 - 0x00000203a95b3000 	C:\Users\37544\Downloads\openjfx-18.0.2_windows-x64_bin-sdk\javafx-sdk-18.0.2\bin\api-ms-win-crt-environment-l1-1-0.dll
0x00000203a95c0000 - 0x00000203a95c3000 	C:\Users\37544\Downloads\openjfx-18.0.2_windows-x64_bin-sdk\javafx-sdk-18.0.2\bin\api-ms-win-crt-filesystem-l1-1-0.dll
0x00000203a95d0000 - 0x00000203a95d3000 	C:\Users\37544\Downloads\openjfx-18.0.2_windows-x64_bin-sdk\javafx-sdk-18.0.2\bin\api-ms-win-crt-heap-l1-1-0.dll
0x00000203a95e0000 - 0x00000203a95e3000 	C:\Users\37544\Downloads\openjfx-18.0.2_windows-x64_bin-sdk\javafx-sdk-18.0.2\bin\api-ms-win-crt-locale-l1-1-0.dll
0x00000203a95f0000 - 0x00000203a95f5000 	C:\Users\37544\Downloads\openjfx-18.0.2_windows-x64_bin-sdk\javafx-sdk-18.0.2\bin\api-ms-win-crt-math-l1-1-0.dll
0x00000203a9600000 - 0x00000203a9605000 	C:\Users\37544\Downloads\openjfx-18.0.2_windows-x64_bin-sdk\javafx-sdk-18.0.2\bin\api-ms-win-crt-multibyte-l1-1-0.dll
0x00000203a9610000 - 0x00000203a9620000 	C:\Users\37544\Downloads\openjfx-18.0.2_windows-x64_bin-sdk\javafx-sdk-18.0.2\bin\api-ms-win-crt-private-l1-1-0.dll
0x00000203a9620000 - 0x00000203a9623000 	C:\Users\37544\Downloads\openjfx-18.0.2_windows-x64_bin-sdk\javafx-sdk-18.0.2\bin\api-ms-win-crt-process-l1-1-0.dll
0x00000203a9980000 - 0x00000203a9984000 	C:\Users\37544\Downloads\openjfx-18.0.2_windows-x64_bin-sdk\javafx-sdk-18.0.2\bin\api-ms-win-crt-runtime-l1-1-0.dll
0x00000203a9990000 - 0x00000203a9994000 	C:\Users\37544\Downloads\openjfx-18.0.2_windows-x64_bin-sdk\javafx-sdk-18.0.2\bin\api-ms-win-crt-stdio-l1-1-0.dll
0x00000203a99a0000 - 0x00000203a99a4000 	C:\Users\37544\Downloads\openjfx-18.0.2_windows-x64_bin-sdk\javafx-sdk-18.0.2\bin\api-ms-win-crt-string-l1-1-0.dll
0x00000203a99b0000 - 0x00000203a99b3000 	C:\Users\37544\Downloads\openjfx-18.0.2_windows-x64_bin-sdk\javafx-sdk-18.0.2\bin\api-ms-win-crt-time-l1-1-0.dll
0x00000203a99c0000 - 0x00000203a99c3000 	C:\Users\37544\Downloads\openjfx-18.0.2_windows-x64_bin-sdk\javafx-sdk-18.0.2\bin\api-ms-win-crt-utility-l1-1-0.dll
0x00007ff8e2040000 - 0x00007ff8e213c000 	C:\Users\37544\Downloads\openjfx-18.0.2_windows-x64_bin-sdk\javafx-sdk-18.0.2\bin\ucrtbase.dll
0x00007ff8e2020000 - 0x00007ff8e203a000 	C:\Users\37544\Downloads\openjfx-18.0.2_windows-x64_bin-sdk\javafx-sdk-18.0.2\bin\vcruntime140.dll
0x00007ff90eed0000 - 0x00007ff90eedc000 	C:\Users\37544\Downloads\openjfx-18.0.2_windows-x64_bin-sdk\javafx-sdk-18.0.2\bin\vcruntime140_1.dll
0x00007ff8e1f90000 - 0x00007ff8e201d000 	C:\Users\37544\Downloads\openjfx-18.0.2_windows-x64_bin-sdk\javafx-sdk-18.0.2\bin\msvcp140.dll
0x00007ff8e1f60000 - 0x00007ff8e1f8c000 	C:\Users\37544\Downloads\openjfx-18.0.2_windows-x64_bin-sdk\javafx-sdk-18.0.2\bin\prism_d3d.dll
0x00007ff908d70000 - 0x00007ff908f3f000 	C:\WINDOWS\system32\d3d9.dll
0x00007ff912840000 - 0x00007ff91286f000 	C:\WINDOWS\SYSTEM32\dwmapi.dll
0x00007ff912660000 - 0x00007ff9126fe000 	C:\WINDOWS\system32\uxtheme.dll
0x00007ff90a210000 - 0x00007ff90a3eb000 	C:\WINDOWS\System32\DriverStore\FileRepository\u0359763.inf_amd64_cbe903b159d3b969\B359805\aticfx64.dll
0x00007ff8f3490000 - 0x00007ff8f34c3000 	C:\WINDOWS\System32\DriverStore\FileRepository\u0359763.inf_amd64_cbe903b159d3b969\B359805\atiu9p64.dll
0x00007ff8d85a0000 - 0x00007ff8d9236000 	C:\WINDOWS\System32\DriverStore\FileRepository\u0359763.inf_amd64_cbe903b159d3b969\B359805\atiumd64.dll
0x00007ff9171a0000 - 0x00007ff9172ca000 	C:\WINDOWS\System32\ole32.dll
0x0000000073100000 - 0x0000000073f7e000 	C:\WINDOWS\System32\DriverStore\FileRepository\u0359763.inf_amd64_cbe903b159d3b969\B359805\atiumd6a.dll
0x00007ff915910000 - 0x00007ff915937000 	C:\WINDOWS\System32\bcrypt.dll
0x00007ff914550000 - 0x00007ff91459b000 	C:\WINDOWS\SYSTEM32\POWRPROF.dll
0x00007ff914410000 - 0x00007ff914422000 	C:\WINDOWS\SYSTEM32\UMPDC.dll
0x00007ff909f60000 - 0x00007ff909f8f000 	C:\WINDOWS\SYSTEM32\amdihk64.dll
0x00007ff8e1e60000 - 0x00007ff8e1ea2000 	C:\Users\37544\Downloads\openjfx-18.0.2_windows-x64_bin-sdk\javafx-sdk-18.0.2\bin\glass.dll
0x00007ff9167d0000 - 0x00007ff9168aa000 	C:\WINDOWS\System32\COMDLG32.dll
0x00007ff916db0000 - 0x00007ff916e7d000 	C:\WINDOWS\System32\OLEAUT32.dll
0x00007ff916ac0000 - 0x00007ff916bd5000 	C:\WINDOWS\System32\MSCTF.dll
0x00007ff90ae10000 - 0x00007ff90ae4b000 	C:\WINDOWS\SYSTEM32\dxcore.dll
0x00007ff9158c0000 - 0x00007ff91590e000 	C:\WINDOWS\System32\cfgmgr32.dll
0x00007ff914470000 - 0x00007ff91453a000 	C:\WINDOWS\SYSTEM32\DNSAPI.dll
0x00007ff914430000 - 0x00007ff91446b000 	C:\WINDOWS\SYSTEM32\IPHLPAPI.DLL
0x00007ff915a70000 - 0x00007ff915a78000 	C:\WINDOWS\System32\NSI.dll
0x00007ff90dac0000 - 0x00007ff90daca000 	C:\Windows\System32\rasadhlp.dll
0x00007ff907c20000 - 0x00007ff907ca0000 	C:\WINDOWS\System32\fwpuclnt.dll
0x00007ff8e1f40000 - 0x00007ff8e1f54000 	C:\Users\37544\Downloads\openjfx-18.0.2_windows-x64_bin-sdk\javafx-sdk-18.0.2\bin\javafx_font.dll
0x00007ff8fb910000 - 0x00007ff8fbb8f000 	C:\WINDOWS\SYSTEM32\dwrite.dll
0x00007ff916cf0000 - 0x00007ff916d9f000 	C:\WINDOWS\System32\clbcatq.dll
0x00007ff90d900000 - 0x00007ff90dab4000 	C:\WINDOWS\SYSTEM32\WindowsCodecs.dll
0x00007ff8fda70000 - 0x00007ff8fdaae000 	C:\WINDOWS\system32\dataexchange.dll
0x00007ff911990000 - 0x00007ff911b73000 	C:\WINDOWS\system32\dcomp.dll
0x00007ff911130000 - 0x00007ff911393000 	C:\WINDOWS\system32\d3d11.dll
0x00007ff913870000 - 0x00007ff913963000 	C:\WINDOWS\system32\dxgi.dll
0x00007ff90d250000 - 0x00007ff90d450000 	C:\WINDOWS\system32\twinapi.appcore.dll
0x00007ff8f2eb0000 - 0x00007ff8f2ee4000 	C:\Program Files\Common Files\Microsoft Shared\Ink\rtscom.dll
0x00007ff908f60000 - 0x00007ff909059000 	C:\WINDOWS\SYSTEM32\textinputframework.dll
0x00007ff911b80000 - 0x00007ff911ede000 	C:\WINDOWS\System32\CoreUIComponents.dll

dbghelp: loaded successfully - version: 4.0.5 - missing functions: none
symbol engine: initialized successfully - sym options: 0x614 - pdb path: .;C:\Users\37544\.jdks\openjdk-17.0.2\bin;C:\WINDOWS\SYSTEM32;C:\WINDOWS\WinSxS\amd64_microsoft.windows.common-controls_6595b64144ccf1df_6.0.19041.1110_none_60b5254171f9507e;C:\Users\37544\.jdks\openjdk-17.0.2\bin\server;C:\Program Files\JetBrains\IntelliJ IDEA 2022.2.1\bin;C:\Users\37544\Downloads\openjfx-18.0.2_windows-x64_bin-sdk\javafx-sdk-18.0.2\bin;C:\WINDOWS\System32\DriverStore\FileRepository\u0359763.inf_amd64_cbe903b159d3b969\B359805;C:\Program Files\Common Files\Microsoft Shared\Ink

VM Arguments:
jvm_args: --module-path=C:\Users\37544\Downloads\openjfx-18.0.2_windows-x64_bin-sdk\javafx-sdk-18.0.2\lib --add-modules=javafx.controls,javafx.fxml -javaagent:C:\Program Files\JetBrains\IntelliJ IDEA 2022.2.1\lib\idea_rt.jar=54272:C:\Program Files\JetBrains\IntelliJ IDEA 2022.2.1\bin -Dfile.encoding=UTF-8 
java_command: Main
java_class_path (initial): C:\Users\37544\JavaLearn\jdbc-hibernate\showroom-client\target\classes;C:\Users\37544\.m2\repository\org\openjfx\javafx-controls\18.0.1\javafx-controls-18.0.1.jar;C:\Users\37544\.m2\repository\org\openjfx\javafx-controls\18.0.1\javafx-controls-18.0.1-win.jar;C:\Users\37544\.m2\repository\org\openjfx\javafx-graphics\18.0.1\javafx-graphics-18.0.1.jar;C:\Users\37544\.m2\repository\org\openjfx\javafx-graphics\18.0.1\javafx-graphics-18.0.1-win.jar;C:\Users\37544\.m2\repository\org\openjfx\javafx-base\18.0.1\javafx-base-18.0.1.jar;C:\Users\37544\.m2\repository\org\openjfx\javafx-base\18.0.1\javafx-base-18.0.1-win.jar;C:\Users\37544\.m2\repository\org\openjfx\javafx-fxml\18.0.1\javafx-fxml-18.0.1.jar;C:\Users\37544\.m2\repository\org\openjfx\javafx-fxml\18.0.1\javafx-fxml-18.0.1-win.jar;C:\Users\37544\.m2\repository\org\json\json\20210307\json-20210307.jar
Launcher Type: SUN_STANDARD

[Global flags]
     intx CICompilerCount                          = 4                                         {product} {ergonomic}
     uint ConcGCThreads                            = 3                                         {product} {ergonomic}
     uint G1ConcRefinementThreads                  = 10                                        {product} {ergonomic}
   size_t G1HeapRegionSize                         = 1048576                                   {product} {ergonomic}
    uintx GCDrainStackTargetSize                   = 64                                        {product} {ergonomic}
   size_t InitialHeapSize                          = 123731968                                 {product} {ergonomic}
   size_t MarkStackSize                            = 4194304                                   {product} {ergonomic}
   size_t MaxHeapSize                              = 1979711488                                {product} {ergonomic}
   size_t MaxNewSize                               = 1186988032                                {product} {ergonomic}
   size_t MinHeapDeltaBytes                        = 1048576                                   {product} {ergonomic}
   size_t MinHeapSize                              = 8388608                                   {product} {ergonomic}
    uintx NonNMethodCodeHeapSize                   = 5839372                                {pd product} {ergonomic}
    uintx NonProfiledCodeHeapSize                  = 122909434                              {pd product} {ergonomic}
    uintx ProfiledCodeHeapSize                     = 122909434                              {pd product} {ergonomic}
    uintx ReservedCodeCacheSize                    = 251658240                              {pd product} {ergonomic}
     bool SegmentedCodeCache                       = true                                      {product} {ergonomic}
   size_t SoftMaxHeapSize                          = 1979711488                             {manageable} {ergonomic}
     bool UseCompressedClassPointers               = true                           {product lp64_product} {ergonomic}
     bool UseCompressedOops                        = true                           {product lp64_product} {ergonomic}
     bool UseG1GC                                  = true                                      {product} {ergonomic}
     bool UseLargePagesIndividualAllocation        = false                                  {pd product} {ergonomic}

Logging:
Log output configuration:
 #0: stdout all=off uptime,level,tags
 #1: stderr all=off uptime,level,tags

Environment Variables:
JAVA_HOME=C:\Users\37544\.jdks\openjdk-17.0.2
PATH=C:\Windows\system32;C:\Windows;C:\Windows\System32\Wbem;C:\Windows\System32\WindowsPowerShell\v1.0\;C:\Windows\System32\OpenSSH\;C:\Program Files (x86)\NVIDIA Corporation\PhysX\Common;C:\Program Files\NVIDIA Corporation\NVIDIA NvDLISR;C:\WINDOWS\system32;C:\WINDOWS;C:\WINDOWS\System32\Wbem;C:\WINDOWS\System32\WindowsPowerShell\v1.0\;C:\WINDOWS\System32\OpenSSH\;C:\Users\37544\.jdks\openjdk-17.0.2\bin;C:\Users\37544\Downloads\apache-maven-3.8.4-bin\apache-maven-3.8.4\bin;C:\Program Files\Git\cmd;c:\altera\91\quartus\bin;C:\Program Files (x86)\Rational\common;C:\Program Files\MySQL\MySQL Shell 8.0\bin\;C:\Users\37544\Downloads\apache-maven-3.8.4-bin;C:\Users\37544\AppData\Local\GitHubDesktop\bin;C:\Users\37544\AppData\Local\Programs\Microsoft VS Code\bin;C:\Users\37544\Downloads\MinGW64\MinGW64\bin;;C:\Program Files\JetBrains\IntelliJ IDEA 2022.2.1\bin;
USERNAME=37544
OS=Windows_NT
PROCESSOR_IDENTIFIER=AMD64 Family 23 Model 96 Stepping 1, AuthenticAMD



---------------  S Y S T E M  ---------------

OS:
 Windows 10 , 64 bit Build 19041 (10.0.19041.2251)
OS uptime: 5 days 1:08 hours
Hyper-V role detected

CPU: total 12 (initial active 12) (12 cores per cpu, 2 threads per core) family 23 model 96 stepping 1 microcode 0x0, cx8, cmov, fxsr, ht, mmx, 3dnowpref, sse, sse2, sse3, ssse3, sse4a, sse4.1, sse4.2, popcnt, lzcnt, tsc, tscinvbit, avx, avx2, aes, clmul, bmi1, bmi2, adx, sha, fma, vzeroupper, clflush, clflushopt, hv

Memory: 4k page, system-wide physical 7549M (1244M free)
TotalPageFile size 17277M (AvailPageFile size 4117M)
current process WorkingSet (physical memory assigned to process): 135M, peak: 160M
current process commit charge ("private bytes"): 278M, peak: 300M

vm_info: OpenJDK 64-Bit Server VM (17.0.2+8-86) for windows-amd64 JRE (17.0.2+8-86), built on Dec  7 2021 21:49:10 by "mach5one" with MS VC++ 16.8 / 16.9 (VS2019)

END.
