#
# A fatal error has been detected by the Java Runtime Environment:
#
#  EXCEPTION_ACCESS_VIOLATION (0xc0000005) at pc=0x00007ff9045f62d7, pid=37308, tid=22332
#
# JRE version: OpenJDK Runtime Environment (17.0.2+8) (build 17.0.2+8-86)
# Java VM: OpenJDK 64-Bit Server VM (17.0.2+8-86, mixed mode, sharing, tiered, compressed oops, compressed class ptrs, g1 gc, windows-amd64)
# Problematic frame:
# C  [glass.dll+0x262d7]
#
# No core dump will be written. Minidumps are not enabled by default on client versions of Windows
#
# If you would like to submit a bug report, please visit:
#   https://bugreport.java.com/bugreport/crash.jsp
#

---------------  S U M M A R Y ------------

Command Line: -agentlib:jdwp=transport=dt_socket,address=127.0.0.1:65247,suspend=y,server=n --module-path=C:\Users\37544\Downloads\openjfx-18.0.2_windows-x64_bin-sdk\javafx-sdk-18.0.2\lib --add-modules=javafx.controls,javafx.fxml -javaagent:C:\Users\37544\AppData\Local\JetBrains\IntelliJIdea2022.2\captureAgent\debugger-agent.jar -Dfile.encoding=UTF-8 Main

Host: AMD Ryzen 5 4600H with Radeon Graphics         , 12 cores, 7G,  Windows 10 , 64 bit Build 19041 (10.0.19041.2251)
Time: Tue Dec 13 19:52:00 2022  Windows 10 , 64 bit Build 19041 (10.0.19041.2251) elapsed time: 80.488513 seconds (0d 0h 1m 20s)

---------------  T H R E A D  ---------------

Current thread (0x00000174f16aa030):  VMThread "VM Thread" [stack: 0x0000002afc600000,0x0000002afc700000] [id=22332]

Stack: [0x0000002afc600000,0x0000002afc700000],  sp=0x0000002afc6ff2d0,  free space=1020k
Native frames: (J=compiled Java code, j=interpreted, Vv=VM code, C=native code)
C  [glass.dll+0x262d7]


siginfo: EXCEPTION_ACCESS_VIOLATION (0xc0000005), reading address 0x0000000000000000


Register to memory mapping:

RIP=0x00007ff9045f62d7 glass.dll
RAX=0x0 is NULL
RBX=0x00000174f16c1940 is a global jni handle
RCX=0x00000174f16aa030 points into unknown readable memory: 0x00007ff8b6a7e880 | 80 e8 a7 b6 f8 7f 00 00
RDX=0x0000002afc6ff2d0 points into unknown readable memory: 0x0000000000000000 | 00 00 00 00 00 00 00 00
RSP=0x0000002afc6ff2d0 points into unknown readable memory: 0x0000000000000000 | 00 00 00 00 00 00 00 00
RBP=0x00000174f3784528 points into unknown readable memory: 0x00003330431ff7b8 | b8 f7 1f 43 30 33 00 00
RSI=0x00000174f3784500 points into unknown readable memory: 0xdc00334fba1ba88e | 8e a8 1b ba 4f 33 00 dc
RDI=0x00003330431ff7b8 is an unknown value
R8 =0x0000000000010002 is an unknown value
R9 =0x00003330431ff7b8 is an unknown value
R10=0x0000000000008000 is an unknown value
R11=0x0000002afc6ff260 points into unknown readable memory: 0x00000174f3784500 | 00 45 78 f3 74 01 00 00
R12=0x00007ff9045f3bc4 glass.dll
R13=0x00007ff8b6c249d0 jvm.dll
R14=0x0000002afc6ff3c8 points into unknown readable memory: 0x0000002afc6ff3b0 | b0 f3 6f fc 2a 00 00 00
R15=0x00000174f3784500 points into unknown readable memory: 0xdc00334fba1ba88e | 8e a8 1b ba 4f 33 00 dc


Registers:
RAX=0x0000000000000000, RBX=0x00000174f16c1940, RCX=0x00000174f16aa030, RDX=0x0000002afc6ff2d0
RSP=0x0000002afc6ff2d0, RBP=0x00000174f3784528, RSI=0x00000174f3784500, RDI=0x00003330431ff7b8
R8 =0x0000000000010002, R9 =0x00003330431ff7b8, R10=0x0000000000008000, R11=0x0000002afc6ff260
R12=0x00007ff9045f3bc4, R13=0x00007ff8b6c249d0, R14=0x0000002afc6ff3c8, R15=0x00000174f3784500
RIP=0x00007ff9045f62d7, EFLAGS=0x0000000000010202

Top of Stack: (sp=0x0000002afc6ff2d0)
0x0000002afc6ff2d0:   0000000000000000 00000174f3784500
0x0000002afc6ff2e0:   00007ff8b6c249d0 00007ff9045f3bc4
0x0000002afc6ff2f0:   00000174f3784508 00007ff9150042d6
0x0000002afc6ff300:   00003330431ff7b8 0000017400000000
0x0000002afc6ff310:   00000174f3784528 00000174f3784500
0x0000002afc6ff320:   fffffffffffffffe 0000000000000000
0x0000002afc6ff330:   0000000000000001 00007ff9045d0000
0x0000002afc6ff340:   0000002afc6ff3b8 00007ff9150041fb
0x0000002afc6ff350:   0000000000000000 0000002afc6ff3c8
0x0000002afc6ff360:   0000002afc6ff690 00007ff9150e0e40
0x0000002afc6ff370:   0000000000000001 00007ff9150041b4
0x0000002afc6ff380:   0000000000000000 0000000000000001
0x0000002afc6ff390:   0000000000000000 0000002afc6ff3b8
0x0000002afc6ff3a0:   0000000000000001 00007ff9045f3a51
0x0000002afc6ff3b0:   00007ff904609f88 00007ff900000002
0x0000002afc6ff3c0:   0000000000000002 0000002afc6ff3b0 

Instructions: (pc=0x00007ff9045f62d7)
0x00007ff9045f61d7:   8b 4d 58 e8 2d cf ff ff 48 8b 4d 60 e8 24 cf ff
0x00007ff9045f61e7:   ff 48 8b 95 80 00 00 00 48 8b 8d 18 01 00 00 e8
0x00007ff9045f61f7:   16 c4 ff ff 33 d2 33 c9 e8 5c e1 ff ff 90 48 89
0x00007ff9045f6207:   54 24 10 55 48 83 ec 20 48 8b ea 48 b8 00 00 00
0x00007ff9045f6217:   00 00 00 00 00 48 83 c4 20 5d c3 cc 40 55 48 8b
0x00007ff9045f6227:   ea 48 8b 01 33 c9 81 38 05 00 00 c0 0f 94 c1 8b
0x00007ff9045f6237:   c1 5d c3 cc 40 55 48 83 ec 20 48 8b ea 8a 4d 40
0x00007ff9045f6247:   48 83 c4 20 5d e9 17 d3 ff ff cc 40 55 48 83 ec
0x00007ff9045f6257:   20 48 8b ea 8a 4d 20 e8 05 d3 ff ff 90 48 83 c4
0x00007ff9045f6267:   20 5d c3 cc 40 55 48 83 ec 20 48 8b ea 48 83 c4
0x00007ff9045f6277:   20 5d e9 66 d1 ff ff cc 40 55 48 83 ec 30 48 8b
0x00007ff9045f6287:   ea 48 8b 01 8b 10 48 89 4c 24 28 89 54 24 20 4c
0x00007ff9045f6297:   8d 0d 07 d6 ff ff 4c 8b 45 70 8b 55 68 48 8b 4d
0x00007ff9045f62a7:   60 e8 a7 d0 ff ff 90 48 83 c4 30 5d c3 cc cc cc
0x00007ff9045f62b7:   cc cc cc cc cc cc cc cc cc 40 53 48 83 ec 20 48
0x00007ff9045f62c7:   8b 1d bb 36 01 00 48 85 db 74 16 e8 59 8b ff ff
0x00007ff9045f62d7:   4c 8b 00 48 8b d3 48 8b c8 41 ff 90 b0 00 00 00
0x00007ff9045f62e7:   90 48 83 c4 20 5b c3 cc cc 40 53 48 83 ec 20 48
0x00007ff9045f62f7:   8b 1d 2b 38 01 00 48 85 db 74 57 b8 ff ff ff ff
0x00007ff9045f6307:   f0 0f c1 43 10 83 f8 01 75 3d 48 85 db 74 38 48
0x00007ff9045f6317:   8b 0b 48 85 c9 74 0d ff 15 84 0f 00 00 48 c7 03
0x00007ff9045f6327:   00 00 00 00 48 8b 4b 08 48 85 c9 74 0d e8 d3 cd
0x00007ff9045f6337:   ff ff 48 c7 43 08 00 00 00 00 ba 18 00 00 00 48
0x00007ff9045f6347:   8b cb e8 be cd ff ff 48 c7 05 cf 37 01 00 00 00
0x00007ff9045f6357:   00 00 48 83 c4 20 5b c3 cc 40 53 48 83 ec 20 48
0x00007ff9045f6367:   8b 1d 9b 37 01 00 48 85 db 74 57 b8 ff ff ff ff
0x00007ff9045f6377:   f0 0f c1 43 10 83 f8 01 75 3d 48 85 db 74 38 48
0x00007ff9045f6387:   8b 0b 48 85 c9 74 0d ff 15 14 0f 00 00 48 c7 03
0x00007ff9045f6397:   00 00 00 00 48 8b 4b 08 48 85 c9 74 0d e8 63 cd
0x00007ff9045f63a7:   ff ff 48 c7 43 08 00 00 00 00 ba 18 00 00 00 48
0x00007ff9045f63b7:   8b cb e8 4e cd ff ff 48 c7 05 3f 37 01 00 00 00
0x00007ff9045f63c7:   00 00 48 83 c4 20 5b c3 cc 40 53 48 83 ec 20 48 


Stack slot to memory mapping:
stack at sp + 0 slots: 0x0 is NULL
stack at sp + 1 slots: 0x00000174f3784500 points into unknown readable memory: 0xdc00334fba1ba88e | 8e a8 1b ba 4f 33 00 dc
stack at sp + 2 slots: 0x00007ff8b6c249d0 jvm.dll
stack at sp + 3 slots: 0x00007ff9045f3bc4 glass.dll
stack at sp + 4 slots: 0x00000174f3784508 points into unknown readable memory: 0x00003330431ff7b8 | b8 f7 1f 43 30 33 00 00
stack at sp + 5 slots: 0x00007ff9150042d6 ucrtbase.dll
stack at sp + 6 slots: 0x00003330431ff7b8 is an unknown value
stack at sp + 7 slots: 0x0000017400000000 is an unknown value

VM_Operation (0x0000002afd3ff040): Exit, mode: safepoint, requested by thread 0x00000174f31a2670


---------------  P R O C E S S  ---------------

Threads class SMR info:
_java_thread_list=0x00000174fd39b1b0, length=23, elements={
0x00000174d1762140, 0x00000174f16b0c40, 0x00000174f16b40d0, 0x00000174f16c9f40,
0x00000174f16ca800, 0x00000174f16cb4e0, 0x00000174f16cddb0, 0x00000174f16d2f90,
0x00000174f16dbd50, 0x00000174f16e7240, 0x00000174f169b690, 0x00000174f22ad9d0,
0x00000174f2b38d30, 0x00000174f2b18680, 0x00000174f3945010, 0x00000174f3b8a8d0,
0x00000174f3911a60, 0x00000174f27cb910, 0x00000174f9843b30, 0x00000174f31a0e60,
0x00000174f31cb570, 0x00000174f31ce300, 0x00000174f31a2670
}

Java Threads: ( => current thread )
  0x00000174d1762140 JavaThread "main" [_thread_blocked, id=37060, stack(0x0000002afc000000,0x0000002afc100000)]
  0x00000174f16b0c40 JavaThread "Reference Handler" daemon [_thread_blocked, id=25264, stack(0x0000002afc700000,0x0000002afc800000)]
  0x00000174f16b40d0 JavaThread "Finalizer" daemon [_thread_blocked, id=42968, stack(0x0000002afc800000,0x0000002afc900000)]
  0x00000174f16c9f40 JavaThread "Signal Dispatcher" daemon [_thread_blocked, id=42572, stack(0x0000002afc900000,0x0000002afca00000)]
  0x00000174f16ca800 JavaThread "Attach Listener" daemon [_thread_blocked, id=38444, stack(0x0000002afca00000,0x0000002afcb00000)]
  0x00000174f16cb4e0 JavaThread "Service Thread" daemon [_thread_blocked, id=37568, stack(0x0000002afcb00000,0x0000002afcc00000)]
  0x00000174f16cddb0 JavaThread "Monitor Deflation Thread" daemon [_thread_blocked, id=22204, stack(0x0000002afcc00000,0x0000002afcd00000)]
  0x00000174f16d2f90 JavaThread "C2 CompilerThread0" daemon [_thread_blocked, id=6732, stack(0x0000002afcd00000,0x0000002afce00000)]
  0x00000174f16dbd50 JavaThread "C1 CompilerThread0" daemon [_thread_blocked, id=33180, stack(0x0000002afce00000,0x0000002afcf00000)]
  0x00000174f16e7240 JavaThread "Sweeper thread" daemon [_thread_blocked, id=28400, stack(0x0000002afcf00000,0x0000002afd000000)]
  0x00000174f169b690 JavaThread "Common-Cleaner" daemon [_thread_blocked, id=41728, stack(0x0000002afd000000,0x0000002afd100000)]
  0x00000174f22ad9d0 JavaThread "JDWP Event Helper Thread" daemon [_thread_blocked, id=16264, stack(0x0000002afd400000,0x0000002afd500000)]
  0x00000174f2b38d30 JavaThread "Notification Thread" daemon [_thread_blocked, id=24192, stack(0x0000002afd600000,0x0000002afd700000)]
  0x00000174f2b18680 JavaThread "QuantumRenderer-0" daemon [_thread_blocked, id=32280, stack(0x0000002afd200000,0x0000002afd300000)]
  0x00000174f3945010 JavaThread "InvokeLaterDispatcher" daemon [_thread_blocked, id=39516, stack(0x0000002afda00000,0x0000002afdb00000)]
  0x00000174f3b8a8d0 JavaThread "JavaFX Application Thread" [_thread_blocked, id=40348, stack(0x0000002afdb00000,0x0000002afdc00000)]
  0x00000174f3911a60 JavaThread "Thread-1" daemon [_thread_in_native, id=40112, stack(0x0000002afe400000,0x0000002afe500000)]
  0x00000174f27cb910 JavaThread "JavaFX-Launcher" [_thread_blocked, id=42284, stack(0x0000002afe500000,0x0000002afe600000)]
  0x00000174f9843b30 JavaThread "Prism Font Disposer" daemon [_thread_blocked, id=40196, stack(0x0000002aff000000,0x0000002aff100000)]
  0x00000174f31a0e60 JavaThread "Cleaner-0" daemon [_thread_blocked, id=40188, stack(0x0000002aff100000,0x0000002aff200000)]
  0x00000174f31cb570 JavaThread "C2 CompilerThread1" daemon [_thread_blocked, id=41148, stack(0x0000002afbd00000,0x0000002afbe00000)]
  0x00000174f31ce300 JavaThread "C2 CompilerThread2" daemon [_thread_blocked, id=31600, stack(0x0000002afbe00000,0x0000002afbf00000)]
  0x00000174f31a2670 JavaThread "SIGINT handler" daemon [_thread_blocked, id=37036, stack(0x0000002afd300000,0x0000002afd400000)]

Other Threads:
=>0x00000174f16aa030 VMThread "VM Thread" [stack: 0x0000002afc600000,0x0000002afc700000] [id=22332]
  0x00000174d17a1630 GCTaskThread "GC Thread#0" [stack: 0x0000002afc100000,0x0000002afc200000] [id=37412]
  0x00000174f358c2f0 GCTaskThread "GC Thread#1" [stack: 0x0000002afd100000,0x0000002afd200000] [id=2144]
  0x00000174f3914c20 GCTaskThread "GC Thread#2" [stack: 0x0000002afe600000,0x0000002afe700000] [id=36624]
  0x00000174f3bb3ea0 GCTaskThread "GC Thread#3" [stack: 0x0000002afe700000,0x0000002afe800000] [id=37864]
  0x00000174f2e87af0 GCTaskThread "GC Thread#4" [stack: 0x0000002afe800000,0x0000002afe900000] [id=43464]
  0x00000174f2f113e0 GCTaskThread "GC Thread#5" [stack: 0x0000002afe900000,0x0000002afea00000] [id=21372]
  0x00000174f3bea1a0 GCTaskThread "GC Thread#6" [stack: 0x0000002afea00000,0x0000002afeb00000] [id=43624]
  0x00000174f3bea450 GCTaskThread "GC Thread#7" [stack: 0x0000002afeb00000,0x0000002afec00000] [id=4032]
  0x00000174f3bbbb90 GCTaskThread "GC Thread#8" [stack: 0x0000002afec00000,0x0000002afed00000] [id=40480]
  0x00000174f3bbca60 GCTaskThread "GC Thread#9" [stack: 0x0000002afed00000,0x0000002afee00000] [id=24620]
  0x00000174d17b2190 ConcurrentGCThread "G1 Main Marker" terminated
  0x00000174d17b3340 ConcurrentGCThread "G1 Conc#0" [stack: 0x0000002afc300000,0x0000002afc400000] [id=3700]
  0x00000174d1830670 ConcurrentGCThread "G1 Refine#0" terminated
  0x00000174d1831090 ConcurrentGCThread "G1 Service" terminated

Threads with active compile tasks:

VM state: at safepoint (shutting down)

VM Mutex/Monitor currently owned by a thread:  ([mutex/lock_event])
[0x00000174d175eb20] Threads_lock - owner thread: 0x00000174f16aa030
[0x00000174d175ec40] Heap_lock - owner thread: 0x00000174f31a2670

Heap address: 0x000000008a000000, size: 1888 MB, Compressed Oops mode: 32-bit

CDS archive(s) mapped at: [0x0000000800000000-0x0000000800bc0000-0x0000000800bc0000), size 12320768, SharedBaseAddress: 0x0000000800000000, ArchiveRelocationMode: 0.
Compressed class space mapped at: 0x0000000800c00000-0x0000000840c00000, reserved size: 1073741824
Narrow klass base: 0x0000000800000000, Narrow klass shift: 0, Narrow klass range: 0x100000000

GC Precious Log:
 CPUs: 12 total, 12 available
 Memory: 7549M
 Large Page Support: Disabled
 NUMA Support: Disabled
 Compressed Oops: Enabled (32-bit)
 Heap Region Size: 1M
 Heap Min Capacity: 8M
 Heap Initial Capacity: 118M
 Heap Max Capacity: 1888M
 Pre-touch: Disabled
 Parallel Workers: 10
 Concurrent Workers: 3
 Concurrent Refinement Workers: 10
 Periodic GC: Disabled

Heap:
 garbage-first heap   total 120832K, used 45515K [0x000000008a000000, 0x0000000100000000)
  region size 1024K, 40 young (40960K), 4 survivors (4096K)
 Metaspace       used 17784K, committed 17984K, reserved 1064960K
  class space    used 2472K, committed 2560K, reserved 1048576K

Heap Regions: E=young(eden), S=young(survivor), O=old, HS=humongous(starts), HC=humongous(continues), CS=collection set, F=free, OA=open archive, CA=closed archive, TAMS=top-at-mark-start (previous, next)
|   0|0x000000008a000000, 0x000000008a100000, 0x000000008a100000|100%| O|  |TAMS 0x000000008a000000, 0x000000008a000000| Untracked 
|   1|0x000000008a100000, 0x000000008a200000, 0x000000008a200000|100%| O|  |TAMS 0x000000008a100000, 0x000000008a100000| Untracked 
|   2|0x000000008a200000, 0x000000008a300000, 0x000000008a300000|100%| O|  |TAMS 0x000000008a200000, 0x000000008a200000| Untracked 
|   3|0x000000008a300000, 0x000000008a3ae400, 0x000000008a400000| 68%| O|  |TAMS 0x000000008a300000, 0x000000008a300000| Untracked 
|   4|0x000000008a400000, 0x000000008a500000, 0x000000008a500000|100%|HS|  |TAMS 0x000000008a400000, 0x000000008a400000| Complete 
|   5|0x000000008a500000, 0x000000008a600000, 0x000000008a600000|100%|HC|  |TAMS 0x000000008a500000, 0x000000008a500000| Complete 
|   6|0x000000008a600000, 0x000000008a600000, 0x000000008a700000|  0%| F|  |TAMS 0x000000008a600000, 0x000000008a600000| Untracked 
|   7|0x000000008a700000, 0x000000008a700000, 0x000000008a800000|  0%| F|  |TAMS 0x000000008a700000, 0x000000008a700000| Untracked 
|   8|0x000000008a800000, 0x000000008a800000, 0x000000008a900000|  0%| F|  |TAMS 0x000000008a800000, 0x000000008a800000| Untracked 
|   9|0x000000008a900000, 0x000000008a900000, 0x000000008aa00000|  0%| F|  |TAMS 0x000000008a900000, 0x000000008a900000| Untracked 
|  10|0x000000008aa00000, 0x000000008aa00000, 0x000000008ab00000|  0%| F|  |TAMS 0x000000008aa00000, 0x000000008aa00000| Untracked 
|  11|0x000000008ab00000, 0x000000008ab00000, 0x000000008ac00000|  0%| F|  |TAMS 0x000000008ab00000, 0x000000008ab00000| Untracked 
|  12|0x000000008ac00000, 0x000000008ac00000, 0x000000008ad00000|  0%| F|  |TAMS 0x000000008ac00000, 0x000000008ac00000| Untracked 
|  13|0x000000008ad00000, 0x000000008ad00000, 0x000000008ae00000|  0%| F|  |TAMS 0x000000008ad00000, 0x000000008ad00000| Untracked 
|  14|0x000000008ae00000, 0x000000008ae00000, 0x000000008af00000|  0%| F|  |TAMS 0x000000008ae00000, 0x000000008ae00000| Untracked 
|  15|0x000000008af00000, 0x000000008af00000, 0x000000008b000000|  0%| F|  |TAMS 0x000000008af00000, 0x000000008af00000| Untracked 
|  16|0x000000008b000000, 0x000000008b000000, 0x000000008b100000|  0%| F|  |TAMS 0x000000008b000000, 0x000000008b000000| Untracked 
|  17|0x000000008b100000, 0x000000008b100000, 0x000000008b200000|  0%| F|  |TAMS 0x000000008b100000, 0x000000008b100000| Untracked 
|  18|0x000000008b200000, 0x000000008b200000, 0x000000008b300000|  0%| F|  |TAMS 0x000000008b200000, 0x000000008b200000| Untracked 
|  19|0x000000008b300000, 0x000000008b300000, 0x000000008b400000|  0%| F|  |TAMS 0x000000008b300000, 0x000000008b300000| Untracked 
|  20|0x000000008b400000, 0x000000008b400000, 0x000000008b500000|  0%| F|  |TAMS 0x000000008b400000, 0x000000008b400000| Untracked 
|  21|0x000000008b500000, 0x000000008b500000, 0x000000008b600000|  0%| F|  |TAMS 0x000000008b500000, 0x000000008b500000| Untracked 
|  22|0x000000008b600000, 0x000000008b600000, 0x000000008b700000|  0%| F|  |TAMS 0x000000008b600000, 0x000000008b600000| Untracked 
|  23|0x000000008b700000, 0x000000008b700000, 0x000000008b800000|  0%| F|  |TAMS 0x000000008b700000, 0x000000008b700000| Untracked 
|  24|0x000000008b800000, 0x000000008b800000, 0x000000008b900000|  0%| F|  |TAMS 0x000000008b800000, 0x000000008b800000| Untracked 
|  25|0x000000008b900000, 0x000000008b900000, 0x000000008ba00000|  0%| F|  |TAMS 0x000000008b900000, 0x000000008b900000| Untracked 
|  26|0x000000008ba00000, 0x000000008ba00000, 0x000000008bb00000|  0%| F|  |TAMS 0x000000008ba00000, 0x000000008ba00000| Untracked 
|  27|0x000000008bb00000, 0x000000008bb00000, 0x000000008bc00000|  0%| F|  |TAMS 0x000000008bb00000, 0x000000008bb00000| Untracked 
|  28|0x000000008bc00000, 0x000000008bc00000, 0x000000008bd00000|  0%| F|  |TAMS 0x000000008bc00000, 0x000000008bc00000| Untracked 
|  29|0x000000008bd00000, 0x000000008bd00000, 0x000000008be00000|  0%| F|  |TAMS 0x000000008bd00000, 0x000000008bd00000| Untracked 
|  30|0x000000008be00000, 0x000000008be00000, 0x000000008bf00000|  0%| F|  |TAMS 0x000000008be00000, 0x000000008be00000| Untracked 
|  31|0x000000008bf00000, 0x000000008bf00000, 0x000000008c000000|  0%| F|  |TAMS 0x000000008bf00000, 0x000000008bf00000| Untracked 
|  32|0x000000008c000000, 0x000000008c000000, 0x000000008c100000|  0%| F|  |TAMS 0x000000008c000000, 0x000000008c000000| Untracked 
|  33|0x000000008c100000, 0x000000008c100000, 0x000000008c200000|  0%| F|  |TAMS 0x000000008c100000, 0x000000008c100000| Untracked 
|  34|0x000000008c200000, 0x000000008c200000, 0x000000008c300000|  0%| F|  |TAMS 0x000000008c200000, 0x000000008c200000| Untracked 
|  35|0x000000008c300000, 0x000000008c300000, 0x000000008c400000|  0%| F|  |TAMS 0x000000008c300000, 0x000000008c300000| Untracked 
|  36|0x000000008c400000, 0x000000008c400000, 0x000000008c500000|  0%| F|  |TAMS 0x000000008c400000, 0x000000008c400000| Untracked 
|  37|0x000000008c500000, 0x000000008c500000, 0x000000008c600000|  0%| F|  |TAMS 0x000000008c500000, 0x000000008c500000| Untracked 
|  38|0x000000008c600000, 0x000000008c600000, 0x000000008c700000|  0%| F|  |TAMS 0x000000008c600000, 0x000000008c600000| Untracked 
|  39|0x000000008c700000, 0x000000008c700000, 0x000000008c800000|  0%| F|  |TAMS 0x000000008c700000, 0x000000008c700000| Untracked 
|  40|0x000000008c800000, 0x000000008c800000, 0x000000008c900000|  0%| F|  |TAMS 0x000000008c800000, 0x000000008c800000| Untracked 
|  41|0x000000008c900000, 0x000000008c900000, 0x000000008ca00000|  0%| F|  |TAMS 0x000000008c900000, 0x000000008c900000| Untracked 
|  42|0x000000008ca00000, 0x000000008ca00000, 0x000000008cb00000|  0%| F|  |TAMS 0x000000008ca00000, 0x000000008ca00000| Untracked 
|  43|0x000000008cb00000, 0x000000008cb00000, 0x000000008cc00000|  0%| F|  |TAMS 0x000000008cb00000, 0x000000008cb00000| Untracked 
|  44|0x000000008cc00000, 0x000000008cc00000, 0x000000008cd00000|  0%| F|  |TAMS 0x000000008cc00000, 0x000000008cc00000| Untracked 
|  45|0x000000008cd00000, 0x000000008cd00000, 0x000000008ce00000|  0%| F|  |TAMS 0x000000008cd00000, 0x000000008cd00000| Untracked 
|  46|0x000000008ce00000, 0x000000008ce00000, 0x000000008cf00000|  0%| F|  |TAMS 0x000000008ce00000, 0x000000008ce00000| Untracked 
|  47|0x000000008cf00000, 0x000000008cf00000, 0x000000008d000000|  0%| F|  |TAMS 0x000000008cf00000, 0x000000008cf00000| Untracked 
|  48|0x000000008d000000, 0x000000008d000000, 0x000000008d100000|  0%| F|  |TAMS 0x000000008d000000, 0x000000008d000000| Untracked 
|  49|0x000000008d100000, 0x000000008d100000, 0x000000008d200000|  0%| F|  |TAMS 0x000000008d100000, 0x000000008d100000| Untracked 
|  50|0x000000008d200000, 0x000000008d200000, 0x000000008d300000|  0%| F|  |TAMS 0x000000008d200000, 0x000000008d200000| Untracked 
|  51|0x000000008d300000, 0x000000008d300000, 0x000000008d400000|  0%| F|  |TAMS 0x000000008d300000, 0x000000008d300000| Untracked 
|  52|0x000000008d400000, 0x000000008d400000, 0x000000008d500000|  0%| F|  |TAMS 0x000000008d400000, 0x000000008d400000| Untracked 
|  53|0x000000008d500000, 0x000000008d500000, 0x000000008d600000|  0%| F|  |TAMS 0x000000008d500000, 0x000000008d500000| Untracked 
|  54|0x000000008d600000, 0x000000008d600000, 0x000000008d700000|  0%| F|  |TAMS 0x000000008d600000, 0x000000008d600000| Untracked 
|  55|0x000000008d700000, 0x000000008d700000, 0x000000008d800000|  0%| F|  |TAMS 0x000000008d700000, 0x000000008d700000| Untracked 
|  56|0x000000008d800000, 0x000000008d800000, 0x000000008d900000|  0%| F|  |TAMS 0x000000008d800000, 0x000000008d800000| Untracked 
|  57|0x000000008d900000, 0x000000008d900000, 0x000000008da00000|  0%| F|  |TAMS 0x000000008d900000, 0x000000008d900000| Untracked 
|  58|0x000000008da00000, 0x000000008da00000, 0x000000008db00000|  0%| F|  |TAMS 0x000000008da00000, 0x000000008da00000| Untracked 
|  59|0x000000008db00000, 0x000000008db00000, 0x000000008dc00000|  0%| F|  |TAMS 0x000000008db00000, 0x000000008db00000| Untracked 
|  60|0x000000008dc00000, 0x000000008dc00000, 0x000000008dd00000|  0%| F|  |TAMS 0x000000008dc00000, 0x000000008dc00000| Untracked 
|  61|0x000000008dd00000, 0x000000008dd00000, 0x000000008de00000|  0%| F|  |TAMS 0x000000008dd00000, 0x000000008dd00000| Untracked 
|  62|0x000000008de00000, 0x000000008de00000, 0x000000008df00000|  0%| F|  |TAMS 0x000000008de00000, 0x000000008de00000| Untracked 
|  63|0x000000008df00000, 0x000000008df00000, 0x000000008e000000|  0%| F|  |TAMS 0x000000008df00000, 0x000000008df00000| Untracked 
|  64|0x000000008e000000, 0x000000008e000000, 0x000000008e100000|  0%| F|  |TAMS 0x000000008e000000, 0x000000008e000000| Untracked 
|  65|0x000000008e100000, 0x000000008e100000, 0x000000008e200000|  0%| F|  |TAMS 0x000000008e100000, 0x000000008e100000| Untracked 
|  66|0x000000008e200000, 0x000000008e200000, 0x000000008e300000|  0%| F|  |TAMS 0x000000008e200000, 0x000000008e200000| Untracked 
|  67|0x000000008e300000, 0x000000008e300000, 0x000000008e400000|  0%| F|  |TAMS 0x000000008e300000, 0x000000008e300000| Untracked 
|  68|0x000000008e400000, 0x000000008e400000, 0x000000008e500000|  0%| F|  |TAMS 0x000000008e400000, 0x000000008e400000| Untracked 
|  69|0x000000008e500000, 0x000000008e500000, 0x000000008e600000|  0%| F|  |TAMS 0x000000008e500000, 0x000000008e500000| Untracked 
|  70|0x000000008e600000, 0x000000008e600000, 0x000000008e700000|  0%| F|  |TAMS 0x000000008e600000, 0x000000008e600000| Untracked 
|  71|0x000000008e700000, 0x000000008e700000, 0x000000008e800000|  0%| F|  |TAMS 0x000000008e700000, 0x000000008e700000| Untracked 
|  72|0x000000008e800000, 0x000000008e800000, 0x000000008e900000|  0%| F|  |TAMS 0x000000008e800000, 0x000000008e800000| Untracked 
|  73|0x000000008e900000, 0x000000008e900000, 0x000000008ea00000|  0%| F|  |TAMS 0x000000008e900000, 0x000000008e900000| Untracked 
|  74|0x000000008ea00000, 0x000000008ea00000, 0x000000008eb00000|  0%| F|  |TAMS 0x000000008ea00000, 0x000000008ea00000| Untracked 
|  75|0x000000008eb00000, 0x000000008eb00000, 0x000000008ec00000|  0%| F|  |TAMS 0x000000008eb00000, 0x000000008eb00000| Untracked 
|  76|0x000000008ec00000, 0x000000008ec00000, 0x000000008ed00000|  0%| F|  |TAMS 0x000000008ec00000, 0x000000008ec00000| Untracked 
|  77|0x000000008ed00000, 0x000000008ed00000, 0x000000008ee00000|  0%| F|  |TAMS 0x000000008ed00000, 0x000000008ed00000| Untracked 
|  78|0x000000008ee00000, 0x000000008ee44180, 0x000000008ef00000| 26%| E|  |TAMS 0x000000008ee00000, 0x000000008ee00000| Complete 
|  79|0x000000008ef00000, 0x000000008f000000, 0x000000008f000000|100%| E|CS|TAMS 0x000000008ef00000, 0x000000008ef00000| Complete 
|  80|0x000000008f000000, 0x000000008f0c4a58, 0x000000008f100000| 76%| S|CS|TAMS 0x000000008f000000, 0x000000008f000000| Complete 
|  81|0x000000008f100000, 0x000000008f200000, 0x000000008f200000|100%| S|CS|TAMS 0x000000008f100000, 0x000000008f100000| Complete 
|  82|0x000000008f200000, 0x000000008f300000, 0x000000008f300000|100%| S|CS|TAMS 0x000000008f200000, 0x000000008f200000| Complete 
|  83|0x000000008f300000, 0x000000008f400000, 0x000000008f400000|100%| S|CS|TAMS 0x000000008f300000, 0x000000008f300000| Complete 
|  84|0x000000008f400000, 0x000000008f500000, 0x000000008f500000|100%| E|CS|TAMS 0x000000008f400000, 0x000000008f400000| Complete 
|  85|0x000000008f500000, 0x000000008f600000, 0x000000008f600000|100%| E|CS|TAMS 0x000000008f500000, 0x000000008f500000| Complete 
|  86|0x000000008f600000, 0x000000008f700000, 0x000000008f700000|100%| E|CS|TAMS 0x000000008f600000, 0x000000008f600000| Complete 
|  87|0x000000008f700000, 0x000000008f800000, 0x000000008f800000|100%| E|CS|TAMS 0x000000008f700000, 0x000000008f700000| Complete 
|  88|0x000000008f800000, 0x000000008f900000, 0x000000008f900000|100%| E|CS|TAMS 0x000000008f800000, 0x000000008f800000| Complete 
|  89|0x000000008f900000, 0x000000008fa00000, 0x000000008fa00000|100%| E|CS|TAMS 0x000000008f900000, 0x000000008f900000| Complete 
|  90|0x000000008fa00000, 0x000000008fb00000, 0x000000008fb00000|100%| E|CS|TAMS 0x000000008fa00000, 0x000000008fa00000| Complete 
|  91|0x000000008fb00000, 0x000000008fc00000, 0x000000008fc00000|100%| E|CS|TAMS 0x000000008fb00000, 0x000000008fb00000| Complete 
|  92|0x000000008fc00000, 0x000000008fd00000, 0x000000008fd00000|100%| E|CS|TAMS 0x000000008fc00000, 0x000000008fc00000| Complete 
|  93|0x000000008fd00000, 0x000000008fe00000, 0x000000008fe00000|100%| E|CS|TAMS 0x000000008fd00000, 0x000000008fd00000| Complete 
|  94|0x000000008fe00000, 0x000000008ff00000, 0x000000008ff00000|100%| E|CS|TAMS 0x000000008fe00000, 0x000000008fe00000| Complete 
|  95|0x000000008ff00000, 0x0000000090000000, 0x0000000090000000|100%| E|CS|TAMS 0x000000008ff00000, 0x000000008ff00000| Complete 
|  96|0x0000000090000000, 0x0000000090100000, 0x0000000090100000|100%| E|CS|TAMS 0x0000000090000000, 0x0000000090000000| Complete 
|  97|0x0000000090100000, 0x0000000090200000, 0x0000000090200000|100%| E|CS|TAMS 0x0000000090100000, 0x0000000090100000| Complete 
|  98|0x0000000090200000, 0x0000000090300000, 0x0000000090300000|100%| E|CS|TAMS 0x0000000090200000, 0x0000000090200000| Complete 
|  99|0x0000000090300000, 0x0000000090400000, 0x0000000090400000|100%| E|CS|TAMS 0x0000000090300000, 0x0000000090300000| Complete 
| 100|0x0000000090400000, 0x0000000090500000, 0x0000000090500000|100%| E|CS|TAMS 0x0000000090400000, 0x0000000090400000| Complete 
| 101|0x0000000090500000, 0x0000000090600000, 0x0000000090600000|100%| E|CS|TAMS 0x0000000090500000, 0x0000000090500000| Complete 
| 102|0x0000000090600000, 0x0000000090700000, 0x0000000090700000|100%| E|CS|TAMS 0x0000000090600000, 0x0000000090600000| Complete 
| 103|0x0000000090700000, 0x0000000090800000, 0x0000000090800000|100%| E|CS|TAMS 0x0000000090700000, 0x0000000090700000| Complete 
| 104|0x0000000090800000, 0x0000000090900000, 0x0000000090900000|100%| E|CS|TAMS 0x0000000090800000, 0x0000000090800000| Complete 
| 105|0x0000000090900000, 0x0000000090a00000, 0x0000000090a00000|100%| E|CS|TAMS 0x0000000090900000, 0x0000000090900000| Complete 
| 106|0x0000000090a00000, 0x0000000090b00000, 0x0000000090b00000|100%| E|CS|TAMS 0x0000000090a00000, 0x0000000090a00000| Complete 
| 107|0x0000000090b00000, 0x0000000090c00000, 0x0000000090c00000|100%| E|CS|TAMS 0x0000000090b00000, 0x0000000090b00000| Complete 
| 108|0x0000000090c00000, 0x0000000090d00000, 0x0000000090d00000|100%| E|CS|TAMS 0x0000000090c00000, 0x0000000090c00000| Complete 
| 109|0x0000000090d00000, 0x0000000090e00000, 0x0000000090e00000|100%| E|CS|TAMS 0x0000000090d00000, 0x0000000090d00000| Complete 
| 110|0x0000000090e00000, 0x0000000090f00000, 0x0000000090f00000|100%| E|CS|TAMS 0x0000000090e00000, 0x0000000090e00000| Complete 
| 111|0x0000000090f00000, 0x0000000091000000, 0x0000000091000000|100%| E|CS|TAMS 0x0000000090f00000, 0x0000000090f00000| Complete 
| 112|0x0000000091000000, 0x0000000091100000, 0x0000000091100000|100%| E|CS|TAMS 0x0000000091000000, 0x0000000091000000| Complete 
| 113|0x0000000091100000, 0x0000000091200000, 0x0000000091200000|100%| E|CS|TAMS 0x0000000091100000, 0x0000000091100000| Complete 
| 114|0x0000000091200000, 0x0000000091300000, 0x0000000091300000|100%| E|CS|TAMS 0x0000000091200000, 0x0000000091200000| Complete 
| 115|0x0000000091300000, 0x0000000091400000, 0x0000000091400000|100%| E|CS|TAMS 0x0000000091300000, 0x0000000091300000| Complete 
| 116|0x0000000091400000, 0x0000000091500000, 0x0000000091500000|100%| E|CS|TAMS 0x0000000091400000, 0x0000000091400000| Complete 
| 117|0x0000000091500000, 0x0000000091600000, 0x0000000091600000|100%| E|CS|TAMS 0x0000000091500000, 0x0000000091500000| Complete 

Card table byte_map: [0x00000174ea7d0000,0x00000174eab80000] _byte_map_base: 0x00000174ea380000

Marking Bits (Prev, Next): (CMBitMap*) 0x00000174d17a1c40, (CMBitMap*) 0x00000174d17a1c80
 Prev Bits: [0x00000174eaf30000, 0x00000174eccb0000)
 Next Bits: [0x00000174eccb0000, 0x00000174eea30000)

Polling page: 0x00000174d1840000

Metaspace:

Usage:
  Non-class:     14.95 MB used.
      Class:      2.41 MB used.
       Both:     17.37 MB used.

Virtual space:
  Non-class space:       16.00 MB reserved,      15.06 MB ( 94%) committed,  2 nodes.
      Class space:        1.00 GB reserved,       2.50 MB ( <1%) committed,  1 nodes.
             Both:        1.02 GB reserved,      17.56 MB (  2%) committed. 

Chunk freelists:
   Non-Class:  320.00 KB
       Class:  1.51 MB
        Both:  1.82 MB

MaxMetaspaceSize: unlimited
CompressedClassSpaceSize: 1.00 GB
Initial GC threshold: 21.00 MB
Current GC threshold: 21.00 MB
CDS: on
MetaspaceReclaimPolicy: balanced
 - commit_granule_bytes: 65536.
 - commit_granule_words: 8192.
 - virtual_space_node_default_size: 1048576.
 - enlarge_chunks_in_place: 1.
 - new_chunks_are_fully_committed: 0.
 - uncommit_free_chunks: 1.
 - use_allocation_guard: 0.
 - handle_deallocations: 1.


Internal statistics:

num_allocs_failed_limit: 0.
num_arena_births: 190.
num_arena_deaths: 0.
num_vsnodes_births: 3.
num_vsnodes_deaths: 0.
num_space_committed: 281.
num_space_uncommitted: 0.
num_chunks_returned_to_freelist: 0.
num_chunks_taken_from_freelist: 760.
num_chunk_merges: 0.
num_chunk_splits: 536.
num_chunks_enlarged: 421.
num_purges: 0.
num_inconsistent_stats: 0.

CodeHeap 'non-profiled nmethods': size=120000Kb used=1740Kb max_used=1740Kb free=118259Kb
 bounds [0x00000174e2270000, 0x00000174e24e0000, 0x00000174e97a0000]
CodeHeap 'profiled nmethods': size=120000Kb used=7243Kb max_used=7243Kb free=112756Kb
 bounds [0x00000174dad40000, 0x00000174db460000, 0x00000174e2270000]
CodeHeap 'non-nmethods': size=5760Kb used=1502Kb max_used=1570Kb free=4257Kb
 bounds [0x00000174da7a0000, 0x00000174daa10000, 0x00000174dad40000]
 total_blobs=4399 nmethods=3604 adapters=707
 compilation: enabled
              stopped_count=0, restarted_count=0
 full_count=0

Compilation events (20 events):
Event: 79.954 Thread 0x00000174f16dbd50 3602       3       javafx.scene.text.Text::getWrappingWidth (19 bytes)
Event: 79.954 Thread 0x00000174f31ce300 nmethod 3604 0x00000174e2422610 code [0x00000174e24227c0, 0x00000174e24228b8]
Event: 79.955 Thread 0x00000174f16dbd50 nmethod 3602 0x00000174db44fa10 code [0x00000174db44fbe0, 0x00000174db44ffa8]
Event: 79.955 Thread 0x00000174f16dbd50 3603       3       javafx.geometry.Bounds::<init> (64 bytes)
Event: 79.955 Thread 0x00000174f16dbd50 nmethod 3603 0x00000174db450110 code [0x00000174db4502a0, 0x00000174db450438]
Event: 79.955 Thread 0x00000174f16dbd50 3600       3       com.sun.javafx.beans.event.AbstractNotifyListener::<init> (17 bytes)
Event: 79.955 Thread 0x00000174f16dbd50 nmethod 3600 0x00000174db450510 code [0x00000174db4506e0, 0x00000174db450bc8]
Event: 79.955 Thread 0x00000174f16dbd50 3601       3       javafx.collections.FXCollections$UnmodifiableObservableListImpl::size (10 bytes)
Event: 79.955 Thread 0x00000174f16dbd50 nmethod 3601 0x00000174db450d90 code [0x00000174db450f40, 0x00000174db451128]
Event: 79.955 Thread 0x00000174f16dbd50 3605       3       com.sun.javafx.scene.NodeHelper::layoutBoundsChanged (10 bytes)
Event: 79.955 Thread 0x00000174f16dbd50 nmethod 3605 0x00000174db451210 code [0x00000174db4513c0, 0x00000174db4515a8]
Event: 79.955 Thread 0x00000174f16dbd50 3606       3       javafx.scene.Node$1::layoutBoundsChanged (5 bytes)
Event: 79.955 Thread 0x00000174f16dbd50 nmethod 3606 0x00000174db451710 code [0x00000174db4518c0, 0x00000174db451a08]
Event: 79.955 Thread 0x00000174f16dbd50 3598       3       javafx.scene.control.TableColumnBase::getWidth (8 bytes)
Event: 79.956 Thread 0x00000174f16dbd50 nmethod 3598 0x00000174db451b10 code [0x00000174db451cc0, 0x00000174db452008]
Event: 79.956 Thread 0x00000174f16dbd50 3607       3       com.sun.javafx.font.LogicalFont::equals (32 bytes)
Event: 79.956 Thread 0x00000174f16dbd50 nmethod 3607 0x00000174db452110 code [0x00000174db4522e0, 0x00000174db452708]
Event: 79.956 Thread 0x00000174f16dbd50 3595       3       javafx.scene.Node::focusTraversableProperty (25 bytes)
Event: 79.956 Thread 0x00000174f16dbd50 nmethod 3595 0x00000174db452810 code [0x00000174db4529c0, 0x00000174db452d88]
Event: 79.957 Thread 0x00000174f16d2f90 nmethod 3596 0x00000174e2422910 code [0x00000174e2422ae0, 0x00000174e2422f78]

GC Heap History (4 events):
Event: 0.918 GC heap before
{Heap before GC invocations=0 (full 0):
 garbage-first heap   total 120832K, used 22528K [0x000000008a000000, 0x0000000100000000)
  region size 1024K, 23 young (23552K), 0 survivors (0K)
 Metaspace       used 4752K, committed 4992K, reserved 1056768K
  class space    used 547K, committed 640K, reserved 1048576K
}
Event: 0.923 GC heap after
{Heap after GC invocations=1 (full 0):
 garbage-first heap   total 120832K, used 3578K [0x000000008a000000, 0x0000000100000000)
  region size 1024K, 3 young (3072K), 3 survivors (3072K)
 Metaspace       used 4752K, committed 4992K, reserved 1056768K
  class space    used 547K, committed 640K, reserved 1048576K
}
Event: 1.725 GC heap before
{Heap before GC invocations=1 (full 0):
 garbage-first heap   total 120832K, used 35322K [0x000000008a000000, 0x0000000100000000)
  region size 1024K, 34 young (34816K), 3 survivors (3072K)
 Metaspace       used 12021K, committed 12224K, reserved 1064960K
  class space    used 1664K, committed 1728K, reserved 1048576K
}
Event: 1.730 GC heap after
{Heap after GC invocations=2 (full 0):
 garbage-first heap   total 120832K, used 7627K [0x000000008a000000, 0x0000000100000000)
  region size 1024K, 4 young (4096K), 4 survivors (4096K)
 Metaspace       used 12021K, committed 12224K, reserved 1064960K
  class space    used 1664K, committed 1728K, reserved 1048576K
}

Deoptimization events (20 events):
Event: 79.842 Thread 0x00000174f3b8a8d0 DEOPT PACKING pc=0x00000174e23c2808 sp=0x0000002afdbf94a0
Event: 79.842 Thread 0x00000174f3b8a8d0 DEOPT UNPACKING pc=0x00000174da7f23a3 sp=0x0000002afdbf94c0 mode 2
Event: 79.842 Thread 0x00000174f3b8a8d0 Uncommon trap: trap_request=0xffffffd6 fr.pc=0x00000174e23c2808 relative=0x0000000000006c28
Event: 79.842 Thread 0x00000174f3b8a8d0 Uncommon trap: reason=array_check action=maybe_recompile pc=0x00000174e23c2808 method=javafx.css.SimpleSelector.applies(Ljavafx/css/Styleable;[Ljava/util/Set;I)Z @ 37 c2
Event: 79.842 Thread 0x00000174f3b8a8d0 DEOPT PACKING pc=0x00000174e23c2808 sp=0x0000002afdbf93d0
Event: 79.842 Thread 0x00000174f3b8a8d0 DEOPT UNPACKING pc=0x00000174da7f23a3 sp=0x0000002afdbf9418 mode 2
Event: 79.842 Thread 0x00000174f3b8a8d0 Uncommon trap: trap_request=0xffffffd6 fr.pc=0x00000174e23a9680 relative=0x0000000000000240
Event: 79.842 Thread 0x00000174f3b8a8d0 Uncommon trap: reason=array_check action=maybe_recompile pc=0x00000174e23a9680 method=javafx.css.SimpleSelector.applies(Ljavafx/css/Styleable;[Ljava/util/Set;I)Z @ 37 c2
Event: 79.842 Thread 0x00000174f3b8a8d0 DEOPT PACKING pc=0x00000174e23a9680 sp=0x0000002afdbf94f0
Event: 79.842 Thread 0x00000174f3b8a8d0 DEOPT UNPACKING pc=0x00000174da7f23a3 sp=0x0000002afdbf94b8 mode 2
Event: 79.848 Thread 0x00000174f3b8a8d0 Uncommon trap: trap_request=0xfffffff4 fr.pc=0x00000174e240133c relative=0x000000000000ab7c
Event: 79.848 Thread 0x00000174f3b8a8d0 Uncommon trap: reason=null_check action=make_not_entrant pc=0x00000174e240133c method=javafx.scene.CssStyleHelper.getCachedFont(Ljavafx/css/Styleable;)Lcom/sun/javafx/css/CalculatedValue; @ 1 c2
Event: 79.848 Thread 0x00000174f3b8a8d0 DEOPT PACKING pc=0x00000174e240133c sp=0x0000002afdbfa180
Event: 79.848 Thread 0x00000174f3b8a8d0 DEOPT UNPACKING pc=0x00000174da7f23a3 sp=0x0000002afdbfa0c8 mode 2
Event: 79.862 Thread 0x00000174f3b8a8d0 DEOPT PACKING pc=0x00000174db21d46d sp=0x0000002afdbf9770
Event: 79.862 Thread 0x00000174f3b8a8d0 DEOPT UNPACKING pc=0x00000174da7f2b43 sp=0x0000002afdbf8c08 mode 0
Event: 79.965 Thread 0x00000174f2b18680 DEOPT PACKING pc=0x00000174db169ba4 sp=0x0000002afd2ff020
Event: 79.965 Thread 0x00000174f2b18680 DEOPT UNPACKING pc=0x00000174da7f2b43 sp=0x0000002afd2fe548 mode 1
Event: 79.967 Thread 0x00000174f319fb20 DEOPT PACKING pc=0x00000174daeae8cc sp=0x0000002afd5ff110
Event: 79.967 Thread 0x00000174f319fb20 DEOPT UNPACKING pc=0x00000174da7f2b43 sp=0x0000002afd5fe570 mode 1

Classes unloaded (0 events):
No events

Classes redefined (0 events):
No events

Internal exceptions (20 events):
Event: 1.150 Thread 0x00000174f3b8a8d0 Exception <a 'java/lang/ClassNotFoundException'{0x0000000090c37508}: com/sun/glass/ui/win/themes_ru> (0x0000000090c37508) 
thrown [t:\workspace\open\src\hotspot\share\prims\jni.cpp, line 535]
Event: 1.150 Thread 0x00000174f3b8a8d0 Exception <a 'java/lang/ClassNotFoundException'{0x0000000090c38948}: com/sun/glass/ui/win/themes_ru_RU> (0x0000000090c38948) 
thrown [t:\workspace\open\src\hotspot\share\prims\jni.cpp, line 535]
Event: 1.252 Thread 0x00000174f3b8a8d0 Exception <a 'java/lang/NoSuchMethodError'{0x00000000907d8a20}: 'void java.lang.invoke.DirectMethodHandle$Holder.invokeStaticInit(java.lang.Object, java.lang.Object)'> (0x00000000907d8a20) 
thrown [t:\workspace\open\src\hotspot\share\interpreter\linkResolver.cpp, line 766]
Event: 1.267 Thread 0x00000174f3b8a8d0 Exception <a 'java/lang/NoSuchMethodError'{0x00000000906ee2d0}: 'void java.lang.invoke.DirectMethodHandle$Holder.invokeSpecial(java.lang.Object, java.lang.Object, java.lang.Object, java.lang.Object, java.lang.Object)'> (0x00000000906ee2d0) 
thrown [t:\workspace\open\src\hotspot\share\interpreter\linkResolver.cpp, line 766]
Event: 1.448 Thread 0x00000174f3b8a8d0 Implicit null exception at 0x00000174e2291e58 to 0x00000174e2291eee
Event: 1.500 Thread 0x00000174f3b8a8d0 Implicit null exception at 0x00000174e22d441b to 0x00000174e22d4a08
Event: 1.500 Thread 0x00000174f3b8a8d0 Implicit null exception at 0x00000174e22d781b to 0x00000174e22d7db8
Event: 1.655 Thread 0x00000174f3b8a8d0 Exception <a 'java/lang/ClassNotFoundException'{0x000000008f6a1358}: com/sun/javafx/scene/control/skin/resources/controls> (0x000000008f6a1358) 
thrown [t:\workspace\open\src\hotspot\share\prims\jni.cpp, line 535]
Event: 1.656 Thread 0x00000174f3b8a8d0 Exception <a 'java/lang/ClassNotFoundException'{0x000000008f6af2f8}: com/sun/javafx/scene/control/skin/resources/controls_ru> (0x000000008f6af2f8) 
thrown [t:\workspace\open\src\hotspot\share\prims\jni.cpp, line 535]
Event: 1.656 Thread 0x00000174f3b8a8d0 Exception <a 'java/lang/ClassNotFoundException'{0x000000008f6b0990}: com/sun/javafx/scene/control/skin/resources/controls_ru_RU> (0x000000008f6b0990) 
thrown [t:\workspace\open\src\hotspot\share\prims\jni.cpp, line 535]
Event: 1.715 Thread 0x00000174f3b8a8d0 Exception <a 'java/lang/NoSuchMethodError'{0x000000008f486fe0}: 'void java.lang.invoke.DirectMethodHandle$Holder.invokeSpecial(java.lang.Object, java.lang.Object, java.lang.Object, java.lang.Object, java.lang.Object, java.lang.Object)'> (0x000000008f486fe0) 
thrown [t:\workspace\open\src\hotspot\share\interpreter\linkResolver.cpp, line 766]
Event: 1.719 Thread 0x00000174f3b8a8d0 Exception <a 'java/lang/NoSuchMethodError'{0x000000008f4a9730}: 'java.lang.Object java.lang.invoke.DirectMethodHandle$Holder.invokeInterface(java.lang.Object, java.lang.Object, java.lang.Object)'> (0x000000008f4a9730) 
thrown [t:\workspace\open\src\hotspot\share\interpreter\linkResolver.cpp, line 766]
Event: 1.720 Thread 0x00000174f3b8a8d0 Exception <a 'java/lang/IncompatibleClassChangeError'{0x000000008f4ad0b8}: Found class java.lang.Object, but interface was expected> (0x000000008f4ad0b8) 
thrown [t:\workspace\open\src\hotspot\share\interpreter\linkResolver.cpp, line 833]
Event: 1.837 Thread 0x00000174f3b8a8d0 Exception <a 'java/lang/NoSuchMethodError'{0x0000000091069300}: 'java.lang.Object java.lang.invoke.DirectMethodHandle$Holder.newInvokeSpecial(java.lang.Object, java.lang.Object, int)'> (0x0000000091069300) 
thrown [t:\workspace\open\src\hotspot\share\interpreter\linkResolver.cpp, line 766]
Event: 1.872 Thread 0x00000174f2b18680 Exception <a 'java/lang/NoSuchMethodError'{0x0000000090f9f898}: 'int java.lang.invoke.DirectMethodHandle$Holder.invokeStaticInit(java.lang.Object, java.lang.Object)'> (0x0000000090f9f898) 
thrown [t:\workspace\open\src\hotspot\share\interpreter\linkResolver.cpp, line 766]
Event: 1.884 Thread 0x00000174f3b8a8d0 Exception <a 'java/lang/NoSuchMethodError'{0x0000000090f6b5f8}: 'long java.lang.invoke.DirectMethodHandle$Holder.invokeStatic(java.lang.Object, java.lang.Object, java.lang.Object)'> (0x0000000090f6b5f8) 
thrown [t:\workspace\open\src\hotspot\share\interpreter\linkResolver.cpp, line 766]
Event: 1.885 Thread 0x00000174f3b8a8d0 Exception <a 'java/lang/NoSuchMethodError'{0x0000000090f6eda0}: 'long java.lang.invoke.DirectMethodHandle$Holder.invokeStaticInit(java.lang.Object, java.lang.Object, java.lang.Object)'> (0x0000000090f6eda0) 
thrown [t:\workspace\open\src\hotspot\share\interpreter\linkResolver.cpp, line 766]
Event: 1.887 Thread 0x00000174f3b8a8d0 Exception <a 'java/lang/NoSuchMethodError'{0x0000000090ef6160}: 'java.lang.Object java.lang.invoke.DirectMethodHandle$Holder.newInvokeSpecial(java.lang.Object, java.lang.Object, long)'> (0x0000000090ef6160) 
thrown [t:\workspace\open\src\hotspot\share\interpreter\linkResolver.cpp, line 766]
Event: 1.888 Thread 0x00000174f3b8a8d0 Exception <a 'java/lang/NoSuchMethodError'{0x0000000090ef9cd0}: 'java.lang.Object java.lang.invoke.Invokers$Holder.linkToTargetMethod(java.lang.Object, long, java.lang.Object)'> (0x0000000090ef9cd0) 
thrown [t:\workspace\open\src\hotspot\share\interpreter\linkResolver.cpp, line 766]
Event: 79.848 Thread 0x00000174f3b8a8d0 Implicit null exception at 0x00000174e23f7b50 to 0x00000174e2401324

VM Operations (20 events):
Event: 57.668 Executing VM operation: get/set locals done
Event: 57.668 Executing VM operation: get/set locals
Event: 57.668 Executing VM operation: get/set locals done
Event: 57.668 Executing VM operation: get/set locals
Event: 57.668 Executing VM operation: get/set locals done
Event: 57.668 Executing VM operation: get/set locals
Event: 57.668 Executing VM operation: get/set locals done
Event: 57.668 Executing VM operation: get/set locals
Event: 57.668 Executing VM operation: get/set locals done
Event: 57.668 Executing VM operation: get/set locals
Event: 57.668 Executing VM operation: get/set locals done
Event: 79.839 Executing VM operation: ChangeBreakpoints
Event: 79.839 Executing VM operation: ChangeBreakpoints done
Event: 79.840 Executing VM operation: ChangeBreakpoints
Event: 79.840 Executing VM operation: ChangeBreakpoints done
Event: 79.840 Executing VM operation: ChangeBreakpoints
Event: 79.841 Executing VM operation: ChangeBreakpoints done
Event: 79.841 Executing VM operation: ChangeBreakpoints
Event: 79.841 Executing VM operation: ChangeBreakpoints done
Event: 79.967 Executing VM operation: Exit

Events (20 events):
Event: 16.651 Thread 0x00000174f31cba80 Thread exited: 0x00000174f31cba80
Event: 18.432 loading class entities/MessageToAdmin
Event: 18.432 loading class entities/MessageToAdmin done
Event: 18.432 loading class entities/MessageToAdmin
Event: 18.432 loading class entities/MessageToAdmin done
Event: 79.839 Thread 0x00000174f2afd490 Thread exited: 0x00000174f2afd490
Event: 79.844 Thread 0x00000174f22578c0 Thread exited: 0x00000174f22578c0
Event: 79.856 Thread 0x00000174f31cb570 Thread added: 0x00000174f31cb570
Event: 79.857 Thread 0x00000174f31ce300 Thread added: 0x00000174f31ce300
Event: 79.960 loading class jdk/internal/misc/Signal$1
Event: 79.961 loading class jdk/internal/misc/Signal$1 done
Event: 79.961 Thread 0x00000174f31a2670 Thread added: 0x00000174f31a2670
Event: 79.962 Thread 0x00000174f31a2b40 Thread added: 0x00000174f31a2b40
Event: 79.962 Thread 0x00000174f319fb20 Thread added: 0x00000174f319fb20
Event: 79.963 Thread 0x00000174f31a2b40 Thread exited: 0x00000174f31a2b40
Event: 79.964 loading class com/sun/javafx/tk/quantum/QuantumRenderer
Event: 79.964 loading class com/sun/javafx/tk/quantum/QuantumRenderer done
Event: 79.965 loading class com/sun/javafx/tk/quantum/QuantumToolkit
Event: 79.965 loading class com/sun/javafx/tk/quantum/QuantumToolkit done
Event: 79.967 Thread 0x00000174f319fb20 Thread exited: 0x00000174f319fb20


Dynamic libraries:
0x00007ff732a00000 - 0x00007ff732a0e000 	C:\Users\37544\.jdks\openjdk-17.0.2\bin\java.exe
0x00007ff9178f0000 - 0x00007ff917ae8000 	C:\WINDOWS\SYSTEM32\ntdll.dll
0x00007ff915a80000 - 0x00007ff915b3f000 	C:\WINDOWS\System32\KERNEL32.DLL
0x00007ff9153c0000 - 0x00007ff915692000 	C:\WINDOWS\System32\KERNELBASE.dll
0x00007ff914ff0000 - 0x00007ff9150f0000 	C:\WINDOWS\System32\ucrtbase.dll
0x00007ff905950000 - 0x00007ff90596a000 	C:\Users\37544\.jdks\openjdk-17.0.2\bin\VCRUNTIME140.dll
0x00007ff90e940000 - 0x00007ff90e958000 	C:\Users\37544\.jdks\openjdk-17.0.2\bin\jli.dll
0x00007ff916e80000 - 0x00007ff91701d000 	C:\WINDOWS\System32\USER32.dll
0x00007ff915250000 - 0x00007ff915272000 	C:\WINDOWS\System32\win32u.dll
0x00007ff903520000 - 0x00007ff9037ba000 	C:\WINDOWS\WinSxS\amd64_microsoft.windows.common-controls_6595b64144ccf1df_6.0.19041.1110_none_60b5254171f9507e\COMCTL32.dll
0x00007ff915fb0000 - 0x00007ff915fdb000 	C:\WINDOWS\System32\GDI32.dll
0x00007ff9159d0000 - 0x00007ff915a6e000 	C:\WINDOWS\System32\msvcrt.dll
0x00007ff915740000 - 0x00007ff91584f000 	C:\WINDOWS\System32\gdi32full.dll
0x00007ff9156a0000 - 0x00007ff91573d000 	C:\WINDOWS\System32\msvcp_win.dll
0x00007ff917460000 - 0x00007ff917492000 	C:\WINDOWS\System32\IMM32.DLL
0x00007ff90f6f0000 - 0x00007ff90f6fc000 	C:\Users\37544\.jdks\openjdk-17.0.2\bin\vcruntime140_1.dll
0x00007ff8f45a0000 - 0x00007ff8f462d000 	C:\Users\37544\.jdks\openjdk-17.0.2\bin\msvcp140.dll
0x00007ff8b6100000 - 0x00007ff8b6cc1000 	C:\Users\37544\.jdks\openjdk-17.0.2\bin\server\jvm.dll
0x00007ff917800000 - 0x00007ff9178ae000 	C:\WINDOWS\System32\ADVAPI32.dll
0x00007ff916c50000 - 0x00007ff916cec000 	C:\WINDOWS\System32\sechost.dll
0x00007ff9172d0000 - 0x00007ff9173f5000 	C:\WINDOWS\System32\RPCRT4.dll
0x00007ff917020000 - 0x00007ff917028000 	C:\WINDOWS\System32\PSAPI.DLL
0x00007ff8fe150000 - 0x00007ff8fe159000 	C:\WINDOWS\SYSTEM32\WSOCK32.dll
0x00007ff90a1e0000 - 0x00007ff90a207000 	C:\WINDOWS\SYSTEM32\WINMM.dll
0x00007ff916be0000 - 0x00007ff916c4b000 	C:\WINDOWS\System32\WS2_32.dll
0x00007ff90be30000 - 0x00007ff90be3a000 	C:\WINDOWS\SYSTEM32\VERSION.dll
0x00007ff913800000 - 0x00007ff913812000 	C:\WINDOWS\SYSTEM32\kernel.appcore.dll
0x00007ff90f020000 - 0x00007ff90f02a000 	C:\Users\37544\.jdks\openjdk-17.0.2\bin\jimage.dll
0x00007ff912e40000 - 0x00007ff913024000 	C:\WINDOWS\SYSTEM32\DBGHELP.DLL
0x00007ff8ff170000 - 0x00007ff8ff19c000 	C:\WINDOWS\SYSTEM32\dbgcore.DLL
0x00007ff915330000 - 0x00007ff9153b2000 	C:\WINDOWS\System32\bcryptPrimitives.dll
0x00007ff9088e0000 - 0x00007ff90891b000 	C:\Users\37544\.jdks\openjdk-17.0.2\bin\jdwp.dll
0x00007ff912620000 - 0x00007ff91262e000 	C:\Users\37544\.jdks\openjdk-17.0.2\bin\instrument.dll
0x00007ff8f7b60000 - 0x00007ff8f7b85000 	C:\Users\37544\.jdks\openjdk-17.0.2\bin\java.dll
0x00007ff8f6a40000 - 0x00007ff8f6a58000 	C:\Users\37544\.jdks\openjdk-17.0.2\bin\zip.dll
0x00007ff8f41e0000 - 0x00007ff8f42b6000 	C:\Users\37544\.jdks\openjdk-17.0.2\bin\jsvml.dll
0x00007ff915fe0000 - 0x00007ff916723000 	C:\WINDOWS\System32\SHELL32.dll
0x00007ff913030000 - 0x00007ff9137c2000 	C:\WINDOWS\SYSTEM32\windows.storage.dll
0x00007ff9174a0000 - 0x00007ff9177f4000 	C:\WINDOWS\System32\combase.dll
0x00007ff914a50000 - 0x00007ff914a80000 	C:\WINDOWS\SYSTEM32\Wldp.dll
0x00007ff917030000 - 0x00007ff9170dd000 	C:\WINDOWS\System32\SHCORE.dll
0x00007ff917400000 - 0x00007ff917455000 	C:\WINDOWS\System32\shlwapi.dll
0x00007ff914f30000 - 0x00007ff914f4f000 	C:\WINDOWS\SYSTEM32\profapi.dll
0x00007ff8f7b40000 - 0x00007ff8f7b59000 	C:\Users\37544\.jdks\openjdk-17.0.2\bin\net.dll
0x00007ff90ce90000 - 0x00007ff90cf9c000 	C:\WINDOWS\SYSTEM32\WINHTTP.dll
0x00007ff9147b0000 - 0x00007ff91481a000 	C:\WINDOWS\system32\mswsock.dll
0x00007ff8f6a60000 - 0x00007ff8f6a76000 	C:\Users\37544\.jdks\openjdk-17.0.2\bin\nio.dll
0x00007ff90c7f0000 - 0x00007ff90c7fc000 	C:\Users\37544\.jdks\openjdk-17.0.2\bin\dt_socket.dll
0x00007ff914430000 - 0x00007ff91446b000 	C:\WINDOWS\SYSTEM32\IPHLPAPI.DLL
0x00000174f1770000 - 0x00000174f1773000 	C:\Users\37544\Downloads\openjfx-18.0.2_windows-x64_bin-sdk\javafx-sdk-18.0.2\bin\api-ms-win-core-console-l1-1-0.dll
0x00000174f1780000 - 0x00000174f1783000 	C:\Users\37544\Downloads\openjfx-18.0.2_windows-x64_bin-sdk\javafx-sdk-18.0.2\bin\api-ms-win-core-console-l1-2-0.dll
0x00000174f1790000 - 0x00000174f1793000 	C:\Users\37544\Downloads\openjfx-18.0.2_windows-x64_bin-sdk\javafx-sdk-18.0.2\bin\api-ms-win-core-datetime-l1-1-0.dll
0x00000174f17a0000 - 0x00000174f17a3000 	C:\Users\37544\Downloads\openjfx-18.0.2_windows-x64_bin-sdk\javafx-sdk-18.0.2\bin\api-ms-win-core-debug-l1-1-0.dll
0x00000174f17b0000 - 0x00000174f17b3000 	C:\Users\37544\Downloads\openjfx-18.0.2_windows-x64_bin-sdk\javafx-sdk-18.0.2\bin\api-ms-win-core-errorhandling-l1-1-0.dll
0x00000174f17c0000 - 0x00000174f17c4000 	C:\Users\37544\Downloads\openjfx-18.0.2_windows-x64_bin-sdk\javafx-sdk-18.0.2\bin\api-ms-win-core-file-l1-1-0.dll
0x00000174f17d0000 - 0x00000174f17d3000 	C:\Users\37544\Downloads\openjfx-18.0.2_windows-x64_bin-sdk\javafx-sdk-18.0.2\bin\api-ms-win-core-file-l1-2-0.dll
0x00000174f17e0000 - 0x00000174f17e3000 	C:\Users\37544\Downloads\openjfx-18.0.2_windows-x64_bin-sdk\javafx-sdk-18.0.2\bin\api-ms-win-core-file-l2-1-0.dll
0x00000174f17f0000 - 0x00000174f17f3000 	C:\Users\37544\Downloads\openjfx-18.0.2_windows-x64_bin-sdk\javafx-sdk-18.0.2\bin\api-ms-win-core-handle-l1-1-0.dll
0x00000174f3ce0000 - 0x00000174f3ce3000 	C:\Users\37544\Downloads\openjfx-18.0.2_windows-x64_bin-sdk\javafx-sdk-18.0.2\bin\api-ms-win-core-heap-l1-1-0.dll
0x00000174f3cf0000 - 0x00000174f3cf3000 	C:\Users\37544\Downloads\openjfx-18.0.2_windows-x64_bin-sdk\javafx-sdk-18.0.2\bin\api-ms-win-core-interlocked-l1-1-0.dll
0x00000174f3d00000 - 0x00000174f3d03000 	C:\Users\37544\Downloads\openjfx-18.0.2_windows-x64_bin-sdk\javafx-sdk-18.0.2\bin\api-ms-win-core-libraryloader-l1-1-0.dll
0x00000174f3d10000 - 0x00000174f3d13000 	C:\Users\37544\Downloads\openjfx-18.0.2_windows-x64_bin-sdk\javafx-sdk-18.0.2\bin\api-ms-win-core-localization-l1-2-0.dll
0x00000174f3d20000 - 0x00000174f3d23000 	C:\Users\37544\Downloads\openjfx-18.0.2_windows-x64_bin-sdk\javafx-sdk-18.0.2\bin\api-ms-win-core-memory-l1-1-0.dll
0x00000174f3d30000 - 0x00000174f3d33000 	C:\Users\37544\Downloads\openjfx-18.0.2_windows-x64_bin-sdk\javafx-sdk-18.0.2\bin\api-ms-win-core-namedpipe-l1-1-0.dll
0x00000174f3d40000 - 0x00000174f3d43000 	C:\Users\37544\Downloads\openjfx-18.0.2_windows-x64_bin-sdk\javafx-sdk-18.0.2\bin\api-ms-win-core-processenvironment-l1-1-0.dll
0x00000174f3d50000 - 0x00000174f3d53000 	C:\Users\37544\Downloads\openjfx-18.0.2_windows-x64_bin-sdk\javafx-sdk-18.0.2\bin\api-ms-win-core-processthreads-l1-1-0.dll
0x00000174f3d60000 - 0x00000174f3d63000 	C:\Users\37544\Downloads\openjfx-18.0.2_windows-x64_bin-sdk\javafx-sdk-18.0.2\bin\api-ms-win-core-processthreads-l1-1-1.dll
0x00000174f3d70000 - 0x00000174f3d73000 	C:\Users\37544\Downloads\openjfx-18.0.2_windows-x64_bin-sdk\javafx-sdk-18.0.2\bin\api-ms-win-core-profile-l1-1-0.dll
0x00000174f3d80000 - 0x00000174f3d83000 	C:\Users\37544\Downloads\openjfx-18.0.2_windows-x64_bin-sdk\javafx-sdk-18.0.2\bin\api-ms-win-core-rtlsupport-l1-1-0.dll
0x00000174f3d90000 - 0x00000174f3d93000 	C:\Users\37544\Downloads\openjfx-18.0.2_windows-x64_bin-sdk\javafx-sdk-18.0.2\bin\api-ms-win-core-string-l1-1-0.dll
0x00000174f3da0000 - 0x00000174f3da3000 	C:\Users\37544\Downloads\openjfx-18.0.2_windows-x64_bin-sdk\javafx-sdk-18.0.2\bin\api-ms-win-core-synch-l1-1-0.dll
0x00000174f4100000 - 0x00000174f4103000 	C:\Users\37544\Downloads\openjfx-18.0.2_windows-x64_bin-sdk\javafx-sdk-18.0.2\bin\api-ms-win-core-synch-l1-2-0.dll
0x00000174f4110000 - 0x00000174f4113000 	C:\Users\37544\Downloads\openjfx-18.0.2_windows-x64_bin-sdk\javafx-sdk-18.0.2\bin\api-ms-win-core-sysinfo-l1-1-0.dll
0x00000174f4120000 - 0x00000174f4123000 	C:\Users\37544\Downloads\openjfx-18.0.2_windows-x64_bin-sdk\javafx-sdk-18.0.2\bin\api-ms-win-core-timezone-l1-1-0.dll
0x00000174f4130000 - 0x00000174f4133000 	C:\Users\37544\Downloads\openjfx-18.0.2_windows-x64_bin-sdk\javafx-sdk-18.0.2\bin\api-ms-win-core-util-l1-1-0.dll
0x00000174f4140000 - 0x00000174f4143000 	C:\Users\37544\Downloads\openjfx-18.0.2_windows-x64_bin-sdk\javafx-sdk-18.0.2\bin\api-ms-win-crt-conio-l1-1-0.dll
0x00000174f3db0000 - 0x00000174f3db4000 	C:\Users\37544\Downloads\openjfx-18.0.2_windows-x64_bin-sdk\javafx-sdk-18.0.2\bin\api-ms-win-crt-convert-l1-1-0.dll
0x00000174f3dc0000 - 0x00000174f3dc3000 	C:\Users\37544\Downloads\openjfx-18.0.2_windows-x64_bin-sdk\javafx-sdk-18.0.2\bin\api-ms-win-crt-environment-l1-1-0.dll
0x00000174f3dd0000 - 0x00000174f3dd3000 	C:\Users\37544\Downloads\openjfx-18.0.2_windows-x64_bin-sdk\javafx-sdk-18.0.2\bin\api-ms-win-crt-filesystem-l1-1-0.dll
0x00000174f3de0000 - 0x00000174f3de3000 	C:\Users\37544\Downloads\openjfx-18.0.2_windows-x64_bin-sdk\javafx-sdk-18.0.2\bin\api-ms-win-crt-heap-l1-1-0.dll
0x00000174f3df0000 - 0x00000174f3df3000 	C:\Users\37544\Downloads\openjfx-18.0.2_windows-x64_bin-sdk\javafx-sdk-18.0.2\bin\api-ms-win-crt-locale-l1-1-0.dll
0x00000174f3e00000 - 0x00000174f3e05000 	C:\Users\37544\Downloads\openjfx-18.0.2_windows-x64_bin-sdk\javafx-sdk-18.0.2\bin\api-ms-win-crt-math-l1-1-0.dll
0x00000174f3e10000 - 0x00000174f3e15000 	C:\Users\37544\Downloads\openjfx-18.0.2_windows-x64_bin-sdk\javafx-sdk-18.0.2\bin\api-ms-win-crt-multibyte-l1-1-0.dll
0x00000174f3e20000 - 0x00000174f3e30000 	C:\Users\37544\Downloads\openjfx-18.0.2_windows-x64_bin-sdk\javafx-sdk-18.0.2\bin\api-ms-win-crt-private-l1-1-0.dll
0x00000174f3e30000 - 0x00000174f3e33000 	C:\Users\37544\Downloads\openjfx-18.0.2_windows-x64_bin-sdk\javafx-sdk-18.0.2\bin\api-ms-win-crt-process-l1-1-0.dll
0x00000174f3e40000 - 0x00000174f3e44000 	C:\Users\37544\Downloads\openjfx-18.0.2_windows-x64_bin-sdk\javafx-sdk-18.0.2\bin\api-ms-win-crt-runtime-l1-1-0.dll
0x00000174f3e50000 - 0x00000174f3e54000 	C:\Users\37544\Downloads\openjfx-18.0.2_windows-x64_bin-sdk\javafx-sdk-18.0.2\bin\api-ms-win-crt-stdio-l1-1-0.dll
0x00000174f3e60000 - 0x00000174f3e64000 	C:\Users\37544\Downloads\openjfx-18.0.2_windows-x64_bin-sdk\javafx-sdk-18.0.2\bin\api-ms-win-crt-string-l1-1-0.dll
0x00000174f3e70000 - 0x00000174f3e73000 	C:\Users\37544\Downloads\openjfx-18.0.2_windows-x64_bin-sdk\javafx-sdk-18.0.2\bin\api-ms-win-crt-time-l1-1-0.dll
0x00000174f3e80000 - 0x00000174f3e83000 	C:\Users\37544\Downloads\openjfx-18.0.2_windows-x64_bin-sdk\javafx-sdk-18.0.2\bin\api-ms-win-crt-utility-l1-1-0.dll
0x00007ff8eaa00000 - 0x00007ff8eaafc000 	C:\Users\37544\Downloads\openjfx-18.0.2_windows-x64_bin-sdk\javafx-sdk-18.0.2\bin\ucrtbase.dll
0x00007ff9097b0000 - 0x00007ff9097ca000 	C:\Users\37544\Downloads\openjfx-18.0.2_windows-x64_bin-sdk\javafx-sdk-18.0.2\bin\vcruntime140.dll
0x00007ff9097a0000 - 0x00007ff9097ac000 	C:\Users\37544\Downloads\openjfx-18.0.2_windows-x64_bin-sdk\javafx-sdk-18.0.2\bin\vcruntime140_1.dll
0x00007ff8eca20000 - 0x00007ff8ecaad000 	C:\Users\37544\Downloads\openjfx-18.0.2_windows-x64_bin-sdk\javafx-sdk-18.0.2\bin\msvcp140.dll
0x00007ff904e50000 - 0x00007ff904e7c000 	C:\Users\37544\Downloads\openjfx-18.0.2_windows-x64_bin-sdk\javafx-sdk-18.0.2\bin\prism_d3d.dll
0x00007ff908d70000 - 0x00007ff908f3f000 	C:\WINDOWS\system32\d3d9.dll
0x00007ff912840000 - 0x00007ff91286f000 	C:\WINDOWS\SYSTEM32\dwmapi.dll
0x00007ff912660000 - 0x00007ff9126fe000 	C:\WINDOWS\system32\uxtheme.dll
0x00007ff9171a0000 - 0x00007ff9172ca000 	C:\WINDOWS\System32\ole32.dll
0x00007ff915910000 - 0x00007ff915937000 	C:\WINDOWS\System32\bcrypt.dll
0x00007ff9045d0000 - 0x00007ff904612000 	C:\Users\37544\Downloads\openjfx-18.0.2_windows-x64_bin-sdk\javafx-sdk-18.0.2\bin\glass.dll
0x00007ff9167d0000 - 0x00007ff9168aa000 	C:\WINDOWS\System32\COMDLG32.dll
0x00007ff916db0000 - 0x00007ff916e7d000 	C:\WINDOWS\System32\OLEAUT32.dll
0x00007ff916ac0000 - 0x00007ff916bd5000 	C:\WINDOWS\System32\MSCTF.dll
0x00007ff90ae10000 - 0x00007ff90ae4b000 	C:\WINDOWS\SYSTEM32\dxcore.dll
0x00007ff9158c0000 - 0x00007ff91590e000 	C:\WINDOWS\System32\cfgmgr32.dll
0x00007ff914470000 - 0x00007ff91453a000 	C:\WINDOWS\SYSTEM32\DNSAPI.dll
0x00007ff915a70000 - 0x00007ff915a78000 	C:\WINDOWS\System32\NSI.dll
0x00007ff90dac0000 - 0x00007ff90daca000 	C:\Windows\System32\rasadhlp.dll
0x00007ff907c20000 - 0x00007ff907ca0000 	C:\WINDOWS\System32\fwpuclnt.dll
0x00007ff9045b0000 - 0x00007ff9045c4000 	C:\Users\37544\Downloads\openjfx-18.0.2_windows-x64_bin-sdk\javafx-sdk-18.0.2\bin\javafx_font.dll
0x00007ff8f34c0000 - 0x00007ff8f373f000 	C:\WINDOWS\SYSTEM32\dwrite.dll
0x00007ff916cf0000 - 0x00007ff916d9f000 	C:\WINDOWS\System32\clbcatq.dll
0x00007ff90d900000 - 0x00007ff90dab4000 	C:\WINDOWS\SYSTEM32\WindowsCodecs.dll
0x00007ff8fb770000 - 0x00007ff8fb7ae000 	C:\WINDOWS\system32\dataexchange.dll
0x00007ff911990000 - 0x00007ff911b73000 	C:\WINDOWS\system32\dcomp.dll
0x00007ff911130000 - 0x00007ff911393000 	C:\WINDOWS\system32\d3d11.dll
0x00007ff913870000 - 0x00007ff913963000 	C:\WINDOWS\system32\dxgi.dll
0x00007ff90d250000 - 0x00007ff90d450000 	C:\WINDOWS\system32\twinapi.appcore.dll
0x00007ff90c800000 - 0x00007ff90c834000 	C:\Program Files\Common Files\Microsoft Shared\Ink\rtscom.dll
0x00007ff908f60000 - 0x00007ff909059000 	C:\WINDOWS\SYSTEM32\textinputframework.dll
0x00007ff911b80000 - 0x00007ff911ede000 	C:\WINDOWS\System32\CoreUIComponents.dll
0x00007ff912260000 - 0x00007ff912352000 	C:\WINDOWS\System32\CoreMessaging.dll
0x00007ff914150000 - 0x00007ff914183000 	C:\WINDOWS\SYSTEM32\ntmarta.dll
0x00007ff910b70000 - 0x00007ff910cc4000 	C:\WINDOWS\SYSTEM32\wintypes.dll

dbghelp: loaded successfully - version: 4.0.5 - missing functions: none
symbol engine: initialized successfully - sym options: 0x614 - pdb path: .;C:\Users\37544\.jdks\openjdk-17.0.2\bin;C:\WINDOWS\SYSTEM32;C:\WINDOWS\WinSxS\amd64_microsoft.windows.common-controls_6595b64144ccf1df_6.0.19041.1110_none_60b5254171f9507e;C:\Users\37544\.jdks\openjdk-17.0.2\bin\server;C:\Users\37544\Downloads\openjfx-18.0.2_windows-x64_bin-sdk\javafx-sdk-18.0.2\bin;C:\WINDOWS\System32\DriverStore\FileRepository\u0359763.inf_amd64_cbe903b159d3b969\B359805;C:\Program Files\Common Files\Microsoft Shared\Ink

VM Arguments:
jvm_args: -agentlib:jdwp=transport=dt_socket,address=127.0.0.1:65247,suspend=y,server=n --module-path=C:\Users\37544\Downloads\openjfx-18.0.2_windows-x64_bin-sdk\javafx-sdk-18.0.2\lib --add-modules=javafx.controls,javafx.fxml -javaagent:C:\Users\37544\AppData\Local\JetBrains\IntelliJIdea2022.2\captureAgent\debugger-agent.jar -Dfile.encoding=UTF-8 
java_command: Main
java_class_path (initial): C:\Users\37544\JavaLearn\jdbc-hibernate\showroom-client\target\classes;C:\Users\37544\.m2\repository\org\openjfx\javafx-controls\18.0.1\javafx-controls-18.0.1.jar;C:\Users\37544\.m2\repository\org\openjfx\javafx-controls\18.0.1\javafx-controls-18.0.1-win.jar;C:\Users\37544\.m2\repository\org\openjfx\javafx-graphics\18.0.1\javafx-graphics-18.0.1.jar;C:\Users\37544\.m2\repository\org\openjfx\javafx-graphics\18.0.1\javafx-graphics-18.0.1-win.jar;C:\Users\37544\.m2\repository\org\openjfx\javafx-base\18.0.1\javafx-base-18.0.1.jar;C:\Users\37544\.m2\repository\org\openjfx\javafx-base\18.0.1\javafx-base-18.0.1-win.jar;C:\Users\37544\.m2\repository\org\openjfx\javafx-fxml\18.0.1\javafx-fxml-18.0.1.jar;C:\Users\37544\.m2\repository\org\openjfx\javafx-fxml\18.0.1\javafx-fxml-18.0.1-win.jar;C:\Users\37544\.m2\repository\org\json\json\20210307\json-20210307.jar;C:\Program Files\JetBrains\IntelliJ IDEA 2022.2.1\lib\idea_rt.jar
Launcher Type: SUN_STANDARD

[Global flags]
     intx CICompilerCount                          = 4                                         {product} {ergonomic}
     uint ConcGCThreads                            = 3                                         {product} {ergonomic}
     uint G1ConcRefinementThreads                  = 10                                        {product} {ergonomic}
   size_t G1HeapRegionSize                         = 1048576                                   {product} {ergonomic}
    uintx GCDrainStackTargetSize                   = 64                                        {product} {ergonomic}
   size_t InitialHeapSize                          = 123731968                                 {product} {ergonomic}
   size_t MarkStackSize                            = 4194304                                   {product} {ergonomic}
   size_t MaxHeapSize                              = 1979711488                                {product} {ergonomic}
   size_t MaxNewSize                               = 1186988032                                {product} {ergonomic}
   size_t MinHeapDeltaBytes                        = 1048576                                   {product} {ergonomic}
   size_t MinHeapSize                              = 8388608                                   {product} {ergonomic}
    uintx NonNMethodCodeHeapSize                   = 5839372                                {pd product} {ergonomic}
    uintx NonProfiledCodeHeapSize                  = 122909434                              {pd product} {ergonomic}
    uintx ProfiledCodeHeapSize                     = 122909434                              {pd product} {ergonomic}
    uintx ReservedCodeCacheSize                    = 251658240                              {pd product} {ergonomic}
     bool SegmentedCodeCache                       = true                                      {product} {ergonomic}
   size_t SoftMaxHeapSize                          = 1979711488                             {manageable} {ergonomic}
     bool UseCompressedClassPointers               = true                           {product lp64_product} {ergonomic}
     bool UseCompressedOops                        = true                           {product lp64_product} {ergonomic}
     bool UseG1GC                                  = true                                      {product} {ergonomic}
     bool UseLargePagesIndividualAllocation        = false                                  {pd product} {ergonomic}

Logging:
Log output configuration:
 #0: stdout all=off uptime,level,tags
 #1: stderr all=off uptime,level,tags

Environment Variables:
JAVA_HOME=C:\Users\37544\.jdks\openjdk-17.0.2
PATH=C:\Windows\system32;C:\Windows;C:\Windows\System32\Wbem;C:\Windows\System32\WindowsPowerShell\v1.0\;C:\Windows\System32\OpenSSH\;C:\Program Files (x86)\NVIDIA Corporation\PhysX\Common;C:\Program Files\NVIDIA Corporation\NVIDIA NvDLISR;C:\WINDOWS\system32;C:\WINDOWS;C:\WINDOWS\System32\Wbem;C:\WINDOWS\System32\WindowsPowerShell\v1.0\;C:\WINDOWS\System32\OpenSSH\;C:\Users\37544\.jdks\openjdk-17.0.2\bin;C:\Users\37544\Downloads\apache-maven-3.8.4-bin\apache-maven-3.8.4\bin;C:\Program Files\Git\cmd;c:\altera\91\quartus\bin;C:\Program Files (x86)\Rational\common;C:\Program Files\MySQL\MySQL Shell 8.0\bin\;C:\Users\37544\Downloads\apache-maven-3.8.4-bin;C:\Users\37544\AppData\Local\GitHubDesktop\bin;C:\Users\37544\AppData\Local\Programs\Microsoft VS Code\bin;C:\Users\37544\Downloads\MinGW64\MinGW64\bin;;C:\Program Files\JetBrains\IntelliJ IDEA 2022.2.1\bin;
USERNAME=37544
OS=Windows_NT
PROCESSOR_IDENTIFIER=AMD64 Family 23 Model 96 Stepping 1, AuthenticAMD



---------------  S Y S T E M  ---------------

OS:
 Windows 10 , 64 bit Build 19041 (10.0.19041.2251)
OS uptime: 5 days 19:56 hours
Hyper-V role detected

CPU: total 12 (initial active 12) (12 cores per cpu, 2 threads per core) family 23 model 96 stepping 1 microcode 0x0, cx8, cmov, fxsr, ht, mmx, 3dnowpref, sse, sse2, sse3, ssse3, sse4a, sse4.1, sse4.2, popcnt, lzcnt, tsc, tscinvbit, avx, avx2, aes, clmul, bmi1, bmi2, adx, sha, fma, vzeroupper, clflush, clflushopt, hv

Memory: 4k page, system-wide physical 7549M (981M free)
TotalPageFile size 17277M (AvailPageFile size 3919M)
current process WorkingSet (physical memory assigned to process): 135M, peak: 184M
current process commit charge ("private bytes"): 273M, peak: 329M

vm_info: OpenJDK 64-Bit Server VM (17.0.2+8-86) for windows-amd64 JRE (17.0.2+8-86), built on Dec  7 2021 21:49:10 by "mach5one" with MS VC++ 16.8 / 16.9 (VS2019)

END.
