#
# A fatal error has been detected by the Java Runtime Environment:
#
#  EXCEPTION_ACCESS_VIOLATION (0xc0000005) at pc=0x00007ff8ef6062d7, pid=19612, tid=41520
#
# JRE version: OpenJDK Runtime Environment (17.0.2+8) (build 17.0.2+8-86)
# Java VM: OpenJDK 64-Bit Server VM (17.0.2+8-86, mixed mode, sharing, tiered, compressed oops, compressed class ptrs, g1 gc, windows-amd64)
# Problematic frame:
# C  [glass.dll+0x262d7]
#
# No core dump will be written. Minidumps are not enabled by default on client versions of Windows
#
# If you would like to submit a bug report, please visit:
#   https://bugreport.java.com/bugreport/crash.jsp
#

---------------  S U M M A R Y ------------

Command Line: -agentlib:jdwp=transport=dt_socket,address=127.0.0.1:65273,suspend=y,server=n --module-path=C:\Users\37544\Downloads\openjfx-18.0.2_windows-x64_bin-sdk\javafx-sdk-18.0.2\lib --add-modules=javafx.controls,javafx.fxml -javaagent:C:\Users\37544\AppData\Local\JetBrains\IntelliJIdea2022.2\captureAgent\debugger-agent.jar -Dfile.encoding=UTF-8 Main

Host: AMD Ryzen 5 4600H with Radeon Graphics         , 12 cores, 7G,  Windows 10 , 64 bit Build 19041 (10.0.19041.2251)
Time: Tue Dec 13 19:54:07 2022  Windows 10 , 64 bit Build 19041 (10.0.19041.2251) elapsed time: 59.593073 seconds (0d 0h 0m 59s)

---------------  T H R E A D  ---------------

Current thread (0x0000022dc5d61dc0):  VMThread "VM Thread" [stack: 0x000000e69cf00000,0x000000e69d000000] [id=41520]

Stack: [0x000000e69cf00000,0x000000e69d000000],  sp=0x000000e69cffee40,  free space=1019k
Native frames: (J=compiled Java code, j=interpreted, Vv=VM code, C=native code)
C  [glass.dll+0x262d7]


siginfo: EXCEPTION_ACCESS_VIOLATION (0xc0000005), reading address 0x0000000000000000


Register to memory mapping:

RIP=0x00007ff8ef6062d7 glass.dll
RAX=0x0 is NULL
RBX=0x0000022dc5d72ad8 is a global jni handle
RCX=0x0000022dc5d61dc0 points into unknown readable memory: 0x00007ff8b6a7e880 | 80 e8 a7 b6 f8 7f 00 00
RDX=0x000000e69cffee40 points into unknown readable memory: 0x0000000000000000 | 00 00 00 00 00 00 00 00
RSP=0x000000e69cffee40 points into unknown readable memory: 0x0000000000000000 | 00 00 00 00 00 00 00 00
RBP=0x0000022dc7c51338 points into unknown readable memory: 0x00001c98d8f5eaa0 | a0 ea f5 d8 98 1c 00 00
RSI=0x0000022dc7c51310 points into unknown readable memory: 0xef602a44d8f59558 | 58 95 f5 d8 44 2a 60 ef
RDI=0x00001c98d8f5eaa0 is an unknown value
R8 =0x0000000000010002 is an unknown value
R9 =0x00001c98d8f5eaa0 is an unknown value
R10=0x0000000000008000 is an unknown value
R11=0x000000e69cffedd0 points into unknown readable memory: 0x0000022dc7c51310 | 10 13 c5 c7 2d 02 00 00
R12=0x00007ff8ef603bc4 glass.dll
R13=0x00007ff8b6c249d0 jvm.dll
R14=0x000000e69cffef38 points into unknown readable memory: 0x000000e69cffef20 | 20 ef ff 9c e6 00 00 00
R15=0x0000022dc7c51310 points into unknown readable memory: 0xef602a44d8f59558 | 58 95 f5 d8 44 2a 60 ef


Registers:
RAX=0x0000000000000000, RBX=0x0000022dc5d72ad8, RCX=0x0000022dc5d61dc0, RDX=0x000000e69cffee40
RSP=0x000000e69cffee40, RBP=0x0000022dc7c51338, RSI=0x0000022dc7c51310, RDI=0x00001c98d8f5eaa0
R8 =0x0000000000010002, R9 =0x00001c98d8f5eaa0, R10=0x0000000000008000, R11=0x000000e69cffedd0
R12=0x00007ff8ef603bc4, R13=0x00007ff8b6c249d0, R14=0x000000e69cffef38, R15=0x0000022dc7c51310
RIP=0x00007ff8ef6062d7, EFLAGS=0x0000000000010202

Top of Stack: (sp=0x000000e69cffee40)
0x000000e69cffee40:   0000000000000000 0000022dc7c51310
0x000000e69cffee50:   00007ff8b6c249d0 00007ff8ef603bc4
0x000000e69cffee60:   0000022dc7c51318 00007ff9150042d6
0x000000e69cffee70:   00001c98d8f5eaa0 0000022d00000000
0x000000e69cffee80:   0000022dc7c51338 0000022dc7c51310
0x000000e69cffee90:   fffffffffffffffe 0000000000000000
0x000000e69cffeea0:   0000000000000001 00007ff8ef5e0000
0x000000e69cffeeb0:   000000e69cffef28 00007ff9150041fb
0x000000e69cffeec0:   0000000000000000 000000e69cffef38
0x000000e69cffeed0:   000000e69cfff200 00007ff9150e0e40
0x000000e69cffeee0:   0000000000000001 00007ff9150041b4
0x000000e69cffeef0:   0000000000000000 0000000000000001
0x000000e69cffef00:   0000000000000000 000000e69cffef28
0x000000e69cffef10:   0000000000000001 00007ff8ef603a51
0x000000e69cffef20:   00007ff8ef619f88 00007ff900000002
0x000000e69cffef30:   0000000000000002 000000e69cffef20 

Instructions: (pc=0x00007ff8ef6062d7)
0x00007ff8ef6061d7:   8b 4d 58 e8 2d cf ff ff 48 8b 4d 60 e8 24 cf ff
0x00007ff8ef6061e7:   ff 48 8b 95 80 00 00 00 48 8b 8d 18 01 00 00 e8
0x00007ff8ef6061f7:   16 c4 ff ff 33 d2 33 c9 e8 5c e1 ff ff 90 48 89
0x00007ff8ef606207:   54 24 10 55 48 83 ec 20 48 8b ea 48 b8 00 00 00
0x00007ff8ef606217:   00 00 00 00 00 48 83 c4 20 5d c3 cc 40 55 48 8b
0x00007ff8ef606227:   ea 48 8b 01 33 c9 81 38 05 00 00 c0 0f 94 c1 8b
0x00007ff8ef606237:   c1 5d c3 cc 40 55 48 83 ec 20 48 8b ea 8a 4d 40
0x00007ff8ef606247:   48 83 c4 20 5d e9 17 d3 ff ff cc 40 55 48 83 ec
0x00007ff8ef606257:   20 48 8b ea 8a 4d 20 e8 05 d3 ff ff 90 48 83 c4
0x00007ff8ef606267:   20 5d c3 cc 40 55 48 83 ec 20 48 8b ea 48 83 c4
0x00007ff8ef606277:   20 5d e9 66 d1 ff ff cc 40 55 48 83 ec 30 48 8b
0x00007ff8ef606287:   ea 48 8b 01 8b 10 48 89 4c 24 28 89 54 24 20 4c
0x00007ff8ef606297:   8d 0d 07 d6 ff ff 4c 8b 45 70 8b 55 68 48 8b 4d
0x00007ff8ef6062a7:   60 e8 a7 d0 ff ff 90 48 83 c4 30 5d c3 cc cc cc
0x00007ff8ef6062b7:   cc cc cc cc cc cc cc cc cc 40 53 48 83 ec 20 48
0x00007ff8ef6062c7:   8b 1d bb 36 01 00 48 85 db 74 16 e8 59 8b ff ff
0x00007ff8ef6062d7:   4c 8b 00 48 8b d3 48 8b c8 41 ff 90 b0 00 00 00
0x00007ff8ef6062e7:   90 48 83 c4 20 5b c3 cc cc 40 53 48 83 ec 20 48
0x00007ff8ef6062f7:   8b 1d 2b 38 01 00 48 85 db 74 57 b8 ff ff ff ff
0x00007ff8ef606307:   f0 0f c1 43 10 83 f8 01 75 3d 48 85 db 74 38 48
0x00007ff8ef606317:   8b 0b 48 85 c9 74 0d ff 15 84 0f 00 00 48 c7 03
0x00007ff8ef606327:   00 00 00 00 48 8b 4b 08 48 85 c9 74 0d e8 d3 cd
0x00007ff8ef606337:   ff ff 48 c7 43 08 00 00 00 00 ba 18 00 00 00 48
0x00007ff8ef606347:   8b cb e8 be cd ff ff 48 c7 05 cf 37 01 00 00 00
0x00007ff8ef606357:   00 00 48 83 c4 20 5b c3 cc 40 53 48 83 ec 20 48
0x00007ff8ef606367:   8b 1d 9b 37 01 00 48 85 db 74 57 b8 ff ff ff ff
0x00007ff8ef606377:   f0 0f c1 43 10 83 f8 01 75 3d 48 85 db 74 38 48
0x00007ff8ef606387:   8b 0b 48 85 c9 74 0d ff 15 14 0f 00 00 48 c7 03
0x00007ff8ef606397:   00 00 00 00 48 8b 4b 08 48 85 c9 74 0d e8 63 cd
0x00007ff8ef6063a7:   ff ff 48 c7 43 08 00 00 00 00 ba 18 00 00 00 48
0x00007ff8ef6063b7:   8b cb e8 4e cd ff ff 48 c7 05 3f 37 01 00 00 00
0x00007ff8ef6063c7:   00 00 48 83 c4 20 5b c3 cc 40 53 48 83 ec 20 48 


Stack slot to memory mapping:
stack at sp + 0 slots: 0x0 is NULL
stack at sp + 1 slots: 0x0000022dc7c51310 points into unknown readable memory: 0xef602a44d8f59558 | 58 95 f5 d8 44 2a 60 ef
stack at sp + 2 slots: 0x00007ff8b6c249d0 jvm.dll
stack at sp + 3 slots: 0x00007ff8ef603bc4 glass.dll
stack at sp + 4 slots: 0x0000022dc7c51318 points into unknown readable memory: 0x00001c98d8f5eaa0 | a0 ea f5 d8 98 1c 00 00
stack at sp + 5 slots: 0x00007ff9150042d6 ucrtbase.dll
stack at sp + 6 slots: 0x00001c98d8f5eaa0 is an unknown value
stack at sp + 7 slots: 0x0000022d00000000 is an unknown value

VM_Operation (0x000000e69defeda0): Exit, mode: safepoint, requested by thread 0x0000022dc77a7cb0


---------------  P R O C E S S  ---------------

Threads class SMR info:
_java_thread_list=0x0000022dc6e31f30, length=22, elements={
0x0000022da7db0b20, 0x0000022dc5d67200, 0x0000022dc5d68f80, 0x0000022dc5d831a0,
0x0000022dc5d83b50, 0x0000022dc5d84500, 0x0000022dc5d854d0, 0x0000022dc5d865c0,
0x0000022dc5d9ce80, 0x0000022dc5da0aa0, 0x0000022dc684abf0, 0x0000022dc731cca0,
0x0000022dc70c81a0, 0x0000022dc7626240, 0x0000022dc7b742f0, 0x0000022dc7b758b0,
0x0000022dc743d9b0, 0x0000022dc7565930, 0x0000022dc78a2290, 0x0000022dc77a8180,
0x0000022dc77b4cd0, 0x0000022dc77a7cb0
}

Java Threads: ( => current thread )
  0x0000022da7db0b20 JavaThread "main" [_thread_blocked, id=43448, stack(0x000000e69c900000,0x000000e69ca00000)]
  0x0000022dc5d67200 JavaThread "Reference Handler" daemon [_thread_blocked, id=6336, stack(0x000000e69d000000,0x000000e69d100000)]
  0x0000022dc5d68f80 JavaThread "Finalizer" daemon [_thread_blocked, id=9444, stack(0x000000e69d100000,0x000000e69d200000)]
  0x0000022dc5d831a0 JavaThread "Signal Dispatcher" daemon [_thread_blocked, id=38104, stack(0x000000e69d200000,0x000000e69d300000)]
  0x0000022dc5d83b50 JavaThread "Attach Listener" daemon [_thread_blocked, id=23220, stack(0x000000e69d300000,0x000000e69d400000)]
  0x0000022dc5d84500 JavaThread "Service Thread" daemon [_thread_blocked, id=6516, stack(0x000000e69d400000,0x000000e69d500000)]
  0x0000022dc5d854d0 JavaThread "Monitor Deflation Thread" daemon [_thread_blocked, id=41696, stack(0x000000e69d500000,0x000000e69d600000)]
  0x0000022dc5d865c0 JavaThread "C2 CompilerThread0" daemon [_thread_blocked, id=8720, stack(0x000000e69d600000,0x000000e69d700000)]
  0x0000022dc5d9ce80 JavaThread "C1 CompilerThread0" daemon [_thread_blocked, id=4972, stack(0x000000e69d700000,0x000000e69d800000)]
  0x0000022dc5da0aa0 JavaThread "Sweeper thread" daemon [_thread_blocked, id=42884, stack(0x000000e69d800000,0x000000e69d900000)]
  0x0000022dc684abf0 JavaThread "Common-Cleaner" daemon [_thread_blocked, id=30940, stack(0x000000e69d900000,0x000000e69da00000)]
  0x0000022dc731cca0 JavaThread "JDWP Event Helper Thread" daemon [_thread_blocked, id=40860, stack(0x000000e69dd00000,0x000000e69de00000)]
  0x0000022dc70c81a0 JavaThread "Notification Thread" daemon [_thread_blocked, id=43004, stack(0x000000e69df00000,0x000000e69e000000)]
  0x0000022dc7626240 JavaThread "QuantumRenderer-0" daemon [_thread_blocked, id=32856, stack(0x000000e69db00000,0x000000e69dc00000)]
  0x0000022dc7b742f0 JavaThread "InvokeLaterDispatcher" daemon [_thread_blocked, id=42240, stack(0x000000e69e300000,0x000000e69e400000)]
  0x0000022dc7b758b0 JavaThread "JavaFX Application Thread" [_thread_blocked, id=39696, stack(0x000000e69e400000,0x000000e69e500000)]
  0x0000022dc743d9b0 JavaThread "Thread-1" daemon [_thread_in_native, id=3700, stack(0x000000e69ed00000,0x000000e69ee00000)]
  0x0000022dc7565930 JavaThread "JavaFX-Launcher" [_thread_blocked, id=21492, stack(0x000000e69ee00000,0x000000e69ef00000)]
  0x0000022dc78a2290 JavaThread "Prism Font Disposer" daemon [_thread_blocked, id=24620, stack(0x000000e69f900000,0x000000e69fa00000)]
  0x0000022dc77a8180 JavaThread "Cleaner-0" daemon [_thread_blocked, id=40348, stack(0x000000e69fa00000,0x000000e69fb00000)]
  0x0000022dc77b4cd0 JavaThread "C2 CompilerThread1" daemon [_thread_blocked, id=37384, stack(0x000000e69dc00000,0x000000e69dd00000)]
  0x0000022dc77a7cb0 JavaThread "SIGINT handler" daemon [_thread_blocked, id=35732, stack(0x000000e69de00000,0x000000e69df00000)]

Other Threads:
=>0x0000022dc5d61dc0 VMThread "VM Thread" [stack: 0x000000e69cf00000,0x000000e69d000000] [id=41520]
  0x0000022da7e08680 GCTaskThread "GC Thread#0" [stack: 0x000000e69ca00000,0x000000e69cb00000] [id=12004]
  0x0000022dc756d2c0 GCTaskThread "GC Thread#1" [stack: 0x000000e69ef00000,0x000000e69f000000] [id=42968]
  0x0000022dc8303b00 GCTaskThread "GC Thread#2" [stack: 0x000000e69f000000,0x000000e69f100000] [id=42572]
  0x0000022dc76d9350 GCTaskThread "GC Thread#3" [stack: 0x000000e69f100000,0x000000e69f200000] [id=38444]
  0x0000022dc74c0fd0 GCTaskThread "GC Thread#4" [stack: 0x000000e69f200000,0x000000e69f300000] [id=37568]
  0x0000022dc76f4180 GCTaskThread "GC Thread#5" [stack: 0x000000e69f300000,0x000000e69f400000] [id=22204]
  0x0000022dc70b11a0 GCTaskThread "GC Thread#6" [stack: 0x000000e69f400000,0x000000e69f500000] [id=6732]
  0x0000022dc7545b90 GCTaskThread "GC Thread#7" [stack: 0x000000e69f500000,0x000000e69f600000] [id=33180]
  0x0000022dc7545e40 GCTaskThread "GC Thread#8" [stack: 0x000000e69f600000,0x000000e69f700000] [id=28400]
  0x0000022dc75460f0 GCTaskThread "GC Thread#9" [stack: 0x000000e69f700000,0x000000e69f800000] [id=41728]
  0x0000022da7e181c0 ConcurrentGCThread "G1 Main Marker" terminated
  0x0000022da7e1a380 ConcurrentGCThread "G1 Conc#0" [stack: 0x000000e69cc00000,0x000000e69cd00000] [id=30068]
  0x0000022da7e9a580 ConcurrentGCThread "G1 Refine#0" terminated
  0x0000022da7e9afa0 ConcurrentGCThread "G1 Service" terminated

Threads with active compile tasks:
C2 CompilerThread0  
[error occurred during error reporting (printing all threads), id 0xc0000005, EXCEPTION_ACCESS_VIOLATION (0xc0000005) at pc=0x00007ff8b688e683]

VM state: at safepoint (shutting down)

VM Mutex/Monitor currently owned by a thread:  ([mutex/lock_event])
[0x0000022da7dbec10] Threads_lock - owner thread: 0x0000022dc5d61dc0
[0x0000022da7dbeb80] Heap_lock - owner thread: 0x0000022dc77a7cb0

Heap address: 0x000000008a000000, size: 1888 MB, Compressed Oops mode: 32-bit

CDS archive(s) mapped at: [0x0000000800000000-0x0000000800bc0000-0x0000000800bc0000), size 12320768, SharedBaseAddress: 0x0000000800000000, ArchiveRelocationMode: 0.
Compressed class space mapped at: 0x0000000800c00000-0x0000000840c00000, reserved size: 1073741824
Narrow klass base: 0x0000000800000000, Narrow klass shift: 0, Narrow klass range: 0x100000000

GC Precious Log:
 CPUs: 12 total, 12 available
 Memory: 7549M
 Large Page Support: Disabled
 NUMA Support: Disabled
 Compressed Oops: Enabled (32-bit)
 Heap Region Size: 1M
 Heap Min Capacity: 8M
 Heap Initial Capacity: 118M
 Heap Max Capacity: 1888M
 Pre-touch: Disabled
 Parallel Workers: 10
 Concurrent Workers: 3
 Concurrent Refinement Workers: 10
 Periodic GC: Disabled

Heap:
 garbage-first heap   total 120832K, used 41465K [0x000000008a000000, 0x0000000100000000)
  region size 1024K, 36 young (36864K), 4 survivors (4096K)
 Metaspace       used 17764K, committed 17984K, reserved 1064960K
  class space    used 2472K, committed 2560K, reserved 1048576K

Heap Regions: E=young(eden), S=young(survivor), O=old, HS=humongous(starts), HC=humongous(continues), CS=collection set, F=free, OA=open archive, CA=closed archive, TAMS=top-at-mark-start (previous, next)
|   0|0x000000008a000000, 0x000000008a100000, 0x000000008a100000|100%| O|  |TAMS 0x000000008a000000, 0x000000008a000000| Untracked 
|   1|0x000000008a100000, 0x000000008a200000, 0x000000008a200000|100%| O|  |TAMS 0x000000008a100000, 0x000000008a100000| Untracked 
|   2|0x000000008a200000, 0x000000008a300000, 0x000000008a300000|100%| O|  |TAMS 0x000000008a200000, 0x000000008a200000| Untracked 
|   3|0x000000008a300000, 0x000000008a3b6a00, 0x000000008a400000| 71%| O|  |TAMS 0x000000008a300000, 0x000000008a300000| Untracked 
|   4|0x000000008a400000, 0x000000008a500000, 0x000000008a500000|100%|HS|  |TAMS 0x000000008a400000, 0x000000008a400000| Complete 
|   5|0x000000008a500000, 0x000000008a600000, 0x000000008a600000|100%|HC|  |TAMS 0x000000008a500000, 0x000000008a500000| Complete 
|   6|0x000000008a600000, 0x000000008a600000, 0x000000008a700000|  0%| F|  |TAMS 0x000000008a600000, 0x000000008a600000| Untracked 
|   7|0x000000008a700000, 0x000000008a700000, 0x000000008a800000|  0%| F|  |TAMS 0x000000008a700000, 0x000000008a700000| Untracked 
|   8|0x000000008a800000, 0x000000008a800000, 0x000000008a900000|  0%| F|  |TAMS 0x000000008a800000, 0x000000008a800000| Untracked 
|   9|0x000000008a900000, 0x000000008a900000, 0x000000008aa00000|  0%| F|  |TAMS 0x000000008a900000, 0x000000008a900000| Untracked 
|  10|0x000000008aa00000, 0x000000008aa00000, 0x000000008ab00000|  0%| F|  |TAMS 0x000000008aa00000, 0x000000008aa00000| Untracked 
|  11|0x000000008ab00000, 0x000000008ab00000, 0x000000008ac00000|  0%| F|  |TAMS 0x000000008ab00000, 0x000000008ab00000| Untracked 
|  12|0x000000008ac00000, 0x000000008ac00000, 0x000000008ad00000|  0%| F|  |TAMS 0x000000008ac00000, 0x000000008ac00000| Untracked 
|  13|0x000000008ad00000, 0x000000008ad00000, 0x000000008ae00000|  0%| F|  |TAMS 0x000000008ad00000, 0x000000008ad00000| Untracked 
|  14|0x000000008ae00000, 0x000000008ae00000, 0x000000008af00000|  0%| F|  |TAMS 0x000000008ae00000, 0x000000008ae00000| Untracked 
|  15|0x000000008af00000, 0x000000008af00000, 0x000000008b000000|  0%| F|  |TAMS 0x000000008af00000, 0x000000008af00000| Untracked 
|  16|0x000000008b000000, 0x000000008b000000, 0x000000008b100000|  0%| F|  |TAMS 0x000000008b000000, 0x000000008b000000| Untracked 
|  17|0x000000008b100000, 0x000000008b100000, 0x000000008b200000|  0%| F|  |TAMS 0x000000008b100000, 0x000000008b100000| Untracked 
|  18|0x000000008b200000, 0x000000008b200000, 0x000000008b300000|  0%| F|  |TAMS 0x000000008b200000, 0x000000008b200000| Untracked 
|  19|0x000000008b300000, 0x000000008b300000, 0x000000008b400000|  0%| F|  |TAMS 0x000000008b300000, 0x000000008b300000| Untracked 
|  20|0x000000008b400000, 0x000000008b400000, 0x000000008b500000|  0%| F|  |TAMS 0x000000008b400000, 0x000000008b400000| Untracked 
|  21|0x000000008b500000, 0x000000008b500000, 0x000000008b600000|  0%| F|  |TAMS 0x000000008b500000, 0x000000008b500000| Untracked 
|  22|0x000000008b600000, 0x000000008b600000, 0x000000008b700000|  0%| F|  |TAMS 0x000000008b600000, 0x000000008b600000| Untracked 
|  23|0x000000008b700000, 0x000000008b700000, 0x000000008b800000|  0%| F|  |TAMS 0x000000008b700000, 0x000000008b700000| Untracked 
|  24|0x000000008b800000, 0x000000008b800000, 0x000000008b900000|  0%| F|  |TAMS 0x000000008b800000, 0x000000008b800000| Untracked 
|  25|0x000000008b900000, 0x000000008b900000, 0x000000008ba00000|  0%| F|  |TAMS 0x000000008b900000, 0x000000008b900000| Untracked 
|  26|0x000000008ba00000, 0x000000008ba00000, 0x000000008bb00000|  0%| F|  |TAMS 0x000000008ba00000, 0x000000008ba00000| Untracked 
|  27|0x000000008bb00000, 0x000000008bb00000, 0x000000008bc00000|  0%| F|  |TAMS 0x000000008bb00000, 0x000000008bb00000| Untracked 
|  28|0x000000008bc00000, 0x000000008bc00000, 0x000000008bd00000|  0%| F|  |TAMS 0x000000008bc00000, 0x000000008bc00000| Untracked 
|  29|0x000000008bd00000, 0x000000008bd00000, 0x000000008be00000|  0%| F|  |TAMS 0x000000008bd00000, 0x000000008bd00000| Untracked 
|  30|0x000000008be00000, 0x000000008be00000, 0x000000008bf00000|  0%| F|  |TAMS 0x000000008be00000, 0x000000008be00000| Untracked 
|  31|0x000000008bf00000, 0x000000008bf00000, 0x000000008c000000|  0%| F|  |TAMS 0x000000008bf00000, 0x000000008bf00000| Untracked 
|  32|0x000000008c000000, 0x000000008c000000, 0x000000008c100000|  0%| F|  |TAMS 0x000000008c000000, 0x000000008c000000| Untracked 
|  33|0x000000008c100000, 0x000000008c100000, 0x000000008c200000|  0%| F|  |TAMS 0x000000008c100000, 0x000000008c100000| Untracked 
|  34|0x000000008c200000, 0x000000008c200000, 0x000000008c300000|  0%| F|  |TAMS 0x000000008c200000, 0x000000008c200000| Untracked 
|  35|0x000000008c300000, 0x000000008c300000, 0x000000008c400000|  0%| F|  |TAMS 0x000000008c300000, 0x000000008c300000| Untracked 
|  36|0x000000008c400000, 0x000000008c400000, 0x000000008c500000|  0%| F|  |TAMS 0x000000008c400000, 0x000000008c400000| Untracked 
|  37|0x000000008c500000, 0x000000008c500000, 0x000000008c600000|  0%| F|  |TAMS 0x000000008c500000, 0x000000008c500000| Untracked 
|  38|0x000000008c600000, 0x000000008c600000, 0x000000008c700000|  0%| F|  |TAMS 0x000000008c600000, 0x000000008c600000| Untracked 
|  39|0x000000008c700000, 0x000000008c700000, 0x000000008c800000|  0%| F|  |TAMS 0x000000008c700000, 0x000000008c700000| Untracked 
|  40|0x000000008c800000, 0x000000008c800000, 0x000000008c900000|  0%| F|  |TAMS 0x000000008c800000, 0x000000008c800000| Untracked 
|  41|0x000000008c900000, 0x000000008c900000, 0x000000008ca00000|  0%| F|  |TAMS 0x000000008c900000, 0x000000008c900000| Untracked 
|  42|0x000000008ca00000, 0x000000008ca00000, 0x000000008cb00000|  0%| F|  |TAMS 0x000000008ca00000, 0x000000008ca00000| Untracked 
|  43|0x000000008cb00000, 0x000000008cb00000, 0x000000008cc00000|  0%| F|  |TAMS 0x000000008cb00000, 0x000000008cb00000| Untracked 
|  44|0x000000008cc00000, 0x000000008cc00000, 0x000000008cd00000|  0%| F|  |TAMS 0x000000008cc00000, 0x000000008cc00000| Untracked 
|  45|0x000000008cd00000, 0x000000008cd00000, 0x000000008ce00000|  0%| F|  |TAMS 0x000000008cd00000, 0x000000008cd00000| Untracked 
|  46|0x000000008ce00000, 0x000000008ce00000, 0x000000008cf00000|  0%| F|  |TAMS 0x000000008ce00000, 0x000000008ce00000| Untracked 
|  47|0x000000008cf00000, 0x000000008cf00000, 0x000000008d000000|  0%| F|  |TAMS 0x000000008cf00000, 0x000000008cf00000| Untracked 
|  48|0x000000008d000000, 0x000000008d000000, 0x000000008d100000|  0%| F|  |TAMS 0x000000008d000000, 0x000000008d000000| Untracked 
|  49|0x000000008d100000, 0x000000008d100000, 0x000000008d200000|  0%| F|  |TAMS 0x000000008d100000, 0x000000008d100000| Untracked 
|  50|0x000000008d200000, 0x000000008d200000, 0x000000008d300000|  0%| F|  |TAMS 0x000000008d200000, 0x000000008d200000| Untracked 
|  51|0x000000008d300000, 0x000000008d300000, 0x000000008d400000|  0%| F|  |TAMS 0x000000008d300000, 0x000000008d300000| Untracked 
|  52|0x000000008d400000, 0x000000008d400000, 0x000000008d500000|  0%| F|  |TAMS 0x000000008d400000, 0x000000008d400000| Untracked 
|  53|0x000000008d500000, 0x000000008d500000, 0x000000008d600000|  0%| F|  |TAMS 0x000000008d500000, 0x000000008d500000| Untracked 
|  54|0x000000008d600000, 0x000000008d600000, 0x000000008d700000|  0%| F|  |TAMS 0x000000008d600000, 0x000000008d600000| Untracked 
|  55|0x000000008d700000, 0x000000008d700000, 0x000000008d800000|  0%| F|  |TAMS 0x000000008d700000, 0x000000008d700000| Untracked 
|  56|0x000000008d800000, 0x000000008d800000, 0x000000008d900000|  0%| F|  |TAMS 0x000000008d800000, 0x000000008d800000| Untracked 
|  57|0x000000008d900000, 0x000000008d900000, 0x000000008da00000|  0%| F|  |TAMS 0x000000008d900000, 0x000000008d900000| Untracked 
|  58|0x000000008da00000, 0x000000008da00000, 0x000000008db00000|  0%| F|  |TAMS 0x000000008da00000, 0x000000008da00000| Untracked 
|  59|0x000000008db00000, 0x000000008db00000, 0x000000008dc00000|  0%| F|  |TAMS 0x000000008db00000, 0x000000008db00000| Untracked 
|  60|0x000000008dc00000, 0x000000008dc00000, 0x000000008dd00000|  0%| F|  |TAMS 0x000000008dc00000, 0x000000008dc00000| Untracked 
|  61|0x000000008dd00000, 0x000000008dd00000, 0x000000008de00000|  0%| F|  |TAMS 0x000000008dd00000, 0x000000008dd00000| Untracked 
|  62|0x000000008de00000, 0x000000008de00000, 0x000000008df00000|  0%| F|  |TAMS 0x000000008de00000, 0x000000008de00000| Untracked 
|  63|0x000000008df00000, 0x000000008df00000, 0x000000008e000000|  0%| F|  |TAMS 0x000000008df00000, 0x000000008df00000| Untracked 
|  64|0x000000008e000000, 0x000000008e000000, 0x000000008e100000|  0%| F|  |TAMS 0x000000008e000000, 0x000000008e000000| Untracked 
|  65|0x000000008e100000, 0x000000008e100000, 0x000000008e200000|  0%| F|  |TAMS 0x000000008e100000, 0x000000008e100000| Untracked 
|  66|0x000000008e200000, 0x000000008e200000, 0x000000008e300000|  0%| F|  |TAMS 0x000000008e200000, 0x000000008e200000| Untracked 
|  67|0x000000008e300000, 0x000000008e300000, 0x000000008e400000|  0%| F|  |TAMS 0x000000008e300000, 0x000000008e300000| Untracked 
|  68|0x000000008e400000, 0x000000008e400000, 0x000000008e500000|  0%| F|  |TAMS 0x000000008e400000, 0x000000008e400000| Untracked 
|  69|0x000000008e500000, 0x000000008e500000, 0x000000008e600000|  0%| F|  |TAMS 0x000000008e500000, 0x000000008e500000| Untracked 
|  70|0x000000008e600000, 0x000000008e600000, 0x000000008e700000|  0%| F|  |TAMS 0x000000008e600000, 0x000000008e600000| Untracked 
|  71|0x000000008e700000, 0x000000008e700000, 0x000000008e800000|  0%| F|  |TAMS 0x000000008e700000, 0x000000008e700000| Untracked 
|  72|0x000000008e800000, 0x000000008e800000, 0x000000008e900000|  0%| F|  |TAMS 0x000000008e800000, 0x000000008e800000| Untracked 
|  73|0x000000008e900000, 0x000000008e900000, 0x000000008ea00000|  0%| F|  |TAMS 0x000000008e900000, 0x000000008e900000| Untracked 
|  74|0x000000008ea00000, 0x000000008ea00000, 0x000000008eb00000|  0%| F|  |TAMS 0x000000008ea00000, 0x000000008ea00000| Untracked 
|  75|0x000000008eb00000, 0x000000008eb00000, 0x000000008ec00000|  0%| F|  |TAMS 0x000000008eb00000, 0x000000008eb00000| Untracked 
|  76|0x000000008ec00000, 0x000000008ec00000, 0x000000008ed00000|  0%| F|  |TAMS 0x000000008ec00000, 0x000000008ec00000| Untracked 
|  77|0x000000008ed00000, 0x000000008ed00000, 0x000000008ee00000|  0%| F|  |TAMS 0x000000008ed00000, 0x000000008ed00000| Untracked 
|  78|0x000000008ee00000, 0x000000008ee00000, 0x000000008ef00000|  0%| F|  |TAMS 0x000000008ee00000, 0x000000008ee00000| Untracked 
|  79|0x000000008ef00000, 0x000000008ef00000, 0x000000008f000000|  0%| F|  |TAMS 0x000000008ef00000, 0x000000008ef00000| Untracked 
|  80|0x000000008f000000, 0x000000008f0c7a48, 0x000000008f100000| 77%| S|CS|TAMS 0x000000008f000000, 0x000000008f000000| Complete 
|  81|0x000000008f100000, 0x000000008f200000, 0x000000008f200000|100%| S|CS|TAMS 0x000000008f100000, 0x000000008f100000| Complete 
|  82|0x000000008f200000, 0x000000008f300000, 0x000000008f300000|100%| S|CS|TAMS 0x000000008f200000, 0x000000008f200000| Complete 
|  83|0x000000008f300000, 0x000000008f400000, 0x000000008f400000|100%| S|CS|TAMS 0x000000008f300000, 0x000000008f300000| Complete 
|  84|0x000000008f400000, 0x000000008f400000, 0x000000008f500000|  0%| F|  |TAMS 0x000000008f400000, 0x000000008f400000| Untracked 
|  85|0x000000008f500000, 0x000000008f500000, 0x000000008f600000|  0%| F|  |TAMS 0x000000008f500000, 0x000000008f500000| Untracked 
|  86|0x000000008f600000, 0x000000008f6c5cc0, 0x000000008f700000| 77%| E|  |TAMS 0x000000008f600000, 0x000000008f600000| Complete 
|  87|0x000000008f700000, 0x000000008f800000, 0x000000008f800000|100%| E|CS|TAMS 0x000000008f700000, 0x000000008f700000| Complete 
|  88|0x000000008f800000, 0x000000008f900000, 0x000000008f900000|100%| E|CS|TAMS 0x000000008f800000, 0x000000008f800000| Complete 
|  89|0x000000008f900000, 0x000000008fa00000, 0x000000008fa00000|100%| E|CS|TAMS 0x000000008f900000, 0x000000008f900000| Complete 
|  90|0x000000008fa00000, 0x000000008fb00000, 0x000000008fb00000|100%| E|CS|TAMS 0x000000008fa00000, 0x000000008fa00000| Complete 
|  91|0x000000008fb00000, 0x000000008fc00000, 0x000000008fc00000|100%| E|CS|TAMS 0x000000008fb00000, 0x000000008fb00000| Complete 
|  92|0x000000008fc00000, 0x000000008fd00000, 0x000000008fd00000|100%| E|CS|TAMS 0x000000008fc00000, 0x000000008fc00000| Complete 
|  93|0x000000008fd00000, 0x000000008fe00000, 0x000000008fe00000|100%| E|CS|TAMS 0x000000008fd00000, 0x000000008fd00000| Complete 
|  94|0x000000008fe00000, 0x000000008ff00000, 0x000000008ff00000|100%| E|CS|TAMS 0x000000008fe00000, 0x000000008fe00000| Complete 
|  95|0x000000008ff00000, 0x0000000090000000, 0x0000000090000000|100%| E|CS|TAMS 0x000000008ff00000, 0x000000008ff00000| Complete 
|  96|0x0000000090000000, 0x0000000090100000, 0x0000000090100000|100%| E|CS|TAMS 0x0000000090000000, 0x0000000090000000| Complete 
|  97|0x0000000090100000, 0x0000000090200000, 0x0000000090200000|100%| E|CS|TAMS 0x0000000090100000, 0x0000000090100000| Complete 
|  98|0x0000000090200000, 0x0000000090300000, 0x0000000090300000|100%| E|CS|TAMS 0x0000000090200000, 0x0000000090200000| Complete 
|  99|0x0000000090300000, 0x0000000090400000, 0x0000000090400000|100%| E|CS|TAMS 0x0000000090300000, 0x0000000090300000| Complete 
| 100|0x0000000090400000, 0x0000000090500000, 0x0000000090500000|100%| E|CS|TAMS 0x0000000090400000, 0x0000000090400000| Complete 
| 101|0x0000000090500000, 0x0000000090600000, 0x0000000090600000|100%| E|CS|TAMS 0x0000000090500000, 0x0000000090500000| Complete 
| 102|0x0000000090600000, 0x0000000090700000, 0x0000000090700000|100%| E|CS|TAMS 0x0000000090600000, 0x0000000090600000| Complete 
| 103|0x0000000090700000, 0x0000000090800000, 0x0000000090800000|100%| E|CS|TAMS 0x0000000090700000, 0x0000000090700000| Complete 
| 104|0x0000000090800000, 0x0000000090900000, 0x0000000090900000|100%| E|CS|TAMS 0x0000000090800000, 0x0000000090800000| Complete 
| 105|0x0000000090900000, 0x0000000090a00000, 0x0000000090a00000|100%| E|CS|TAMS 0x0000000090900000, 0x0000000090900000| Complete 
| 106|0x0000000090a00000, 0x0000000090b00000, 0x0000000090b00000|100%| E|CS|TAMS 0x0000000090a00000, 0x0000000090a00000| Complete 
| 107|0x0000000090b00000, 0x0000000090c00000, 0x0000000090c00000|100%| E|CS|TAMS 0x0000000090b00000, 0x0000000090b00000| Complete 
| 108|0x0000000090c00000, 0x0000000090d00000, 0x0000000090d00000|100%| E|CS|TAMS 0x0000000090c00000, 0x0000000090c00000| Complete 
| 109|0x0000000090d00000, 0x0000000090e00000, 0x0000000090e00000|100%| E|CS|TAMS 0x0000000090d00000, 0x0000000090d00000| Complete 
| 110|0x0000000090e00000, 0x0000000090f00000, 0x0000000090f00000|100%| E|CS|TAMS 0x0000000090e00000, 0x0000000090e00000| Complete 
| 111|0x0000000090f00000, 0x0000000091000000, 0x0000000091000000|100%| E|CS|TAMS 0x0000000090f00000, 0x0000000090f00000| Complete 
| 112|0x0000000091000000, 0x0000000091100000, 0x0000000091100000|100%| E|CS|TAMS 0x0000000091000000, 0x0000000091000000| Complete 
| 113|0x0000000091100000, 0x0000000091200000, 0x0000000091200000|100%| E|CS|TAMS 0x0000000091100000, 0x0000000091100000| Complete 
| 114|0x0000000091200000, 0x0000000091300000, 0x0000000091300000|100%| E|CS|TAMS 0x0000000091200000, 0x0000000091200000| Complete 
| 115|0x0000000091300000, 0x0000000091400000, 0x0000000091400000|100%| E|CS|TAMS 0x0000000091300000, 0x0000000091300000| Complete 
| 116|0x0000000091400000, 0x0000000091500000, 0x0000000091500000|100%| E|CS|TAMS 0x0000000091400000, 0x0000000091400000| Complete 
| 117|0x0000000091500000, 0x0000000091600000, 0x0000000091600000|100%| E|CS|TAMS 0x0000000091500000, 0x0000000091500000| Complete 

Card table byte_map: [0x0000022dbef10000,0x0000022dbf2c0000] _byte_map_base: 0x0000022dbeac0000

Marking Bits (Prev, Next): (CMBitMap*) 0x0000022da7e08c90, (CMBitMap*) 0x0000022da7e08cd0
 Prev Bits: [0x0000022dbf670000, 0x0000022dc13f0000)
 Next Bits: [0x0000022dc13f0000, 0x0000022dc3170000)

Polling page: 0x0000022da5d60000

Metaspace:

Usage:
  Non-class:     14.93 MB used.
      Class:      2.41 MB used.
       Both:     17.35 MB used.

Virtual space:
  Non-class space:       16.00 MB reserved,      15.06 MB ( 94%) committed,  2 nodes.
      Class space:        1.00 GB reserved,       2.50 MB ( <1%) committed,  1 nodes.
             Both:        1.02 GB reserved,      17.56 MB (  2%) committed. 

Chunk freelists:
   Non-Class:  352.00 KB
       Class:  1.51 MB
        Both:  1.85 MB

MaxMetaspaceSize: unlimited
CompressedClassSpaceSize: 1.00 GB
Initial GC threshold: 21.00 MB
Current GC threshold: 21.00 MB
CDS: on
MetaspaceReclaimPolicy: balanced
 - commit_granule_bytes: 65536.
 - commit_granule_words: 8192.
 - virtual_space_node_default_size: 1048576.
 - enlarge_chunks_in_place: 1.
 - new_chunks_are_fully_committed: 0.
 - uncommit_free_chunks: 1.
 - use_allocation_guard: 0.
 - handle_deallocations: 1.


Internal statistics:

num_allocs_failed_limit: 0.
num_arena_births: 190.
num_arena_deaths: 0.
num_vsnodes_births: 3.
num_vsnodes_deaths: 0.
num_space_committed: 281.
num_space_uncommitted: 0.
num_chunks_returned_to_freelist: 0.
num_chunks_taken_from_freelist: 763.
num_chunk_merges: 0.
num_chunk_splits: 534.
num_chunks_enlarged: 418.
num_purges: 0.
num_inconsistent_stats: 0.

CodeHeap 'non-profiled nmethods': size=120000Kb used=1499Kb max_used=1499Kb free=118500Kb
 bounds [0x0000022db70e0000, 0x0000022db7350000, 0x0000022dbe610000]
CodeHeap 'profiled nmethods': size=120000Kb used=7224Kb max_used=7224Kb free=112775Kb
 bounds [0x0000022dafbb0000, 0x0000022db02c0000, 0x0000022db70e0000]
CodeHeap 'non-nmethods': size=5760Kb used=1504Kb max_used=1555Kb free=4255Kb
 bounds [0x0000022daf610000, 0x0000022daf880000, 0x0000022dafbb0000]
 total_blobs=4327 nmethods=3532 adapters=707
 compilation: enabled
              stopped_count=0, restarted_count=0
 full_count=0

Compilation events (20 events):
Event: 59.039 Thread 0x0000022dc77b4cd0 3519       4       com.sun.javafx.scene.layout.RegionHelper::notifyLayoutBoundsChangedImpl (10 bytes)
Event: 59.039 Thread 0x0000022dc5d9ce80 3530       3       com.sun.javafx.scene.control.inputmap.InputMap$MouseMapping::<init> (21 bytes)
Event: 59.039 Thread 0x0000022dc5d9ce80 nmethod 3530 0x0000022db02bba90 code [0x0000022db02bbc60, 0x0000022db02bbed8]
Event: 59.040 Thread 0x0000022dc77b4cd0 nmethod 3519 0x0000022db7256010 code [0x0000022db72561a0, 0x0000022db72562b8]
Event: 59.040 Thread 0x0000022dc77b4cd0 3487       4       javafx.scene.Parent::clearSizeCache (42 bytes)
Event: 59.040 Thread 0x0000022dc5d9ce80 3531       3       javafx.css.StyleableDoubleProperty::<init> (11 bytes)
Event: 59.040 Thread 0x0000022dc5d9ce80 nmethod 3531 0x0000022db02bc010 code [0x0000022db02bc1e0, 0x0000022db02bc5f8]
Event: 59.040 Thread 0x0000022dc77b4cd0 nmethod 3487 0x0000022db7256410 code [0x0000022db72565a0, 0x0000022db7256658]
Event: 59.040 Thread 0x0000022dc77b4cd0 3518       4       javafx.scene.Node::isVisible (19 bytes)
Event: 59.042 Thread 0x0000022dc5d9ce80 3532       3       javafx.beans.property.BooleanPropertyBase::addListener (14 bytes)
Event: 59.042 Thread 0x0000022dc77b4cd0 nmethod 3518 0x0000022db7256710 code [0x0000022db72568a0, 0x0000022db7256998]
Event: 59.042 Thread 0x0000022dc77b4cd0 3513       4       javafx.scene.Parent::requestLayout (14 bytes)
Event: 59.042 Thread 0x0000022dc5d9ce80 nmethod 3532 0x0000022db02bc790 code [0x0000022db02bc940, 0x0000022db02bcae8]
Event: 59.042 Thread 0x0000022dc5d9ce80 3533   !   3       com.sun.javafx.collections.VetoableListDecorator::setAll (63 bytes)
Event: 59.042 Thread 0x0000022dc5d9ce80 nmethod 3533 0x0000022db02bcb90 code [0x0000022db02bcd80, 0x0000022db02bd3c8]
Event: 59.043 Thread 0x0000022dc77b4cd0 nmethod 3513 0x0000022db7256a90 code [0x0000022db7256c40, 0x0000022db7256d28]
Event: 59.044 Thread 0x0000022dc5d9ce80 3534       3       java.util.Arrays$ArrayList::toArray (15 bytes)
Event: 59.044 Thread 0x0000022dc5d9ce80 nmethod 3534 0x0000022db02bd610 code [0x0000022db02bd7c0, 0x0000022db02bd928]
Event: 59.045 Thread 0x0000022dc5d9ce80 3535       3       javafx.scene.control.Cell::isEditing (19 bytes)
Event: 59.046 Thread 0x0000022dc5d9ce80 nmethod 3535 0x0000022db02bda10 code [0x0000022db02bdbc0, 0x0000022db02bdf48]

GC Heap History (4 events):
Event: 1.106 GC heap before
{Heap before GC invocations=0 (full 0):
 garbage-first heap   total 120832K, used 22528K [0x000000008a000000, 0x0000000100000000)
  region size 1024K, 23 young (23552K), 0 survivors (0K)
 Metaspace       used 5087K, committed 5184K, reserved 1056768K
  class space    used 604K, committed 640K, reserved 1048576K
}
Event: 1.111 GC heap after
{Heap after GC invocations=1 (full 0):
 garbage-first heap   total 120832K, used 3633K [0x000000008a000000, 0x0000000100000000)
  region size 1024K, 3 young (3072K), 3 survivors (3072K)
 Metaspace       used 5087K, committed 5184K, reserved 1056768K
  class space    used 604K, committed 640K, reserved 1048576K
}
Event: 2.007 GC heap before
{Heap before GC invocations=1 (full 0):
 garbage-first heap   total 120832K, used 35377K [0x000000008a000000, 0x0000000100000000)
  region size 1024K, 34 young (34816K), 3 survivors (3072K)
 Metaspace       used 12346K, committed 12544K, reserved 1064960K
  class space    used 1740K, committed 1856K, reserved 1048576K
}
Event: 2.013 GC heap after
{Heap after GC invocations=2 (full 0):
 garbage-first heap   total 120832K, used 7673K [0x000000008a000000, 0x0000000100000000)
  region size 1024K, 4 young (4096K), 4 survivors (4096K)
 Metaspace       used 12346K, committed 12544K, reserved 1064960K
  class space    used 1740K, committed 1856K, reserved 1048576K
}

Deoptimization events (20 events):
Event: 12.470 Thread 0x0000022dc7b758b0 DEOPT PACKING pc=0x0000022dafc921dc sp=0x000000e69e4fabd0
Event: 12.470 Thread 0x0000022dc7b758b0 DEOPT UNPACKING pc=0x0000022daf662b43 sp=0x000000e69e4fa088 mode 1
Event: 12.472 Thread 0x0000022dc7b758b0 DEOPT PACKING pc=0x0000022db001939c sp=0x000000e69e4fab80
Event: 12.472 Thread 0x0000022dc7b758b0 DEOPT UNPACKING pc=0x0000022daf662b43 sp=0x000000e69e4fa058 mode 1
Event: 58.962 Thread 0x0000022dc7b758b0 DEOPT PACKING pc=0x0000022dafdfab64 sp=0x000000e69e4faa20
Event: 58.962 Thread 0x0000022dc7b758b0 DEOPT UNPACKING pc=0x0000022daf662b43 sp=0x000000e69e4f9ec0 mode 0
Event: 58.962 Thread 0x0000022dc7b758b0 DEOPT PACKING pc=0x0000022dafdfa5dc sp=0x000000e69e4faa70
Event: 58.962 Thread 0x0000022dc7b758b0 DEOPT UNPACKING pc=0x0000022daf662b43 sp=0x000000e69e4f9f60 mode 0
Event: 58.962 Thread 0x0000022dc7b758b0 DEOPT PACKING pc=0x0000022dafdfab64 sp=0x000000e69e4fac00
Event: 58.962 Thread 0x0000022dc7b758b0 DEOPT UNPACKING pc=0x0000022daf662b43 sp=0x000000e69e4fa0a0 mode 0
Event: 58.962 Thread 0x0000022dc7b758b0 DEOPT PACKING pc=0x0000022dafdfa5dc sp=0x000000e69e4fac50
Event: 58.962 Thread 0x0000022dc7b758b0 DEOPT UNPACKING pc=0x0000022daf662b43 sp=0x000000e69e4fa140 mode 0
Event: 58.964 Thread 0x0000022dc7b758b0 Uncommon trap: trap_request=0xffffffd6 fr.pc=0x0000022db721a9c4 relative=0x00000000000010c4
Event: 58.964 Thread 0x0000022dc7b758b0 Uncommon trap: reason=array_check action=maybe_recompile pc=0x0000022db721a9c4 method=javafx.css.SimpleSelector.applies(Ljavafx/css/Styleable;[Ljava/util/Set;I)Z @ 37 c2
Event: 58.964 Thread 0x0000022dc7b758b0 DEOPT PACKING pc=0x0000022db721a9c4 sp=0x000000e69e4f9ef0
Event: 58.964 Thread 0x0000022dc7b758b0 DEOPT UNPACKING pc=0x0000022daf6623a3 sp=0x000000e69e4f9e70 mode 2
Event: 59.041 Thread 0x0000022dc7626240 DEOPT PACKING pc=0x0000022daffc2324 sp=0x000000e69dbfed30
Event: 59.041 Thread 0x0000022dc7626240 DEOPT UNPACKING pc=0x0000022daf662b43 sp=0x000000e69dbfe258 mode 1
Event: 59.041 Thread 0x0000022dc77a8650 DEOPT PACKING pc=0x0000022dafd215cc sp=0x000000e69fdff010
Event: 59.041 Thread 0x0000022dc77a8650 DEOPT UNPACKING pc=0x0000022daf662b43 sp=0x000000e69fdfe470 mode 1

Classes unloaded (0 events):
No events

Classes redefined (0 events):
No events

Internal exceptions (20 events):
Event: 1.326 Thread 0x0000022dc7b758b0 Exception <a 'java/lang/ClassNotFoundException'{0x0000000090d5ed58}: com/sun/glass/ui/win/themes> (0x0000000090d5ed58) 
thrown [t:\workspace\open\src\hotspot\share\prims\jni.cpp, line 535]
Event: 1.328 Thread 0x0000022dc7b758b0 Exception <a 'java/lang/ClassNotFoundException'{0x0000000090d69a78}: com/sun/glass/ui/win/themes_ru> (0x0000000090d69a78) 
thrown [t:\workspace\open\src\hotspot\share\prims\jni.cpp, line 535]
Event: 1.328 Thread 0x0000022dc7b758b0 Exception <a 'java/lang/ClassNotFoundException'{0x0000000090d6aeb8}: com/sun/glass/ui/win/themes_ru_RU> (0x0000000090d6aeb8) 
thrown [t:\workspace\open\src\hotspot\share\prims\jni.cpp, line 535]
Event: 1.442 Thread 0x0000022dc7b758b0 Exception <a 'java/lang/NoSuchMethodError'{0x000000009070af78}: 'void java.lang.invoke.DirectMethodHandle$Holder.invokeStaticInit(java.lang.Object, java.lang.Object)'> (0x000000009070af78) 
thrown [t:\workspace\open\src\hotspot\share\interpreter\linkResolver.cpp, line 766]
Event: 1.457 Thread 0x0000022dc7b758b0 Exception <a 'java/lang/NoSuchMethodError'{0x000000009079f080}: 'void java.lang.invoke.DirectMethodHandle$Holder.invokeSpecial(java.lang.Object, java.lang.Object, java.lang.Object, java.lang.Object, java.lang.Object)'> (0x000000009079f080) 
thrown [t:\workspace\open\src\hotspot\share\interpreter\linkResolver.cpp, line 766]
Event: 1.677 Thread 0x0000022dc7b758b0 Implicit null exception at 0x0000022db7103f58 to 0x0000022db7103fee
Event: 1.739 Thread 0x0000022dc7b758b0 Implicit null exception at 0x0000022db7141e9b to 0x0000022db714247c
Event: 1.739 Thread 0x0000022dc7b758b0 Implicit null exception at 0x0000022db713f88e to 0x0000022db713fbd4
Event: 1.915 Thread 0x0000022dc7b758b0 Exception <a 'java/lang/ClassNotFoundException'{0x000000008f7229e0}: com/sun/javafx/scene/control/skin/resources/controls> (0x000000008f7229e0) 
thrown [t:\workspace\open\src\hotspot\share\prims\jni.cpp, line 535]
Event: 1.916 Thread 0x0000022dc7b758b0 Exception <a 'java/lang/ClassNotFoundException'{0x000000008f730980}: com/sun/javafx/scene/control/skin/resources/controls_ru> (0x000000008f730980) 
thrown [t:\workspace\open\src\hotspot\share\prims\jni.cpp, line 535]
Event: 1.916 Thread 0x0000022dc7b758b0 Exception <a 'java/lang/ClassNotFoundException'{0x000000008f732018}: com/sun/javafx/scene/control/skin/resources/controls_ru_RU> (0x000000008f732018) 
thrown [t:\workspace\open\src\hotspot\share\prims\jni.cpp, line 535]
Event: 1.974 Thread 0x0000022dc7b758b0 Exception <a 'java/lang/NoSuchMethodError'{0x000000008f508548}: 'void java.lang.invoke.DirectMethodHandle$Holder.invokeSpecial(java.lang.Object, java.lang.Object, java.lang.Object, java.lang.Object, java.lang.Object, java.lang.Object)'> (0x000000008f508548) 
thrown [t:\workspace\open\src\hotspot\share\interpreter\linkResolver.cpp, line 766]
Event: 1.978 Thread 0x0000022dc7b758b0 Exception <a 'java/lang/NoSuchMethodError'{0x000000008f52ac98}: 'java.lang.Object java.lang.invoke.DirectMethodHandle$Holder.invokeInterface(java.lang.Object, java.lang.Object, java.lang.Object)'> (0x000000008f52ac98) 
thrown [t:\workspace\open\src\hotspot\share\interpreter\linkResolver.cpp, line 766]
Event: 1.978 Thread 0x0000022dc7b758b0 Exception <a 'java/lang/IncompatibleClassChangeError'{0x000000008f52e620}: Found class java.lang.Object, but interface was expected> (0x000000008f52e620) 
thrown [t:\workspace\open\src\hotspot\share\interpreter\linkResolver.cpp, line 833]
Event: 2.112 Thread 0x0000022dc7b758b0 Exception <a 'java/lang/NoSuchMethodError'{0x00000000912e3dc8}: 'java.lang.Object java.lang.invoke.DirectMethodHandle$Holder.newInvokeSpecial(java.lang.Object, java.lang.Object, int)'> (0x00000000912e3dc8) 
thrown [t:\workspace\open\src\hotspot\share\interpreter\linkResolver.cpp, line 766]
Event: 2.146 Thread 0x0000022dc7626240 Exception <a 'java/lang/NoSuchMethodError'{0x000000009101f450}: 'int java.lang.invoke.DirectMethodHandle$Holder.invokeStaticInit(java.lang.Object, java.lang.Object)'> (0x000000009101f450) 
thrown [t:\workspace\open\src\hotspot\share\interpreter\linkResolver.cpp, line 766]
Event: 2.149 Thread 0x0000022dc7b758b0 Exception <a 'java/lang/NoSuchMethodError'{0x00000000911d1380}: 'long java.lang.invoke.DirectMethodHandle$Holder.invokeStatic(java.lang.Object, java.lang.Object, java.lang.Object)'> (0x00000000911d1380) 
thrown [t:\workspace\open\src\hotspot\share\interpreter\linkResolver.cpp, line 766]
Event: 2.149 Thread 0x0000022dc7b758b0 Exception <a 'java/lang/NoSuchMethodError'{0x00000000911d4b28}: 'long java.lang.invoke.DirectMethodHandle$Holder.invokeStaticInit(java.lang.Object, java.lang.Object, java.lang.Object)'> (0x00000000911d4b28) 
thrown [t:\workspace\open\src\hotspot\share\interpreter\linkResolver.cpp, line 766]
Event: 2.156 Thread 0x0000022dc7b758b0 Exception <a 'java/lang/NoSuchMethodError'{0x00000000911ec730}: 'java.lang.Object java.lang.invoke.DirectMethodHandle$Holder.newInvokeSpecial(java.lang.Object, java.lang.Object, long)'> (0x00000000911ec730) 
thrown [t:\workspace\open\src\hotspot\share\interpreter\linkResolver.cpp, line 766]
Event: 2.157 Thread 0x0000022dc7b758b0 Exception <a 'java/lang/NoSuchMethodError'{0x00000000911f02a0}: 'java.lang.Object java.lang.invoke.Invokers$Holder.linkToTargetMethod(java.lang.Object, long, java.lang.Object)'> (0x00000000911f02a0) 
thrown [t:\workspace\open\src\hotspot\share\interpreter\linkResolver.cpp, line 766]

VM Operations (20 events):
Event: 51.855 Executing VM operation: ChangeSingleStep done
Event: 51.858 Executing VM operation: ChangeSingleStep
Event: 51.858 Executing VM operation: ChangeSingleStep done
Event: 51.860 Executing VM operation: ChangeSingleStep
Event: 51.860 Executing VM operation: ChangeSingleStep done
Event: 51.860 Executing VM operation: ChangeSingleStep
Event: 51.860 Executing VM operation: ChangeSingleStep done
Event: 51.869 Executing VM operation: get/set locals
Event: 51.869 Executing VM operation: get/set locals done
Event: 51.880 Executing VM operation: get/set locals
Event: 51.880 Executing VM operation: get/set locals done
Event: 58.961 Executing VM operation: ChangeBreakpoints
Event: 58.961 Executing VM operation: ChangeBreakpoints done
Event: 58.961 Executing VM operation: ChangeBreakpoints
Event: 58.962 Executing VM operation: ChangeBreakpoints done
Event: 58.962 Executing VM operation: ChangeBreakpoints
Event: 58.962 Executing VM operation: ChangeBreakpoints done
Event: 58.962 Executing VM operation: ChangeBreakpoints
Event: 58.963 Executing VM operation: ChangeBreakpoints done
Event: 59.048 Executing VM operation: Exit

Events (20 events):
Event: 12.616 loading class com/intellij/rt/debugger/BatchEvaluatorServer
Event: 12.616 loading class com/intellij/rt/debugger/BatchEvaluatorServer done
Event: 14.476 loading class entities/MessageToAdmin
Event: 14.476 loading class entities/MessageToAdmin done
Event: 14.476 loading class entities/MessageToAdmin
Event: 14.476 loading class entities/MessageToAdmin done
Event: 58.959 Thread 0x0000022dc69b2250 Thread exited: 0x0000022dc69b2250
Event: 58.965 Thread 0x0000022dc72535f0 Thread exited: 0x0000022dc72535f0
Event: 59.004 Thread 0x0000022dc77b4cd0 Thread added: 0x0000022dc77b4cd0
Event: 59.037 loading class jdk/internal/misc/Signal$1
Event: 59.037 loading class jdk/internal/misc/Signal$1 done
Event: 59.038 Thread 0x0000022dc77a7cb0 Thread added: 0x0000022dc77a7cb0
Event: 59.039 Thread 0x0000022dc77a9990 Thread added: 0x0000022dc77a9990
Event: 59.039 Thread 0x0000022dc77a8650 Thread added: 0x0000022dc77a8650
Event: 59.040 loading class com/sun/javafx/tk/quantum/QuantumRenderer
Event: 59.040 loading class com/sun/javafx/tk/quantum/QuantumRenderer done
Event: 59.041 loading class com/sun/javafx/tk/quantum/QuantumToolkit
Event: 59.041 loading class com/sun/javafx/tk/quantum/QuantumToolkit done
Event: 59.041 Thread 0x0000022dc77a8650 Thread exited: 0x0000022dc77a8650
Event: 59.047 Thread 0x0000022dc77a9990 Thread exited: 0x0000022dc77a9990


Dynamic libraries:
0x00007ff732a00000 - 0x00007ff732a0e000 	C:\Users\37544\.jdks\openjdk-17.0.2\bin\java.exe
0x00007ff9178f0000 - 0x00007ff917ae8000 	C:\WINDOWS\SYSTEM32\ntdll.dll
0x00007ff915a80000 - 0x00007ff915b3f000 	C:\WINDOWS\System32\KERNEL32.DLL
0x00007ff9153c0000 - 0x00007ff915692000 	C:\WINDOWS\System32\KERNELBASE.dll
0x00007ff914ff0000 - 0x00007ff9150f0000 	C:\WINDOWS\System32\ucrtbase.dll
0x00007ff905950000 - 0x00007ff90596a000 	C:\Users\37544\.jdks\openjdk-17.0.2\bin\VCRUNTIME140.dll
0x00007ff90e940000 - 0x00007ff90e958000 	C:\Users\37544\.jdks\openjdk-17.0.2\bin\jli.dll
0x00007ff916e80000 - 0x00007ff91701d000 	C:\WINDOWS\System32\USER32.dll
0x00007ff915250000 - 0x00007ff915272000 	C:\WINDOWS\System32\win32u.dll
0x00007ff915fb0000 - 0x00007ff915fdb000 	C:\WINDOWS\System32\GDI32.dll
0x00007ff903520000 - 0x00007ff9037ba000 	C:\WINDOWS\WinSxS\amd64_microsoft.windows.common-controls_6595b64144ccf1df_6.0.19041.1110_none_60b5254171f9507e\COMCTL32.dll
0x00007ff915740000 - 0x00007ff91584f000 	C:\WINDOWS\System32\gdi32full.dll
0x00007ff9159d0000 - 0x00007ff915a6e000 	C:\WINDOWS\System32\msvcrt.dll
0x00007ff9156a0000 - 0x00007ff91573d000 	C:\WINDOWS\System32\msvcp_win.dll
0x00007ff917460000 - 0x00007ff917492000 	C:\WINDOWS\System32\IMM32.DLL
0x00007ff90f6f0000 - 0x00007ff90f6fc000 	C:\Users\37544\.jdks\openjdk-17.0.2\bin\vcruntime140_1.dll
0x00007ff8f45a0000 - 0x00007ff8f462d000 	C:\Users\37544\.jdks\openjdk-17.0.2\bin\msvcp140.dll
0x00007ff8b6100000 - 0x00007ff8b6cc1000 	C:\Users\37544\.jdks\openjdk-17.0.2\bin\server\jvm.dll
0x00007ff917800000 - 0x00007ff9178ae000 	C:\WINDOWS\System32\ADVAPI32.dll
0x00007ff916c50000 - 0x00007ff916cec000 	C:\WINDOWS\System32\sechost.dll
0x00007ff9172d0000 - 0x00007ff9173f5000 	C:\WINDOWS\System32\RPCRT4.dll
0x00007ff917020000 - 0x00007ff917028000 	C:\WINDOWS\System32\PSAPI.DLL
0x00007ff90be30000 - 0x00007ff90be3a000 	C:\WINDOWS\SYSTEM32\VERSION.dll
0x00007ff90a1e0000 - 0x00007ff90a207000 	C:\WINDOWS\SYSTEM32\WINMM.dll
0x00007ff8fe150000 - 0x00007ff8fe159000 	C:\WINDOWS\SYSTEM32\WSOCK32.dll
0x00007ff916be0000 - 0x00007ff916c4b000 	C:\WINDOWS\System32\WS2_32.dll
0x00007ff913800000 - 0x00007ff913812000 	C:\WINDOWS\SYSTEM32\kernel.appcore.dll
0x00007ff90f020000 - 0x00007ff90f02a000 	C:\Users\37544\.jdks\openjdk-17.0.2\bin\jimage.dll
0x00007ff912e40000 - 0x00007ff913024000 	C:\WINDOWS\SYSTEM32\DBGHELP.DLL
0x00007ff8ff170000 - 0x00007ff8ff19c000 	C:\WINDOWS\SYSTEM32\dbgcore.DLL
0x00007ff915330000 - 0x00007ff9153b2000 	C:\WINDOWS\System32\bcryptPrimitives.dll
0x00007ff8fb910000 - 0x00007ff8fb94b000 	C:\Users\37544\.jdks\openjdk-17.0.2\bin\jdwp.dll
0x00007ff912620000 - 0x00007ff91262e000 	C:\Users\37544\.jdks\openjdk-17.0.2\bin\instrument.dll
0x00007ff8f7b60000 - 0x00007ff8f7b85000 	C:\Users\37544\.jdks\openjdk-17.0.2\bin\java.dll
0x00007ff8f6a40000 - 0x00007ff8f6a58000 	C:\Users\37544\.jdks\openjdk-17.0.2\bin\zip.dll
0x00007ff8f41e0000 - 0x00007ff8f42b6000 	C:\Users\37544\.jdks\openjdk-17.0.2\bin\jsvml.dll
0x00007ff915fe0000 - 0x00007ff916723000 	C:\WINDOWS\System32\SHELL32.dll
0x00007ff913030000 - 0x00007ff9137c2000 	C:\WINDOWS\SYSTEM32\windows.storage.dll
0x00007ff9174a0000 - 0x00007ff9177f4000 	C:\WINDOWS\System32\combase.dll
0x00007ff914a50000 - 0x00007ff914a80000 	C:\WINDOWS\SYSTEM32\Wldp.dll
0x00007ff917030000 - 0x00007ff9170dd000 	C:\WINDOWS\System32\SHCORE.dll
0x00007ff917400000 - 0x00007ff917455000 	C:\WINDOWS\System32\shlwapi.dll
0x00007ff914f30000 - 0x00007ff914f4f000 	C:\WINDOWS\SYSTEM32\profapi.dll
0x00007ff8f7b40000 - 0x00007ff8f7b59000 	C:\Users\37544\.jdks\openjdk-17.0.2\bin\net.dll
0x00007ff90ce90000 - 0x00007ff90cf9c000 	C:\WINDOWS\SYSTEM32\WINHTTP.dll
0x00007ff9147b0000 - 0x00007ff91481a000 	C:\WINDOWS\system32\mswsock.dll
0x00007ff8f6a60000 - 0x00007ff8f6a76000 	C:\Users\37544\.jdks\openjdk-17.0.2\bin\nio.dll
0x00007ff9097a0000 - 0x00007ff9097ac000 	C:\Users\37544\.jdks\openjdk-17.0.2\bin\dt_socket.dll
0x00007ff914430000 - 0x00007ff91446b000 	C:\WINDOWS\SYSTEM32\IPHLPAPI.DLL
0x0000022da5da0000 - 0x0000022da5da3000 	C:\Users\37544\Downloads\openjfx-18.0.2_windows-x64_bin-sdk\javafx-sdk-18.0.2\bin\api-ms-win-core-console-l1-1-0.dll
0x0000022da5db0000 - 0x0000022da5db3000 	C:\Users\37544\Downloads\openjfx-18.0.2_windows-x64_bin-sdk\javafx-sdk-18.0.2\bin\api-ms-win-core-console-l1-2-0.dll
0x0000022da5dc0000 - 0x0000022da5dc3000 	C:\Users\37544\Downloads\openjfx-18.0.2_windows-x64_bin-sdk\javafx-sdk-18.0.2\bin\api-ms-win-core-datetime-l1-1-0.dll
0x0000022da5dd0000 - 0x0000022da5dd3000 	C:\Users\37544\Downloads\openjfx-18.0.2_windows-x64_bin-sdk\javafx-sdk-18.0.2\bin\api-ms-win-core-debug-l1-1-0.dll
0x0000022da5de0000 - 0x0000022da5de3000 	C:\Users\37544\Downloads\openjfx-18.0.2_windows-x64_bin-sdk\javafx-sdk-18.0.2\bin\api-ms-win-core-errorhandling-l1-1-0.dll
0x0000022da7d60000 - 0x0000022da7d64000 	C:\Users\37544\Downloads\openjfx-18.0.2_windows-x64_bin-sdk\javafx-sdk-18.0.2\bin\api-ms-win-core-file-l1-1-0.dll
0x0000022da7d70000 - 0x0000022da7d73000 	C:\Users\37544\Downloads\openjfx-18.0.2_windows-x64_bin-sdk\javafx-sdk-18.0.2\bin\api-ms-win-core-file-l1-2-0.dll
0x0000022da7d80000 - 0x0000022da7d83000 	C:\Users\37544\Downloads\openjfx-18.0.2_windows-x64_bin-sdk\javafx-sdk-18.0.2\bin\api-ms-win-core-file-l2-1-0.dll
0x0000022da7d90000 - 0x0000022da7d93000 	C:\Users\37544\Downloads\openjfx-18.0.2_windows-x64_bin-sdk\javafx-sdk-18.0.2\bin\api-ms-win-core-handle-l1-1-0.dll
0x0000022dc5f30000 - 0x0000022dc5f33000 	C:\Users\37544\Downloads\openjfx-18.0.2_windows-x64_bin-sdk\javafx-sdk-18.0.2\bin\api-ms-win-core-heap-l1-1-0.dll
0x0000022dc5f40000 - 0x0000022dc5f43000 	C:\Users\37544\Downloads\openjfx-18.0.2_windows-x64_bin-sdk\javafx-sdk-18.0.2\bin\api-ms-win-core-interlocked-l1-1-0.dll
0x0000022dc5f50000 - 0x0000022dc5f53000 	C:\Users\37544\Downloads\openjfx-18.0.2_windows-x64_bin-sdk\javafx-sdk-18.0.2\bin\api-ms-win-core-libraryloader-l1-1-0.dll
0x0000022dc5f60000 - 0x0000022dc5f63000 	C:\Users\37544\Downloads\openjfx-18.0.2_windows-x64_bin-sdk\javafx-sdk-18.0.2\bin\api-ms-win-core-localization-l1-2-0.dll
0x0000022dc5f70000 - 0x0000022dc5f73000 	C:\Users\37544\Downloads\openjfx-18.0.2_windows-x64_bin-sdk\javafx-sdk-18.0.2\bin\api-ms-win-core-memory-l1-1-0.dll
0x0000022dc5f80000 - 0x0000022dc5f83000 	C:\Users\37544\Downloads\openjfx-18.0.2_windows-x64_bin-sdk\javafx-sdk-18.0.2\bin\api-ms-win-core-namedpipe-l1-1-0.dll
0x0000022dc5f90000 - 0x0000022dc5f93000 	C:\Users\37544\Downloads\openjfx-18.0.2_windows-x64_bin-sdk\javafx-sdk-18.0.2\bin\api-ms-win-core-processenvironment-l1-1-0.dll
0x0000022dc5fa0000 - 0x0000022dc5fa3000 	C:\Users\37544\Downloads\openjfx-18.0.2_windows-x64_bin-sdk\javafx-sdk-18.0.2\bin\api-ms-win-core-processthreads-l1-1-0.dll
0x0000022dc5fb0000 - 0x0000022dc5fb3000 	C:\Users\37544\Downloads\openjfx-18.0.2_windows-x64_bin-sdk\javafx-sdk-18.0.2\bin\api-ms-win-core-processthreads-l1-1-1.dll
0x0000022dc5fc0000 - 0x0000022dc5fc3000 	C:\Users\37544\Downloads\openjfx-18.0.2_windows-x64_bin-sdk\javafx-sdk-18.0.2\bin\api-ms-win-core-profile-l1-1-0.dll
0x0000022dc5fd0000 - 0x0000022dc5fd3000 	C:\Users\37544\Downloads\openjfx-18.0.2_windows-x64_bin-sdk\javafx-sdk-18.0.2\bin\api-ms-win-core-rtlsupport-l1-1-0.dll
0x0000022dc5fe0000 - 0x0000022dc5fe3000 	C:\Users\37544\Downloads\openjfx-18.0.2_windows-x64_bin-sdk\javafx-sdk-18.0.2\bin\api-ms-win-core-string-l1-1-0.dll
0x0000022dc5ff0000 - 0x0000022dc5ff3000 	C:\Users\37544\Downloads\openjfx-18.0.2_windows-x64_bin-sdk\javafx-sdk-18.0.2\bin\api-ms-win-core-synch-l1-1-0.dll
0x0000022dc83d0000 - 0x0000022dc83d3000 	C:\Users\37544\Downloads\openjfx-18.0.2_windows-x64_bin-sdk\javafx-sdk-18.0.2\bin\api-ms-win-core-synch-l1-2-0.dll
0x0000022dc83e0000 - 0x0000022dc83e3000 	C:\Users\37544\Downloads\openjfx-18.0.2_windows-x64_bin-sdk\javafx-sdk-18.0.2\bin\api-ms-win-core-sysinfo-l1-1-0.dll
0x0000022dc83f0000 - 0x0000022dc83f3000 	C:\Users\37544\Downloads\openjfx-18.0.2_windows-x64_bin-sdk\javafx-sdk-18.0.2\bin\api-ms-win-core-timezone-l1-1-0.dll
0x0000022dc8400000 - 0x0000022dc8403000 	C:\Users\37544\Downloads\openjfx-18.0.2_windows-x64_bin-sdk\javafx-sdk-18.0.2\bin\api-ms-win-core-util-l1-1-0.dll
0x0000022dc8410000 - 0x0000022dc8413000 	C:\Users\37544\Downloads\openjfx-18.0.2_windows-x64_bin-sdk\javafx-sdk-18.0.2\bin\api-ms-win-crt-conio-l1-1-0.dll
0x0000022dc8420000 - 0x0000022dc8424000 	C:\Users\37544\Downloads\openjfx-18.0.2_windows-x64_bin-sdk\javafx-sdk-18.0.2\bin\api-ms-win-crt-convert-l1-1-0.dll
0x0000022dc8430000 - 0x0000022dc8433000 	C:\Users\37544\Downloads\openjfx-18.0.2_windows-x64_bin-sdk\javafx-sdk-18.0.2\bin\api-ms-win-crt-environment-l1-1-0.dll
0x0000022dc8440000 - 0x0000022dc8443000 	C:\Users\37544\Downloads\openjfx-18.0.2_windows-x64_bin-sdk\javafx-sdk-18.0.2\bin\api-ms-win-crt-filesystem-l1-1-0.dll
0x0000022dc8450000 - 0x0000022dc8453000 	C:\Users\37544\Downloads\openjfx-18.0.2_windows-x64_bin-sdk\javafx-sdk-18.0.2\bin\api-ms-win-crt-heap-l1-1-0.dll
0x0000022dc8460000 - 0x0000022dc8463000 	C:\Users\37544\Downloads\openjfx-18.0.2_windows-x64_bin-sdk\javafx-sdk-18.0.2\bin\api-ms-win-crt-locale-l1-1-0.dll
0x0000022dc8470000 - 0x0000022dc8475000 	C:\Users\37544\Downloads\openjfx-18.0.2_windows-x64_bin-sdk\javafx-sdk-18.0.2\bin\api-ms-win-crt-math-l1-1-0.dll
0x0000022dc8480000 - 0x0000022dc8485000 	C:\Users\37544\Downloads\openjfx-18.0.2_windows-x64_bin-sdk\javafx-sdk-18.0.2\bin\api-ms-win-crt-multibyte-l1-1-0.dll
0x0000022dc87e0000 - 0x0000022dc87f0000 	C:\Users\37544\Downloads\openjfx-18.0.2_windows-x64_bin-sdk\javafx-sdk-18.0.2\bin\api-ms-win-crt-private-l1-1-0.dll
0x0000022dc87f0000 - 0x0000022dc87f3000 	C:\Users\37544\Downloads\openjfx-18.0.2_windows-x64_bin-sdk\javafx-sdk-18.0.2\bin\api-ms-win-crt-process-l1-1-0.dll
0x0000022dc8800000 - 0x0000022dc8804000 	C:\Users\37544\Downloads\openjfx-18.0.2_windows-x64_bin-sdk\javafx-sdk-18.0.2\bin\api-ms-win-crt-runtime-l1-1-0.dll
0x0000022dc8810000 - 0x0000022dc8814000 	C:\Users\37544\Downloads\openjfx-18.0.2_windows-x64_bin-sdk\javafx-sdk-18.0.2\bin\api-ms-win-crt-stdio-l1-1-0.dll
0x0000022dc8820000 - 0x0000022dc8824000 	C:\Users\37544\Downloads\openjfx-18.0.2_windows-x64_bin-sdk\javafx-sdk-18.0.2\bin\api-ms-win-crt-string-l1-1-0.dll
0x0000022dc8490000 - 0x0000022dc8493000 	C:\Users\37544\Downloads\openjfx-18.0.2_windows-x64_bin-sdk\javafx-sdk-18.0.2\bin\api-ms-win-crt-time-l1-1-0.dll
0x0000022dc84a0000 - 0x0000022dc84a3000 	C:\Users\37544\Downloads\openjfx-18.0.2_windows-x64_bin-sdk\javafx-sdk-18.0.2\bin\api-ms-win-crt-utility-l1-1-0.dll
0x00007ff8eaa00000 - 0x00007ff8eaafc000 	C:\Users\37544\Downloads\openjfx-18.0.2_windows-x64_bin-sdk\javafx-sdk-18.0.2\bin\ucrtbase.dll
0x00007ff9088e0000 - 0x00007ff9088fa000 	C:\Users\37544\Downloads\openjfx-18.0.2_windows-x64_bin-sdk\javafx-sdk-18.0.2\bin\vcruntime140.dll
0x00007ff908cb0000 - 0x00007ff908cbc000 	C:\Users\37544\Downloads\openjfx-18.0.2_windows-x64_bin-sdk\javafx-sdk-18.0.2\bin\vcruntime140_1.dll
0x00007ff8eca20000 - 0x00007ff8ecaad000 	C:\Users\37544\Downloads\openjfx-18.0.2_windows-x64_bin-sdk\javafx-sdk-18.0.2\bin\msvcp140.dll
0x00007ff9045a0000 - 0x00007ff9045cc000 	C:\Users\37544\Downloads\openjfx-18.0.2_windows-x64_bin-sdk\javafx-sdk-18.0.2\bin\prism_d3d.dll
0x00007ff908d70000 - 0x00007ff908f3f000 	C:\WINDOWS\system32\d3d9.dll
0x00007ff912840000 - 0x00007ff91286f000 	C:\WINDOWS\SYSTEM32\dwmapi.dll
0x00007ff912660000 - 0x00007ff9126fe000 	C:\WINDOWS\system32\uxtheme.dll
0x00007ff9171a0000 - 0x00007ff9172ca000 	C:\WINDOWS\System32\ole32.dll
0x00007ff915910000 - 0x00007ff915937000 	C:\WINDOWS\System32\bcrypt.dll
0x00007ff8ef5e0000 - 0x00007ff8ef622000 	C:\Users\37544\Downloads\openjfx-18.0.2_windows-x64_bin-sdk\javafx-sdk-18.0.2\bin\glass.dll
0x00007ff9167d0000 - 0x00007ff9168aa000 	C:\WINDOWS\System32\COMDLG32.dll
0x00007ff916db0000 - 0x00007ff916e7d000 	C:\WINDOWS\System32\OLEAUT32.dll
0x00007ff916ac0000 - 0x00007ff916bd5000 	C:\WINDOWS\System32\MSCTF.dll
0x00007ff90ae10000 - 0x00007ff90ae4b000 	C:\WINDOWS\SYSTEM32\dxcore.dll
0x00007ff9158c0000 - 0x00007ff91590e000 	C:\WINDOWS\System32\cfgmgr32.dll
0x00007ff914470000 - 0x00007ff91453a000 	C:\WINDOWS\SYSTEM32\DNSAPI.dll
0x00007ff915a70000 - 0x00007ff915a78000 	C:\WINDOWS\System32\NSI.dll
0x00007ff90dac0000 - 0x00007ff90daca000 	C:\Windows\System32\rasadhlp.dll
0x00007ff907c20000 - 0x00007ff907ca0000 	C:\WINDOWS\System32\fwpuclnt.dll
0x00007ff8f7d20000 - 0x00007ff8f7d34000 	C:\Users\37544\Downloads\openjfx-18.0.2_windows-x64_bin-sdk\javafx-sdk-18.0.2\bin\javafx_font.dll
0x00007ff8f34c0000 - 0x00007ff8f373f000 	C:\WINDOWS\SYSTEM32\dwrite.dll
0x00007ff916cf0000 - 0x00007ff916d9f000 	C:\WINDOWS\System32\clbcatq.dll
0x00007ff90d900000 - 0x00007ff90dab4000 	C:\WINDOWS\SYSTEM32\WindowsCodecs.dll
0x00007ff8fb770000 - 0x00007ff8fb7ae000 	C:\WINDOWS\system32\dataexchange.dll
0x00007ff911130000 - 0x00007ff911393000 	C:\WINDOWS\system32\d3d11.dll
0x00007ff911990000 - 0x00007ff911b73000 	C:\WINDOWS\system32\dcomp.dll
0x00007ff913870000 - 0x00007ff913963000 	C:\WINDOWS\system32\dxgi.dll
0x00007ff90d250000 - 0x00007ff90d450000 	C:\WINDOWS\system32\twinapi.appcore.dll
0x00007ff90c800000 - 0x00007ff90c834000 	C:\Program Files\Common Files\Microsoft Shared\Ink\rtscom.dll
0x00007ff908f60000 - 0x00007ff909059000 	C:\WINDOWS\SYSTEM32\textinputframework.dll
0x00007ff911b80000 - 0x00007ff911ede000 	C:\WINDOWS\System32\CoreUIComponents.dll
0x00007ff912260000 - 0x00007ff912352000 	C:\WINDOWS\System32\CoreMessaging.dll
0x00007ff914150000 - 0x00007ff914183000 	C:\WINDOWS\SYSTEM32\ntmarta.dll
0x00007ff910b70000 - 0x00007ff910cc4000 	C:\WINDOWS\SYSTEM32\wintypes.dll

dbghelp: loaded successfully - version: 4.0.5 - missing functions: none
symbol engine: initialized successfully - sym options: 0x614 - pdb path: .;C:\Users\37544\.jdks\openjdk-17.0.2\bin;C:\WINDOWS\SYSTEM32;C:\WINDOWS\WinSxS\amd64_microsoft.windows.common-controls_6595b64144ccf1df_6.0.19041.1110_none_60b5254171f9507e;C:\Users\37544\.jdks\openjdk-17.0.2\bin\server;C:\Users\37544\Downloads\openjfx-18.0.2_windows-x64_bin-sdk\javafx-sdk-18.0.2\bin;C:\WINDOWS\System32\DriverStore\FileRepository\u0359763.inf_amd64_cbe903b159d3b969\B359805;C:\Program Files\Common Files\Microsoft Shared\Ink

VM Arguments:
jvm_args: -agentlib:jdwp=transport=dt_socket,address=127.0.0.1:65273,suspend=y,server=n --module-path=C:\Users\37544\Downloads\openjfx-18.0.2_windows-x64_bin-sdk\javafx-sdk-18.0.2\lib --add-modules=javafx.controls,javafx.fxml -javaagent:C:\Users\37544\AppData\Local\JetBrains\IntelliJIdea2022.2\captureAgent\debugger-agent.jar -Dfile.encoding=UTF-8 
java_command: Main
java_class_path (initial): C:\Users\37544\JavaLearn\jdbc-hibernate\showroom-client\target\classes;C:\Users\37544\.m2\repository\org\openjfx\javafx-controls\18.0.1\javafx-controls-18.0.1.jar;C:\Users\37544\.m2\repository\org\openjfx\javafx-controls\18.0.1\javafx-controls-18.0.1-win.jar;C:\Users\37544\.m2\repository\org\openjfx\javafx-graphics\18.0.1\javafx-graphics-18.0.1.jar;C:\Users\37544\.m2\repository\org\openjfx\javafx-graphics\18.0.1\javafx-graphics-18.0.1-win.jar;C:\Users\37544\.m2\repository\org\openjfx\javafx-base\18.0.1\javafx-base-18.0.1.jar;C:\Users\37544\.m2\repository\org\openjfx\javafx-base\18.0.1\javafx-base-18.0.1-win.jar;C:\Users\37544\.m2\repository\org\openjfx\javafx-fxml\18.0.1\javafx-fxml-18.0.1.jar;C:\Users\37544\.m2\repository\org\openjfx\javafx-fxml\18.0.1\javafx-fxml-18.0.1-win.jar;C:\Users\37544\.m2\repository\org\json\json\20210307\json-20210307.jar;C:\Program Files\JetBrains\IntelliJ IDEA 2022.2.1\lib\idea_rt.jar
Launcher Type: SUN_STANDARD

[Global flags]
     intx CICompilerCount                          = 4                                         {product} {ergonomic}
     uint ConcGCThreads                            = 3                                         {product} {ergonomic}
     uint G1ConcRefinementThreads                  = 10                                        {product} {ergonomic}
   size_t G1HeapRegionSize                         = 1048576                                   {product} {ergonomic}
    uintx GCDrainStackTargetSize                   = 64                                        {product} {ergonomic}
   size_t InitialHeapSize                          = 123731968                                 {product} {ergonomic}
   size_t MarkStackSize                            = 4194304                                   {product} {ergonomic}
   size_t MaxHeapSize                              = 1979711488                                {product} {ergonomic}
   size_t MaxNewSize                               = 1186988032                                {product} {ergonomic}
   size_t MinHeapDeltaBytes                        = 1048576                                   {product} {ergonomic}
   size_t MinHeapSize                              = 8388608                                   {product} {ergonomic}
    uintx NonNMethodCodeHeapSize                   = 5839372                                {pd product} {ergonomic}
    uintx NonProfiledCodeHeapSize                  = 122909434                              {pd product} {ergonomic}
    uintx ProfiledCodeHeapSize                     = 122909434                              {pd product} {ergonomic}
    uintx ReservedCodeCacheSize                    = 251658240                              {pd product} {ergonomic}
     bool SegmentedCodeCache                       = true                                      {product} {ergonomic}
   size_t SoftMaxHeapSize                          = 1979711488                             {manageable} {ergonomic}
     bool UseCompressedClassPointers               = true                           {product lp64_product} {ergonomic}
     bool UseCompressedOops                        = true                           {product lp64_product} {ergonomic}
     bool UseG1GC                                  = true                                      {product} {ergonomic}
     bool UseLargePagesIndividualAllocation        = false                                  {pd product} {ergonomic}

Logging:
Log output configuration:
 #0: stdout all=off uptime,level,tags
 #1: stderr all=off uptime,level,tags

Environment Variables:
JAVA_HOME=C:\Users\37544\.jdks\openjdk-17.0.2
PATH=C:\Windows\system32;C:\Windows;C:\Windows\System32\Wbem;C:\Windows\System32\WindowsPowerShell\v1.0\;C:\Windows\System32\OpenSSH\;C:\Program Files (x86)\NVIDIA Corporation\PhysX\Common;C:\Program Files\NVIDIA Corporation\NVIDIA NvDLISR;C:\WINDOWS\system32;C:\WINDOWS;C:\WINDOWS\System32\Wbem;C:\WINDOWS\System32\WindowsPowerShell\v1.0\;C:\WINDOWS\System32\OpenSSH\;C:\Users\37544\.jdks\openjdk-17.0.2\bin;C:\Users\37544\Downloads\apache-maven-3.8.4-bin\apache-maven-3.8.4\bin;C:\Program Files\Git\cmd;c:\altera\91\quartus\bin;C:\Program Files (x86)\Rational\common;C:\Program Files\MySQL\MySQL Shell 8.0\bin\;C:\Users\37544\Downloads\apache-maven-3.8.4-bin;C:\Users\37544\AppData\Local\GitHubDesktop\bin;C:\Users\37544\AppData\Local\Programs\Microsoft VS Code\bin;C:\Users\37544\Downloads\MinGW64\MinGW64\bin;;C:\Program Files\JetBrains\IntelliJ IDEA 2022.2.1\bin;
USERNAME=37544
OS=Windows_NT
PROCESSOR_IDENTIFIER=AMD64 Family 23 Model 96 Stepping 1, AuthenticAMD



---------------  S Y S T E M  ---------------

OS:
 Windows 10 , 64 bit Build 19041 (10.0.19041.2251)
OS uptime: 5 days 19:59 hours
Hyper-V role detected

CPU: total 12 (initial active 12) (12 cores per cpu, 2 threads per core) family 23 model 96 stepping 1 microcode 0x0, cx8, cmov, fxsr, ht, mmx, 3dnowpref, sse, sse2, sse3, ssse3, sse4a, sse4.1, sse4.2, popcnt, lzcnt, tsc, tscinvbit, avx, avx2, aes, clmul, bmi1, bmi2, adx, sha, fma, vzeroupper, clflush, clflushopt, hv

Memory: 4k page, system-wide physical 7549M (1029M free)
TotalPageFile size 17277M (AvailPageFile size 3925M)
current process WorkingSet (physical memory assigned to process): 136M, peak: 170M
current process commit charge ("private bytes"): 274M, peak: 313M

vm_info: OpenJDK 64-Bit Server VM (17.0.2+8-86) for windows-amd64 JRE (17.0.2+8-86), built on Dec  7 2021 21:49:10 by "mach5one" with MS VC++ 16.8 / 16.9 (VS2019)

END.
